btc : Response Success!
btc : Save Success!
================================
eth : Response Success!
eth : Save Success!
================================
BTC : Response Success!
BTC : Save Success!
================================
ETH : Response Success!
ETH : Save Success!
================================
btc_krw : Response Success!
btc_krw : Save Success!
================================
eth_krw : Response Success!
eth_krw : Save Success!
================================
Save data finished!
2019-06-10 10:31:36
[master 7a5429a] update
 8 files changed, 124 insertions(+)
 create mode 100644 S3/RAW_DATA/bithumb/2019/06/10/BTC_1560130295536.json
 create mode 100644 S3/RAW_DATA/bithumb/2019/06/10/ETH_1560130296511.json
 create mode 100644 S3/RAW_DATA/coinone/2019/06/10/btc_1560130296.json
 create mode 100644 S3/RAW_DATA/coinone/2019/06/10/eth_1560130296.json
 create mode 100644 S3/RAW_DATA/korbit/2019/06/10/btc_krw_1560130293420.json
 create mode 100644 S3/RAW_DATA/korbit/2019/06/10/eth_krw_1560130293420.json
 create mode 100644 log/collect_20190610103134.log
To github.com:zeuslabs/dees2projectteam2.git
   107d05e..7a5429a  master -> master
2019-06-10 10:31:41
