btc : Response Success!
btc : Save Success!
================================
eth : Response Success!
eth : Save Success!
================================
BTC : Response Success!
BTC : Save Success!
================================
ETH : Response Success!
ETH : Save Success!
================================
btc_krw : Response Success!
btc_krw : Save Success!
================================
eth_krw : Response Success!
eth_krw : Save Success!
================================
Save data finished!
2019-06-09 22:22:19
[master e7857dc] update
 8 files changed, 100 insertions(+), 2 deletions(-)
 create mode 100644 S3/RAW_DATA/bithumb/2019/06/09/BTC_1560086529715.json
 create mode 100644 S3/RAW_DATA/bithumb/2019/06/09/ETH_1560086529825.json
 create mode 100644 S3/RAW_DATA/coinone/2019/06/09/btc_1560086529.json
 create mode 100644 S3/RAW_DATA/coinone/2019/06/09/eth_1560086529.json
 create mode 100644 log/collect_20190609222217.log
To github.com:zeuslabs/dees2projectteam2.git
   721f9cf..e7857dc  master -> master
2019-06-09 22:22:23
