btc : Response Success!
btc : Save Success!
================================
eth : Response Success!
eth : Save Success!
================================
BTC : Response Success!
BTC : Save Success!
================================
ETH : Response Success!
ETH : Save Success!
================================
btc_krw : Response Success!
btc_krw : Save Success!
================================
eth_krw : Response Success!
eth_krw : Save Success!
================================
Save data finished!
2019-06-10 10:25:40
[master cab48d1] update
 8 files changed, 124 insertions(+)
 create mode 100644 S3/RAW_DATA/bithumb/2019/06/10/BTC_1560129938139.json
 create mode 100644 S3/RAW_DATA/bithumb/2019/06/10/ETH_1560129939233.json
 create mode 100644 S3/RAW_DATA/coinone/2019/06/10/btc_1560129938.json
 create mode 100644 S3/RAW_DATA/coinone/2019/06/10/eth_1560129938.json
 create mode 100644 S3/RAW_DATA/korbit/2019/06/10/btc_krw_1560129934918.json
 create mode 100644 S3/RAW_DATA/korbit/2019/06/10/eth_krw_1560129934918.json
 create mode 100644 log/collect_20190610102534.log
To github.com:zeuslabs/dees2projectteam2.git
   dfd43d7..cab48d1  master -> master
2019-06-10 10:25:45
