         
#########################################################
[[start task]]
2019-06-11 14:00:53
btc : Response Success!
btc : Save Success!
================================
eth : Response Success!
eth : Save Success!
================================
BTC : Response Success!
BTC : Save Success!
================================
ETH : Response Success!
ETH : Save Success!
================================
btc_krw : Response Success!
btc_krw : Save Success!
================================
eth_krw : Response Success!
eth_krw : Save Success!
================================
Save data finished!
         
[[git run]]
2019-06-11 14:00:55
[master 8b5cfb0] auto git push
 8 files changed, 117 insertions(+), 10 deletions(-)
 create mode 100644 S3/RAW_DATA/bithumb/2019/06/11/BTC_1560229253215.json
 create mode 100644 S3/RAW_DATA/bithumb/2019/06/11/ETH_1560229253464.json
 create mode 100644 S3/RAW_DATA/coinone/2019/06/11/btc_1560229253.json
 create mode 100644 S3/RAW_DATA/coinone/2019/06/11/eth_1560229253.json
 create mode 100644 log/collect_2019061114.log
To github.com:zeuslabs/dees2projectteam2.git
   9a6f53b..8b5cfb0  master -> master
         
[[end task]]
2019-06-11 14:01:00
         
#########################################################
[[start task]]
2019-06-11 14:02:00
btc : Response Success!
btc : Save Success!
================================
eth : Response Success!
eth : Save Success!
================================
BTC : Response Success!
BTC : Save Success!
================================
ETH : Response Success!
ETH : Save Success!
================================
btc_krw : Response Success!
btc_krw : Save Success!
================================
eth_krw : Response Success!
eth_krw : Save Success!
================================
Save data finished!
         
[[git run]]
2019-06-11 14:02:02
[master a9e00c4] auto git push
 7 files changed, 130 insertions(+)
 create mode 100644 S3/RAW_DATA/bithumb/2019/06/11/BTC_1560229319950.json
 create mode 100644 S3/RAW_DATA/bithumb/2019/06/11/ETH_1560229320181.json
 create mode 100644 S3/RAW_DATA/coinone/2019/06/11/btc_1560229320.json
 create mode 100644 S3/RAW_DATA/coinone/2019/06/11/eth_1560229320.json
 create mode 100644 S3/RAW_DATA/korbit/2019/06/11/btc_krw_1560229270446.json
 create mode 100644 S3/RAW_DATA/korbit/2019/06/11/eth_krw_1560229270446.json
To github.com:zeuslabs/dees2projectteam2.git
   8b5cfb0..a9e00c4  master -> master
         
[[end task]]
2019-06-11 14:02:09
         
#########################################################
[[start task]]
2019-06-11 14:03:09
btc : Response Success!
btc : Save Success!
================================
eth : Response Success!
eth : Save Success!
================================
BTC : Response Success!
BTC : Save Success!
================================
ETH : Response Success!
ETH : Save Success!
================================
btc_krw : Response Success!
btc_krw : Save Success!
================================
eth_krw : Response Success!
eth_krw : Save Success!
================================
Save data finished!
         
[[git run]]
2019-06-11 14:03:11
[master c0d0b91] auto git push
 7 files changed, 131 insertions(+)
 create mode 100644 S3/RAW_DATA/bithumb/2019/06/11/BTC_1560229389263.json
 create mode 100644 S3/RAW_DATA/bithumb/2019/06/11/ETH_1560229389356.json
 create mode 100644 S3/RAW_DATA/coinone/2019/06/11/btc_1560229389.json
 create mode 100644 S3/RAW_DATA/coinone/2019/06/11/eth_1560229389.json
 create mode 100644 S3/RAW_DATA/korbit/2019/06/11/btc_krw_1560229354448.json
 create mode 100644 S3/RAW_DATA/korbit/2019/06/11/eth_krw_1560229354448.json
To github.com:zeuslabs/dees2projectteam2.git
   a9e00c4..c0d0b91  master -> master
         
[[end task]]
2019-06-11 14:03:16
         
#########################################################
[[start task]]
2019-06-11 14:04:16
btc : Response Success!
btc : Save Success!
================================
eth : Response Success!
eth : Save Success!
================================
BTC : Response Success!
BTC : Save Success!
================================
ETH : Response Success!
ETH : Save Success!
================================
btc_krw : Response Success!
btc_krw : Save Success!
================================
eth_krw : Response Success!
eth_krw : Save Success!
================================
Save data finished!
         
[[git run]]
2019-06-11 14:04:19
[master db61f40] auto git push
 7 files changed, 115 insertions(+), 8 deletions(-)
 create mode 100644 S3/RAW_DATA/bithumb/2019/06/11/BTC_1560229456418.json
 create mode 100644 S3/RAW_DATA/bithumb/2019/06/11/ETH_1560229456475.json
 create mode 100644 S3/RAW_DATA/coinone/2019/06/11/btc_1560229456.json
 create mode 100644 S3/RAW_DATA/coinone/2019/06/11/eth_1560229456.json
To github.com:zeuslabs/dees2projectteam2.git
   c0d0b91..db61f40  master -> master
         
[[end task]]
2019-06-11 14:04:23
         
#########################################################
[[start task]]
2019-06-11 14:05:18
btc : Response Success!
btc : Save Success!
================================
eth : Response Success!
eth : Save Success!
================================
BTC : Response Success!
BTC : Save Success!
================================
ETH : Response Success!
ETH : Save Success!
================================
btc_krw : Response Success!
btc_krw : Save Success!
================================
eth_krw : Response Success!
eth_krw : Save Success!
================================
Save data finished!
         
[[git run]]
2019-06-11 14:05:20
[master 93f7891] auto git push
 7 files changed, 129 insertions(+)
 create mode 100644 S3/RAW_DATA/bithumb/2019/06/11/BTC_1560229518443.json
 create mode 100644 S3/RAW_DATA/bithumb/2019/06/11/ETH_1560229518518.json
 create mode 100644 S3/RAW_DATA/coinone/2019/06/11/btc_1560229518.json
 create mode 100644 S3/RAW_DATA/coinone/2019/06/11/eth_1560229518.json
 create mode 100644 S3/RAW_DATA/korbit/2019/06/11/btc_krw_1560229485419.json
 create mode 100644 S3/RAW_DATA/korbit/2019/06/11/eth_krw_1560229485419.json
To github.com:zeuslabs/dees2projectteam2.git
   db61f40..93f7891  master -> master
         
[[end task]]
2019-06-11 14:05:25
         
#########################################################
[[start task]]
2019-06-11 14:06:20
btc : Response Success!
btc : Save Success!
================================
eth : Response Success!
eth : Save Success!
================================
BTC : Response Success!
BTC : Save Success!
================================
ETH : Response Success!
ETH : Save Success!
================================
btc_krw : Response Success!
btc_krw : Save Success!
================================
eth_krw : Response Success!
eth_krw : Save Success!
================================
Save data finished!
         
[[git run]]
2019-06-11 14:06:22
[master 9af79ad] auto git push
 7 files changed, 117 insertions(+), 10 deletions(-)
 create mode 100644 S3/RAW_DATA/bithumb/2019/06/11/BTC_1560229580463.json
 create mode 100644 S3/RAW_DATA/bithumb/2019/06/11/ETH_1560229580449.json
 create mode 100644 S3/RAW_DATA/coinone/2019/06/11/btc_1560229580.json
 create mode 100644 S3/RAW_DATA/coinone/2019/06/11/eth_1560229580.json
To github.com:zeuslabs/dees2projectteam2.git
   93f7891..9af79ad  master -> master
         
[[end task]]
2019-06-11 14:06:27
         
#########################################################
[[start task]]
2019-06-11 14:07:22
btc : Response Success!
btc : Save Success!
================================
eth : Response Success!
eth : Save Success!
================================
BTC : Response Success!
BTC : Save Success!
================================
ETH : Response Success!
ETH : Save Success!
================================
btc_krw : Response Success!
btc_krw : Save Success!
================================
eth_krw : Response Success!
eth_krw : Save Success!
================================
Save data finished!
         
[[git run]]
2019-06-11 14:07:25
[master 0ab18e6] auto git push
 7 files changed, 129 insertions(+)
 create mode 100644 S3/RAW_DATA/bithumb/2019/06/11/BTC_1560229642849.json
 create mode 100644 S3/RAW_DATA/bithumb/2019/06/11/ETH_1560229642993.json
 create mode 100644 S3/RAW_DATA/coinone/2019/06/11/btc_1560229642.json
 create mode 100644 S3/RAW_DATA/coinone/2019/06/11/eth_1560229642.json
 create mode 100644 S3/RAW_DATA/korbit/2019/06/11/btc_krw_1560229625566.json
 create mode 100644 S3/RAW_DATA/korbit/2019/06/11/eth_krw_1560229625566.json
To github.com:zeuslabs/dees2projectteam2.git
   9af79ad..0ab18e6  master -> master
         
[[end task]]
2019-06-11 14:07:30
         
#########################################################
[[start task]]
2019-06-11 14:08:26
btc : Response Success!
btc : Save Success!
================================
eth : Response Success!
eth : Save Success!
================================
BTC : Response Success!
BTC : Save Success!
================================
ETH : Response Success!
ETH : Save Success!
================================
btc_krw : Response Success!
btc_krw : Save Success!
================================
eth_krw : Response Success!
eth_krw : Save Success!
================================
Save data finished!
         
[[git run]]
2019-06-11 14:08:29
[master b57e362] auto git push
 7 files changed, 131 insertions(+)
 create mode 100644 S3/RAW_DATA/bithumb/2019/06/11/BTC_1560229706793.json
 create mode 100644 S3/RAW_DATA/bithumb/2019/06/11/ETH_1560229707053.json
 create mode 100644 S3/RAW_DATA/coinone/2019/06/11/btc_1560229706.json
 create mode 100644 S3/RAW_DATA/coinone/2019/06/11/eth_1560229706.json
 create mode 100644 S3/RAW_DATA/korbit/2019/06/11/btc_krw_1560229690724.json
 create mode 100644 S3/RAW_DATA/korbit/2019/06/11/eth_krw_1560229690724.json
To github.com:zeuslabs/dees2projectteam2.git
   0ab18e6..b57e362  master -> master
         
[[end task]]
2019-06-11 14:08:34
         
#########################################################
[[start task]]
2019-06-11 14:09:33
btc : Response Success!
btc : Save Success!
================================
eth : Response Success!
eth : Save Success!
================================
BTC : Response Success!
BTC : Save Success!
================================
ETH : Response Success!
ETH : Save Success!
================================
btc_krw : Response Success!
btc_krw : Save Success!
================================
eth_krw : Response Success!
eth_krw : Save Success!
================================
Save data finished!
         
[[git run]]
2019-06-11 14:09:35
[master 5c5dfd0] auto git push
 7 files changed, 131 insertions(+)
 create mode 100644 S3/RAW_DATA/bithumb/2019/06/11/BTC_1560229773398.json
 create mode 100644 S3/RAW_DATA/bithumb/2019/06/11/ETH_1560229773408.json
 create mode 100644 S3/RAW_DATA/coinone/2019/06/11/btc_1560229773.json
 create mode 100644 S3/RAW_DATA/coinone/2019/06/11/eth_1560229773.json
 create mode 100644 S3/RAW_DATA/korbit/2019/06/11/btc_krw_1560229755417.json
 create mode 100644 S3/RAW_DATA/korbit/2019/06/11/eth_krw_1560229755417.json
To github.com:zeuslabs/dees2projectteam2.git
   b57e362..5c5dfd0  master -> master
         
[[end task]]
2019-06-11 14:09:40
         
#########################################################
[[start task]]
2019-06-11 14:10:45
btc : Response Success!
btc : Save Success!
================================
eth : Response Success!
eth : Save Success!
================================
BTC : Response Success!
BTC : Save Success!
================================
ETH : Response Success!
ETH : Save Success!
================================
btc_krw : Response Success!
btc_krw : Save Success!
================================
eth_krw : Response Success!
eth_krw : Save Success!
================================
Save data finished!
         
[[git run]]
2019-06-11 14:10:47
[master 0087b1b] auto git push
 7 files changed, 131 insertions(+)
 create mode 100644 S3/RAW_DATA/bithumb/2019/06/11/BTC_1560229845733.json
 create mode 100644 S3/RAW_DATA/bithumb/2019/06/11/ETH_1560229845797.json
 create mode 100644 S3/RAW_DATA/coinone/2019/06/11/btc_1560229845.json
 create mode 100644 S3/RAW_DATA/coinone/2019/06/11/eth_1560229845.json
 create mode 100644 S3/RAW_DATA/korbit/2019/06/11/btc_krw_1560229835418.json
 create mode 100644 S3/RAW_DATA/korbit/2019/06/11/eth_krw_1560229835418.json
To github.com:zeuslabs/dees2projectteam2.git
   5c5dfd0..0087b1b  master -> master
         
[[end task]]
2019-06-11 14:10:52
         
#########################################################
[[start task]]
2019-06-11 14:11:52
btc : Response Success!
btc : Save Success!
================================
eth : Response Success!
eth : Save Success!
================================
BTC : Response Success!
BTC : Save Success!
================================
ETH : Response Success!
ETH : Save Success!
================================
btc_krw : Response Success!
btc_krw : Save Success!
================================
eth_krw : Response Success!
eth_krw : Save Success!
================================
Save data finished!
         
[[git run]]
2019-06-11 14:11:55
[master eb0c4ba] auto git push
 7 files changed, 131 insertions(+)
 create mode 100644 S3/RAW_DATA/bithumb/2019/06/11/BTC_1560229912349.json
 create mode 100644 S3/RAW_DATA/bithumb/2019/06/11/ETH_1560229912931.json
 create mode 100644 S3/RAW_DATA/coinone/2019/06/11/btc_1560229912.json
 create mode 100644 S3/RAW_DATA/coinone/2019/06/11/eth_1560229912.json
 create mode 100644 S3/RAW_DATA/korbit/2019/06/11/btc_krw_1560229873746.json
 create mode 100644 S3/RAW_DATA/korbit/2019/06/11/eth_krw_1560229873746.json
To github.com:zeuslabs/dees2projectteam2.git
   0087b1b..eb0c4ba  master -> master
         
[[end task]]
2019-06-11 14:12:00
         
#########################################################
[[start task]]
2019-06-11 14:12:59
btc : Response Success!
btc : Save Success!
================================
eth : Response Success!
eth : Save Success!
================================
BTC : Response Success!
BTC : Save Success!
================================
ETH : Response Success!
ETH : Save Success!
================================
btc_krw : Response Success!
btc_krw : Save Success!
================================
eth_krw : Response Success!
eth_krw : Save Success!
================================
Save data finished!
         
[[git run]]
2019-06-11 14:13:01
[master d8c3e2a] auto git push
 7 files changed, 115 insertions(+), 8 deletions(-)
 create mode 100644 S3/RAW_DATA/bithumb/2019/06/11/BTC_1560229979589.json
 create mode 100644 S3/RAW_DATA/bithumb/2019/06/11/ETH_1560229979665.json
 create mode 100644 S3/RAW_DATA/coinone/2019/06/11/btc_1560229979.json
 create mode 100644 S3/RAW_DATA/coinone/2019/06/11/eth_1560229979.json
To github.com:zeuslabs/dees2projectteam2.git
   eb0c4ba..d8c3e2a  master -> master
         
[[end task]]
2019-06-11 14:13:09
         
#########################################################
[[start task]]
2019-06-11 14:14:08
btc : Response Success!
btc : Save Success!
================================
eth : Response Success!
eth : Save Success!
================================
BTC : Response Success!
BTC : Save Success!
================================
ETH : Response Success!
ETH : Save Success!
================================
btc_krw : Response Success!
btc_krw : Save Success!
================================
eth_krw : Response Success!
eth_krw : Save Success!
================================
Save data finished!
         
[[git run]]
2019-06-11 14:14:11
[master 99f0a1c] auto git push
 7 files changed, 129 insertions(+)
 create mode 100644 S3/RAW_DATA/bithumb/2019/06/11/BTC_1560230048329.json
 create mode 100644 S3/RAW_DATA/bithumb/2019/06/11/ETH_1560230048600.json
 create mode 100644 S3/RAW_DATA/coinone/2019/06/11/btc_1560230047.json
 create mode 100644 S3/RAW_DATA/coinone/2019/06/11/eth_1560230048.json
 create mode 100644 S3/RAW_DATA/korbit/2019/06/11/btc_krw_1560229981916.json
 create mode 100644 S3/RAW_DATA/korbit/2019/06/11/eth_krw_1560229981916.json
To github.com:zeuslabs/dees2projectteam2.git
   d8c3e2a..99f0a1c  master -> master
         
[[end task]]
2019-06-11 14:14:16
         
#########################################################
[[start task]]
2019-06-11 14:15:18
btc : Response Success!
btc : Save Success!
================================
eth : Response Success!
eth : Save Success!
================================
BTC : Response Success!
BTC : Save Success!
================================
ETH : Response Success!
ETH : Save Success!
================================
btc_krw : Response Success!
btc_krw : Save Success!
================================
eth_krw : Response Success!
eth_krw : Save Success!
================================
Save data finished!
         
[[git run]]
2019-06-11 14:15:21
[master 22201c8] auto git push
 7 files changed, 131 insertions(+)
 create mode 100644 S3/RAW_DATA/bithumb/2019/06/11/BTC_1560230118746.json
 create mode 100644 S3/RAW_DATA/bithumb/2019/06/11/ETH_1560230118890.json
 create mode 100644 S3/RAW_DATA/coinone/2019/06/11/btc_1560230118.json
 create mode 100644 S3/RAW_DATA/coinone/2019/06/11/eth_1560230118.json
 create mode 100644 S3/RAW_DATA/korbit/2019/06/11/btc_krw_1560230115418.json
 create mode 100644 S3/RAW_DATA/korbit/2019/06/11/eth_krw_1560230115418.json
To github.com:zeuslabs/dees2projectteam2.git
   99f0a1c..22201c8  master -> master
         
[[end task]]
2019-06-11 14:15:26
         
#########################################################
[[start task]]
2019-06-11 14:16:23
btc : Response Success!
btc : Save Success!
================================
eth : Response Success!
eth : Save Success!
================================
BTC : Response Success!
BTC : Save Success!
================================
ETH : Response Success!
ETH : Save Success!
================================
btc_krw : Response Success!
btc_krw : Save Success!
================================
eth_krw : Response Success!
eth_krw : Save Success!
================================
Save data finished!
         
[[git run]]
2019-06-11 14:16:25
[master 80dc920] auto git push
 7 files changed, 131 insertions(+)
 create mode 100644 S3/RAW_DATA/bithumb/2019/06/11/BTC_1560230183185.json
 create mode 100644 S3/RAW_DATA/bithumb/2019/06/11/ETH_1560230183140.json
 create mode 100644 S3/RAW_DATA/coinone/2019/06/11/btc_1560230182.json
 create mode 100644 S3/RAW_DATA/coinone/2019/06/11/eth_1560230183.json
 create mode 100644 S3/RAW_DATA/korbit/2019/06/11/btc_krw_1560230179427.json
 create mode 100644 S3/RAW_DATA/korbit/2019/06/11/eth_krw_1560230179427.json
To github.com:zeuslabs/dees2projectteam2.git
   22201c8..80dc920  master -> master
         
[[end task]]
2019-06-11 14:16:30
         
#########################################################
[[start task]]
2019-06-11 14:17:25
btc : Response Success!
btc : Save Success!
================================
eth : Response Success!
eth : Save Success!
================================
BTC : Response Success!
BTC : Save Success!
================================
ETH : Response Success!
ETH : Save Success!
================================
btc_krw : Response Success!
btc_krw : Save Success!
================================
eth_krw : Response Success!
eth_krw : Save Success!
================================
Save data finished!
         
[[git run]]
2019-06-11 14:17:27
[master f5ef6ea] auto git push
 7 files changed, 113 insertions(+), 6 deletions(-)
 create mode 100644 S3/RAW_DATA/bithumb/2019/06/11/BTC_1560230245179.json
 create mode 100644 S3/RAW_DATA/bithumb/2019/06/11/ETH_1560230245246.json
 create mode 100644 S3/RAW_DATA/coinone/2019/06/11/btc_1560230244.json
 create mode 100644 S3/RAW_DATA/coinone/2019/06/11/eth_1560230245.json
To github.com:zeuslabs/dees2projectteam2.git
   80dc920..f5ef6ea  master -> master
         
[[end task]]
2019-06-11 14:17:32
         
#########################################################
[[start task]]
2019-06-11 14:18:26
btc : Response Success!
btc : Save Success!
================================
eth : Response Success!
eth : Save Success!
================================
BTC : Response Success!
BTC : Save Success!
================================
ETH : Response Success!
ETH : Save Success!
================================
btc_krw : Response Success!
btc_krw : Save Success!
================================
eth_krw : Response Success!
eth_krw : Save Success!
================================
Save data finished!
         
[[git run]]
2019-06-11 14:18:28
[master 4a32401] auto git push
 7 files changed, 129 insertions(+)
 create mode 100644 S3/RAW_DATA/bithumb/2019/06/11/BTC_1560230306494.json
 create mode 100644 S3/RAW_DATA/bithumb/2019/06/11/ETH_1560230306555.json
 create mode 100644 S3/RAW_DATA/coinone/2019/06/11/btc_1560230306.json
 create mode 100644 S3/RAW_DATA/coinone/2019/06/11/eth_1560230306.json
 create mode 100644 S3/RAW_DATA/korbit/2019/06/11/btc_krw_1560230305528.json
 create mode 100644 S3/RAW_DATA/korbit/2019/06/11/eth_krw_1560230305528.json
To github.com:zeuslabs/dees2projectteam2.git
   f5ef6ea..4a32401  master -> master
         
[[end task]]
2019-06-11 14:18:33
         
#########################################################
[[start task]]
2019-06-11 14:19:29
btc : Response Success!
btc : Save Success!
================================
eth : Response Success!
eth : Save Success!
================================
BTC : Response Success!
BTC : Save Success!
================================
ETH : Response Success!
ETH : Save Success!
================================
btc_krw : Response Success!
btc_krw : Save Success!
================================
eth_krw : Response Success!
eth_krw : Save Success!
================================
Save data finished!
         
[[git run]]
2019-06-11 14:19:31
[master 8aa3e21] auto git push
 7 files changed, 131 insertions(+)
 create mode 100644 S3/RAW_DATA/bithumb/2019/06/11/BTC_1560230368918.json
 create mode 100644 S3/RAW_DATA/bithumb/2019/06/11/ETH_1560230369078.json
 create mode 100644 S3/RAW_DATA/coinone/2019/06/11/btc_1560230368.json
 create mode 100644 S3/RAW_DATA/coinone/2019/06/11/eth_1560230368.json
 create mode 100644 S3/RAW_DATA/korbit/2019/06/11/btc_krw_1560230326420.json
 create mode 100644 S3/RAW_DATA/korbit/2019/06/11/eth_krw_1560230326420.json
To github.com:zeuslabs/dees2projectteam2.git
   4a32401..8aa3e21  master -> master
         
[[end task]]
2019-06-11 14:19:36
         
#########################################################
[[start task]]
2019-06-11 14:20:32
btc : Response Success!
btc : Save Success!
================================
eth : Response Success!
eth : Save Success!
================================
BTC : Response Success!
BTC : Save Success!
================================
ETH : Response Success!
ETH : Save Success!
================================
btc_krw : Response Success!
btc_krw : Save Success!
================================
eth_krw : Response Success!
eth_krw : Save Success!
================================
Save data finished!
         
[[git run]]
2019-06-11 14:20:34
[master c48fe61] auto git push
 8 files changed, 131 insertions(+)
 create mode 100644 S3/RAW_DATA/bithumb/2019/06/11/BTC_1560230431906.json
 create mode 100644 S3/RAW_DATA/bithumb/2019/06/11/ETH_1560230431952.json
 create mode 100644 S3/RAW_DATA/coinone/2019/06/11/btc_1560230431.json
 create mode 100644 S3/RAW_DATA/coinone/2019/06/11/eth_1560230431.json
 create mode 100644 S3/RAW_DATA/korbit/2019/06/11/btc_krw_1560230400080.json
 create mode 100644 S3/RAW_DATA/korbit/2019/06/11/eth_krw_1560230400080.json
 create mode 100644 bin/.collect.sh.swp
To github.com:zeuslabs/dees2projectteam2.git
   8aa3e21..c48fe61  master -> master
         
[[end task]]
2019-06-11 14:20:39
         
#########################################################
[[start task]]
2019-06-11 14:21:38
btc : Response Success!
btc : Save Success!
================================
eth : Response Success!
eth : Save Success!
================================
BTC : Response Success!
BTC : Save Success!
================================
ETH : Response Success!
ETH : Save Success!
================================
btc_krw : Response Success!
btc_krw : Save Success!
================================
eth_krw : Response Success!
eth_krw : Save Success!
================================
Save data finished!
         
[[git run]]
2019-06-11 14:21:40
[master 01a83ab] auto git push
 7 files changed, 132 insertions(+)
 create mode 100644 S3/RAW_DATA/bithumb/2019/06/11/BTC_1560230498336.json
 create mode 100644 S3/RAW_DATA/bithumb/2019/06/11/ETH_1560230498427.json
 create mode 100644 S3/RAW_DATA/coinone/2019/06/11/btc_1560230498.json
 create mode 100644 S3/RAW_DATA/coinone/2019/06/11/eth_1560230498.json
 create mode 100644 S3/RAW_DATA/korbit/2019/06/11/btc_krw_1560230453937.json
 create mode 100644 S3/RAW_DATA/korbit/2019/06/11/eth_krw_1560230453937.json
To github.com:zeuslabs/dees2projectteam2.git
   c48fe61..01a83ab  master -> master
         
[[end task]]
2019-06-11 14:21:45
         
#########################################################
[[start task]]
2019-06-11 14:22:40
btc : Response Success!
btc : Save Success!
================================
eth : Response Success!
eth : Save Success!
================================
BTC : Response Success!
BTC : Save Success!
================================
ETH : Response Success!
ETH : Save Success!
================================
btc_krw : Response Success!
btc_krw : Save Success!
================================
eth_krw : Response Success!
eth_krw : Save Success!
================================
Save data finished!
         
[[git run]]
2019-06-11 14:22:42
[master d282c90] auto git push
 7 files changed, 131 insertions(+)
 create mode 100644 S3/RAW_DATA/bithumb/2019/06/11/BTC_1560230560303.json
 create mode 100644 S3/RAW_DATA/bithumb/2019/06/11/ETH_1560230560314.json
 create mode 100644 S3/RAW_DATA/coinone/2019/06/11/btc_1560230559.json
 create mode 100644 S3/RAW_DATA/coinone/2019/06/11/eth_1560230560.json
 create mode 100644 S3/RAW_DATA/korbit/2019/06/11/btc_krw_1560230555916.json
 create mode 100644 S3/RAW_DATA/korbit/2019/06/11/eth_krw_1560230555916.json
To github.com:zeuslabs/dees2projectteam2.git
   01a83ab..d282c90  master -> master
         
[[end task]]
2019-06-11 14:22:47
         
#########################################################
[[start task]]
2019-06-11 14:23:46
btc : Response Success!
btc : Save Success!
================================
eth : Response Success!
eth : Save Success!
================================
BTC : Response Success!
BTC : Save Success!
================================
ETH : Response Success!
ETH : Save Success!
================================
btc_krw : Response Success!
btc_krw : Save Success!
================================
eth_krw : Response Success!
eth_krw : Save Success!
================================
Save data finished!
         
[[git run]]
2019-06-11 14:23:48
[master 9967803] auto git push
 7 files changed, 131 insertions(+)
 create mode 100644 S3/RAW_DATA/bithumb/2019/06/11/BTC_1560230626092.json
 create mode 100644 S3/RAW_DATA/bithumb/2019/06/11/ETH_1560230626216.json
 create mode 100644 S3/RAW_DATA/coinone/2019/06/11/btc_1560230625.json
 create mode 100644 S3/RAW_DATA/coinone/2019/06/11/eth_1560230626.json
 create mode 100644 S3/RAW_DATA/korbit/2019/06/11/btc_krw_1560230564476.json
 create mode 100644 S3/RAW_DATA/korbit/2019/06/11/eth_krw_1560230564476.json
To github.com:zeuslabs/dees2projectteam2.git
   d282c90..9967803  master -> master
         
[[end task]]
2019-06-11 14:23:53
         
#########################################################
[[start task]]
2019-06-11 14:24:58
btc : Response Success!
btc : Save Success!
================================
eth : Response Success!
eth : Save Success!
================================
BTC : Response Success!
BTC : Save Success!
================================
ETH : Response Success!
ETH : Save Success!
================================
btc_krw : Response Success!
btc_krw : Save Success!
================================
eth_krw : Response Success!
eth_krw : Save Success!
================================
Save data finished!
         
[[git run]]
2019-06-11 14:25:01
[master 680d23f] auto git push
 8 files changed, 131 insertions(+)
 create mode 100644 S3/RAW_DATA/bithumb/2019/06/11/BTC_1560230698910.json
 create mode 100644 S3/RAW_DATA/bithumb/2019/06/11/ETH_1560230698859.json
 create mode 100644 S3/RAW_DATA/coinone/2019/06/11/btc_1560230698.json
 create mode 100644 S3/RAW_DATA/coinone/2019/06/11/eth_1560230698.json
 create mode 100644 S3/RAW_DATA/korbit/2019/06/11/btc_krw_1560230680424.json
 create mode 100644 S3/RAW_DATA/korbit/2019/06/11/eth_krw_1560230680424.json
To github.com:zeuslabs/dees2projectteam2.git
   9967803..680d23f  master -> master
         
[[end task]]
2019-06-11 14:25:06
         
#########################################################
[[start task]]
2019-06-11 14:26:06
btc : Response Success!
btc : Save Success!
================================
eth : Response Success!
eth : Save Success!
================================
BTC : Response Success!
BTC : Save Success!
================================
ETH : Response Success!
ETH : Save Success!
================================
btc_krw : Response Success!
btc_krw : Save Success!
================================
eth_krw : Response Success!
eth_krw : Save Success!
================================
Save data finished!
         
[[git run]]
2019-06-11 14:26:08
[master 7281ba1] auto git push
 8 files changed, 115 insertions(+), 8 deletions(-)
 create mode 100644 S3/RAW_DATA/bithumb/2019/06/11/BTC_1560230766595.json
 create mode 100644 S3/RAW_DATA/bithumb/2019/06/11/ETH_1560230766695.json
 create mode 100644 S3/RAW_DATA/coinone/2019/06/11/btc_1560230766.json
 create mode 100644 S3/RAW_DATA/coinone/2019/06/11/eth_1560230766.json
 delete mode 100644 bin/.collect.sh.swp
To github.com:zeuslabs/dees2projectteam2.git
   680d23f..7281ba1  master -> master
         
[[end task]]
2019-06-11 14:26:13
         
#########################################################
[[start task]]
2019-06-11 14:27:09
btc : Response Success!
btc : Save Success!
================================
eth : Response Success!
eth : Save Success!
================================
BTC : Response Success!
BTC : Save Success!
================================
ETH : Response Success!
ETH : Save Success!
================================
btc_krw : Response Success!
btc_krw : Save Success!
================================
eth_krw : Response Success!
eth_krw : Save Success!
================================
Save data finished!
         
[[git run]]
2019-06-11 14:27:12
[master d0ecc67] auto git push
 7 files changed, 114 insertions(+), 8 deletions(-)
 create mode 100644 S3/RAW_DATA/bithumb/2019/06/11/BTC_1560230830274.json
 create mode 100644 S3/RAW_DATA/bithumb/2019/06/11/ETH_1560230830512.json
 create mode 100644 S3/RAW_DATA/coinone/2019/06/11/btc_1560230829.json
 create mode 100644 S3/RAW_DATA/coinone/2019/06/11/eth_1560230829.json
To github.com:zeuslabs/dees2projectteam2.git
   7281ba1..d0ecc67  master -> master
         
[[end task]]
2019-06-11 14:27:18
         
#########################################################
[[start task]]
2019-06-11 14:28:18
btc : Response Success!
btc : Save Success!
================================
eth : Response Success!
eth : Save Success!
================================
BTC : Response Success!
BTC : Save Success!
================================
ETH : Response Success!
ETH : Save Success!
================================
btc_krw : Response Success!
btc_krw : Save Success!
================================
eth_krw : Response Success!
eth_krw : Save Success!
================================
Save data finished!
         
[[git run]]
2019-06-11 14:28:21
[master 7244bc3] auto git push
 7 files changed, 113 insertions(+), 8 deletions(-)
 create mode 100644 S3/RAW_DATA/bithumb/2019/06/11/BTC_1560230899053.json
 create mode 100644 S3/RAW_DATA/bithumb/2019/06/11/ETH_1560230899156.json
 create mode 100644 S3/RAW_DATA/coinone/2019/06/11/btc_1560230898.json
 create mode 100644 S3/RAW_DATA/coinone/2019/06/11/eth_1560230898.json
To github.com:zeuslabs/dees2projectteam2.git
   d0ecc67..7244bc3  master -> master
         
[[end task]]
2019-06-11 14:28:26
         
#########################################################
[[start task]]
2019-06-11 14:29:27
btc : Response Success!
btc : Save Success!
================================
eth : Response Success!
eth : Save Success!
================================
BTC : Response Success!
BTC : Save Success!
================================
ETH : Response Success!
ETH : Save Success!
================================
btc_krw : Response Success!
btc_krw : Save Success!
================================
eth_krw : Response Success!
eth_krw : Save Success!
================================
Save data finished!
         
[[git run]]
2019-06-11 14:29:31
[master 4ca2ad4] auto git push
 7 files changed, 129 insertions(+)
 create mode 100644 S3/RAW_DATA/bithumb/2019/06/11/BTC_1560230967919.json
 create mode 100644 S3/RAW_DATA/bithumb/2019/06/11/ETH_1560230968508.json
 create mode 100644 S3/RAW_DATA/coinone/2019/06/11/btc_1560230967.json
 create mode 100644 S3/RAW_DATA/coinone/2019/06/11/eth_1560230967.json
 create mode 100644 S3/RAW_DATA/korbit/2019/06/11/btc_krw_1560230941541.json
 create mode 100644 S3/RAW_DATA/korbit/2019/06/11/eth_krw_1560230941541.json
To github.com:zeuslabs/dees2projectteam2.git
   7244bc3..4ca2ad4  master -> master
         
[[end task]]
2019-06-11 14:29:37
         
#########################################################
[[start task]]
2019-06-11 14:30:33
btc : Response Success!
btc : Save Success!
================================
eth : Response Success!
eth : Save Success!
================================
BTC : Response Success!
BTC : Save Success!
================================
ETH : Response Success!
ETH : Save Success!
================================
btc_krw : Response Success!
btc_krw : Save Success!
================================
eth_krw : Response Success!
eth_krw : Save Success!
================================
Save data finished!
         
[[git run]]
2019-06-11 14:30:37
[master 9a38e3e] auto git push
 7 files changed, 117 insertions(+), 10 deletions(-)
 create mode 100644 S3/RAW_DATA/bithumb/2019/06/11/BTC_1560231034535.json
 create mode 100644 S3/RAW_DATA/bithumb/2019/06/11/ETH_1560231034894.json
 create mode 100644 S3/RAW_DATA/coinone/2019/06/11/btc_1560231033.json
 create mode 100644 S3/RAW_DATA/coinone/2019/06/11/eth_1560231033.json
To github.com:zeuslabs/dees2projectteam2.git
   4ca2ad4..9a38e3e  master -> master
         
[[end task]]
2019-06-11 14:30:42
         
#########################################################
[[start task]]
2019-06-11 14:31:40
btc : Response Success!
btc : Save Success!
================================
eth : Response Success!
eth : Save Success!
================================
BTC : Response Success!
BTC : Save Success!
================================
ETH : Response Success!
ETH : Save Success!
================================
btc_krw : Response Success!
btc_krw : Save Success!
================================
eth_krw : Response Success!
eth_krw : Save Success!
================================
Save data finished!
         
[[git run]]
2019-06-11 14:31:42
[master e2614d8] auto git push
 7 files changed, 129 insertions(+)
 create mode 100644 S3/RAW_DATA/bithumb/2019/06/11/BTC_1560231099777.json
 create mode 100644 S3/RAW_DATA/bithumb/2019/06/11/ETH_1560231099835.json
 create mode 100644 S3/RAW_DATA/coinone/2019/06/11/btc_1560231099.json
 create mode 100644 S3/RAW_DATA/coinone/2019/06/11/eth_1560231099.json
 create mode 100644 S3/RAW_DATA/korbit/2019/06/11/btc_krw_1560231095920.json
 create mode 100644 S3/RAW_DATA/korbit/2019/06/11/eth_krw_1560231095920.json
To github.com:zeuslabs/dees2projectteam2.git
   9a38e3e..e2614d8  master -> master
         
[[end task]]
2019-06-11 14:31:46
         
#########################################################
[[start task]]
2019-06-11 14:32:41
btc : Response Success!
btc : Save Success!
================================
eth : Response Success!
eth : Save Success!
================================
BTC : Response Success!
BTC : Save Success!
================================
ETH : Response Success!
ETH : Save Success!
================================
btc_krw : Response Success!
btc_krw : Save Success!
================================
eth_krw : Response Success!
eth_krw : Save Success!
================================
Save data finished!
         
[[git run]]
2019-06-11 14:32:43
[master 075e728] auto git push
 7 files changed, 131 insertions(+)
 create mode 100644 S3/RAW_DATA/bithumb/2019/06/11/BTC_1560231161555.json
 create mode 100644 S3/RAW_DATA/bithumb/2019/06/11/ETH_1560231161671.json
 create mode 100644 S3/RAW_DATA/coinone/2019/06/11/btc_1560231161.json
 create mode 100644 S3/RAW_DATA/coinone/2019/06/11/eth_1560231160.json
 create mode 100644 S3/RAW_DATA/korbit/2019/06/11/btc_krw_1560231151918.json
 create mode 100644 S3/RAW_DATA/korbit/2019/06/11/eth_krw_1560231151918.json
To github.com:zeuslabs/dees2projectteam2.git
   e2614d8..075e728  master -> master
         
[[end task]]
2019-06-11 14:32:48
         
#########################################################
[[start task]]
2019-06-11 14:33:43
btc : Response Success!
btc : Save Success!
================================
eth : Response Success!
eth : Save Success!
================================
BTC : Response Success!
BTC : Save Success!
================================
ETH : Response Success!
ETH : Save Success!
================================
btc_krw : Response Success!
btc_krw : Save Success!
================================
eth_krw : Response Success!
eth_krw : Save Success!
================================
Save data finished!
         
[[git run]]
2019-06-11 14:33:45
[master 2130f03] auto git push
 7 files changed, 109 insertions(+), 2 deletions(-)
 create mode 100644 S3/RAW_DATA/bithumb/2019/06/11/BTC_1560231223068.json
 create mode 100644 S3/RAW_DATA/bithumb/2019/06/11/ETH_1560231223156.json
 create mode 100644 S3/RAW_DATA/coinone/2019/06/11/btc_1560231222.json
 create mode 100644 S3/RAW_DATA/coinone/2019/06/11/eth_1560231222.json
To github.com:zeuslabs/dees2projectteam2.git
   075e728..2130f03  master -> master
         
[[end task]]
2019-06-11 14:33:50
         
#########################################################
[[start task]]
2019-06-11 14:34:45
btc : Response Success!
btc : Save Success!
================================
eth : Response Success!
eth : Save Success!
================================
BTC : Response Success!
BTC : Save Success!
================================
ETH : Response Success!
ETH : Save Success!
================================
btc_krw : Response Success!
btc_krw : Save Success!
================================
eth_krw : Response Success!
eth_krw : Save Success!
================================
Save data finished!
         
[[git run]]
2019-06-11 14:34:47
[master ee91736] auto git push
 7 files changed, 129 insertions(+)
 create mode 100644 S3/RAW_DATA/bithumb/2019/06/11/BTC_1560231285579.json
 create mode 100644 S3/RAW_DATA/bithumb/2019/06/11/ETH_1560231285757.json
 create mode 100644 S3/RAW_DATA/coinone/2019/06/11/btc_1560231285.json
 create mode 100644 S3/RAW_DATA/coinone/2019/06/11/eth_1560231285.json
 create mode 100644 S3/RAW_DATA/korbit/2019/06/11/btc_krw_1560231276417.json
 create mode 100644 S3/RAW_DATA/korbit/2019/06/11/eth_krw_1560231276417.json
To github.com:zeuslabs/dees2projectteam2.git
   2130f03..ee91736  master -> master
         
[[end task]]
2019-06-11 14:34:52
         
#########################################################
[[start task]]
2019-06-11 14:35:47
btc : Response Success!
btc : Save Success!
================================
eth : Response Success!
eth : Save Success!
================================
BTC : Response Success!
BTC : Save Success!
================================
ETH : Response Success!
ETH : Save Success!
================================
btc_krw : Response Success!
btc_krw : Save Success!
================================
eth_krw : Response Success!
eth_krw : Save Success!
================================
Save data finished!
         
[[git run]]
2019-06-11 14:35:49
[master dd17fd4] auto git push
 7 files changed, 131 insertions(+)
 create mode 100644 S3/RAW_DATA/bithumb/2019/06/11/BTC_1560231346959.json
 create mode 100644 S3/RAW_DATA/bithumb/2019/06/11/ETH_1560231347017.json
 create mode 100644 S3/RAW_DATA/coinone/2019/06/11/btc_1560231346.json
 create mode 100644 S3/RAW_DATA/coinone/2019/06/11/eth_1560231346.json
 create mode 100644 S3/RAW_DATA/korbit/2019/06/11/btc_krw_1560231311418.json
 create mode 100644 S3/RAW_DATA/korbit/2019/06/11/eth_krw_1560231311418.json
To github.com:zeuslabs/dees2projectteam2.git
   ee91736..dd17fd4  master -> master
         
[[end task]]
2019-06-11 14:35:53
         
#########################################################
[[start task]]
2019-06-11 14:36:50
btc : Response Success!
btc : Save Success!
================================
eth : Response Success!
eth : Save Success!
================================
BTC : Response Success!
BTC : Save Success!
================================
ETH : Response Success!
ETH : Save Success!
================================
btc_krw : Response Success!
btc_krw : Save Success!
================================
eth_krw : Response Success!
eth_krw : Save Success!
================================
Save data finished!
         
[[git run]]
2019-06-11 14:36:51
[master d44ebad] auto git push
 7 files changed, 131 insertions(+)
 create mode 100644 S3/RAW_DATA/bithumb/2019/06/11/BTC_1560231409698.json
 create mode 100644 S3/RAW_DATA/bithumb/2019/06/11/ETH_1560231409759.json
 create mode 100644 S3/RAW_DATA/coinone/2019/06/11/btc_1560231409.json
 create mode 100644 S3/RAW_DATA/coinone/2019/06/11/eth_1560231409.json
 create mode 100644 S3/RAW_DATA/korbit/2019/06/11/btc_krw_1560231366023.json
 create mode 100644 S3/RAW_DATA/korbit/2019/06/11/eth_krw_1560231366023.json
To github.com:zeuslabs/dees2projectteam2.git
   dd17fd4..d44ebad  master -> master
         
[[end task]]
2019-06-11 14:36:56
         
#########################################################
[[start task]]
2019-06-11 14:37:52
btc : Response Success!
btc : Save Success!
================================
eth : Response Success!
eth : Save Success!
================================
BTC : Response Success!
BTC : Save Success!
================================
ETH : Response Success!
ETH : Save Success!
================================
btc_krw : Response Success!
btc_krw : Save Success!
================================
eth_krw : Response Success!
eth_krw : Save Success!
================================
Save data finished!
         
[[git run]]
2019-06-11 14:37:54
[master 30f48e5] auto git push
 7 files changed, 113 insertions(+), 6 deletions(-)
 create mode 100644 S3/RAW_DATA/bithumb/2019/06/11/BTC_1560231471832.json
 create mode 100644 S3/RAW_DATA/bithumb/2019/06/11/ETH_1560231471947.json
 create mode 100644 S3/RAW_DATA/coinone/2019/06/11/btc_1560231471.json
 create mode 100644 S3/RAW_DATA/coinone/2019/06/11/eth_1560231471.json
To github.com:zeuslabs/dees2projectteam2.git
   d44ebad..30f48e5  master -> master
         
[[end task]]
2019-06-11 14:37:59
         
#########################################################
[[start task]]
2019-06-11 14:39:00
btc : Response Success!
btc : Save Success!
================================
eth : Response Success!
eth : Save Success!
================================
BTC : Response Success!
BTC : Save Success!
================================
ETH : Response Success!
ETH : Save Success!
================================
btc_krw : Response Success!
btc_krw : Save Success!
================================
eth_krw : Response Success!
eth_krw : Save Success!
================================
Save data finished!
         
[[git run]]
2019-06-11 14:39:02
[master 59b7ae9] auto git push
 7 files changed, 109 insertions(+), 4 deletions(-)
 create mode 100644 S3/RAW_DATA/bithumb/2019/06/11/BTC_1560231539819.json
 create mode 100644 S3/RAW_DATA/bithumb/2019/06/11/ETH_1560231540096.json
 create mode 100644 S3/RAW_DATA/coinone/2019/06/11/btc_1560231539.json
 create mode 100644 S3/RAW_DATA/coinone/2019/06/11/eth_1560231539.json
To github.com:zeuslabs/dees2projectteam2.git
   30f48e5..59b7ae9  master -> master
         
[[end task]]
2019-06-11 14:39:09
         
#########################################################
[[start task]]
2019-06-11 14:40:06
btc : Response Success!
btc : Save Success!
================================
eth : Response Success!
eth : Save Success!
================================
BTC : Response Success!
BTC : Save Success!
================================
ETH : Response Success!
ETH : Save Success!
================================
btc_krw : Response Success!
btc_krw : Save Success!
================================
eth_krw : Response Success!
eth_krw : Save Success!
================================
Save data finished!
         
[[git run]]
2019-06-11 14:40:08
[master bd4a183] auto git push
 7 files changed, 129 insertions(+)
 create mode 100644 S3/RAW_DATA/bithumb/2019/06/11/BTC_1560231606226.json
 create mode 100644 S3/RAW_DATA/bithumb/2019/06/11/ETH_1560231606352.json
 create mode 100644 S3/RAW_DATA/coinone/2019/06/11/btc_1560231605.json
 create mode 100644 S3/RAW_DATA/coinone/2019/06/11/eth_1560231606.json
 create mode 100644 S3/RAW_DATA/korbit/2019/06/11/btc_krw_1560231547169.json
 create mode 100644 S3/RAW_DATA/korbit/2019/06/11/eth_krw_1560231547169.json
To github.com:zeuslabs/dees2projectteam2.git
   59b7ae9..bd4a183  master -> master
         
[[end task]]
2019-06-11 14:40:14
         
#########################################################
[[start task]]
2019-06-11 14:41:13
btc : Response Success!
btc : Save Success!
================================
eth : Response Success!
eth : Save Success!
================================
BTC : Response Success!
BTC : Save Success!
================================
ETH : Response Success!
ETH : Save Success!
================================
btc_krw : Response Success!
btc_krw : Save Success!
================================
eth_krw : Response Success!
eth_krw : Save Success!
================================
Save data finished!
         
[[git run]]
2019-06-11 14:41:15
[master bbe9ae5] auto git push
 7 files changed, 131 insertions(+)
 create mode 100644 S3/RAW_DATA/bithumb/2019/06/11/BTC_1560231673528.json
 create mode 100644 S3/RAW_DATA/bithumb/2019/06/11/ETH_1560231673621.json
 create mode 100644 S3/RAW_DATA/coinone/2019/06/11/btc_1560231673.json
 create mode 100644 S3/RAW_DATA/coinone/2019/06/11/eth_1560231673.json
 create mode 100644 S3/RAW_DATA/korbit/2019/06/11/btc_krw_1560231655919.json
 create mode 100644 S3/RAW_DATA/korbit/2019/06/11/eth_krw_1560231655919.json
To github.com:zeuslabs/dees2projectteam2.git
   bd4a183..bbe9ae5  master -> master
         
[[end task]]
2019-06-11 14:41:20
         
#########################################################
[[start task]]
2019-06-11 14:42:17
btc : Response Success!
btc : Save Success!
================================
eth : Response Success!
eth : Save Success!
================================
BTC : Response Success!
BTC : Save Success!
================================
ETH : Response Success!
ETH : Save Success!
================================
btc_krw : Response Success!
btc_krw : Save Success!
================================
eth_krw : Response Success!
eth_krw : Save Success!
================================
Save data finished!
         
[[git run]]
2019-06-11 14:42:19
[master 354e484] auto git push
 7 files changed, 117 insertions(+), 10 deletions(-)
 create mode 100644 S3/RAW_DATA/bithumb/2019/06/11/BTC_1560231736926.json
 create mode 100644 S3/RAW_DATA/bithumb/2019/06/11/ETH_1560231736908.json
 create mode 100644 S3/RAW_DATA/coinone/2019/06/11/btc_1560231736.json
 create mode 100644 S3/RAW_DATA/coinone/2019/06/11/eth_1560231736.json
To github.com:zeuslabs/dees2projectteam2.git
   bbe9ae5..354e484  master -> master
         
[[end task]]
2019-06-11 14:42:24
         
#########################################################
[[start task]]
2019-06-11 14:43:26
btc : Response Success!
btc : Save Success!
================================
eth : Response Success!
eth : Save Success!
================================
BTC : Response Success!
BTC : Save Success!
================================
ETH : Response Success!
ETH : Save Success!
================================
btc_krw : Response Success!
btc_krw : Save Success!
================================
eth_krw : Response Success!
eth_krw : Save Success!
================================
Save data finished!
         
[[git run]]
2019-06-11 14:43:29
[master 7be37e9] auto git push
 7 files changed, 107 insertions(+), 2 deletions(-)
 create mode 100644 S3/RAW_DATA/bithumb/2019/06/11/BTC_1560231807571.json
 create mode 100644 S3/RAW_DATA/bithumb/2019/06/11/ETH_1560231807731.json
 create mode 100644 S3/RAW_DATA/coinone/2019/06/11/btc_1560231807.json
 create mode 100644 S3/RAW_DATA/coinone/2019/06/11/eth_1560231807.json
To github.com:zeuslabs/dees2projectteam2.git
   354e484..7be37e9  master -> master
         
[[end task]]
2019-06-11 14:43:34
         
#########################################################
[[start task]]
2019-06-11 14:44:38
btc : Response Success!
btc : Save Success!
================================
eth : Response Success!
eth : Save Success!
================================
BTC : Response Success!
BTC : Save Success!
================================
ETH : Response Success!
ETH : Save Success!
================================
btc_krw : Response Success!
btc_krw : Save Success!
================================
eth_krw : Response Success!
eth_krw : Save Success!
================================
Save data finished!
         
[[git run]]
2019-06-11 14:44:42
[master 984e8c0] auto git push
 7 files changed, 115 insertions(+), 10 deletions(-)
 create mode 100644 S3/RAW_DATA/bithumb/2019/06/11/BTC_1560231879937.json
 create mode 100644 S3/RAW_DATA/bithumb/2019/06/11/ETH_1560231880045.json
 create mode 100644 S3/RAW_DATA/coinone/2019/06/11/btc_1560231879.json
 create mode 100644 S3/RAW_DATA/coinone/2019/06/11/eth_1560231879.json
To github.com:zeuslabs/dees2projectteam2.git
   7be37e9..984e8c0  master -> master
         
[[end task]]
2019-06-11 14:44:47
         
#########################################################
[[start task]]
2019-06-11 14:45:49
btc : Response Success!
btc : Save Success!
================================
eth : Response Success!
eth : Save Success!
================================
BTC : Response Success!
BTC : Save Success!
================================
ETH : Response Success!
ETH : Save Success!
================================
btc_krw : Response Success!
btc_krw : Save Success!
================================
eth_krw : Response Success!
eth_krw : Save Success!
================================
Save data finished!
         
[[git run]]
2019-06-11 14:45:51
[master 871cede] auto git push
 7 files changed, 107 insertions(+), 2 deletions(-)
 create mode 100644 S3/RAW_DATA/bithumb/2019/06/11/BTC_1560231949499.json
 create mode 100644 S3/RAW_DATA/bithumb/2019/06/11/ETH_1560231949635.json
 create mode 100644 S3/RAW_DATA/coinone/2019/06/11/btc_1560231949.json
 create mode 100644 S3/RAW_DATA/coinone/2019/06/11/eth_1560231949.json
To github.com:zeuslabs/dees2projectteam2.git
   984e8c0..871cede  master -> master
         
[[end task]]
2019-06-11 14:45:56
         
#########################################################
[[start task]]
2019-06-11 14:46:55
btc : Response Success!
btc : Save Success!
================================
eth : Response Success!
eth : Save Success!
================================
BTC : Response Success!
BTC : Save Success!
================================
ETH : Response Success!
ETH : Save Success!
================================
btc_krw : Response Success!
btc_krw : Save Success!
================================
eth_krw : Response Success!
eth_krw : Save Success!
================================
Save data finished!
         
[[git run]]
2019-06-11 14:46:56
[master 3b8a901] auto git push
 5 files changed, 105 insertions(+)
 create mode 100644 S3/RAW_DATA/bithumb/2019/06/11/BTC_1560232014612.json
 create mode 100644 S3/RAW_DATA/bithumb/2019/06/11/ETH_1560232014754.json
 create mode 100644 S3/RAW_DATA/coinone/2019/06/11/btc_1560232014.json
 create mode 100644 S3/RAW_DATA/coinone/2019/06/11/eth_1560232014.json
To github.com:zeuslabs/dees2projectteam2.git
   871cede..3b8a901  master -> master
         
[[end task]]
2019-06-11 14:47:01
         
#########################################################
[[start task]]
2019-06-11 14:47:57
btc : Response Success!
btc : Save Success!
================================
eth : Response Success!
eth : Save Success!
================================
BTC : Response Success!
BTC : Save Success!
================================
ETH : Response Success!
ETH : Save Success!
================================
btc_krw : Response Success!
btc_krw : Save Success!
================================
eth_krw : Response Success!
eth_krw : Save Success!
================================
Save data finished!
         
[[git run]]
2019-06-11 14:47:59
[master 9161f55] auto git push
 5 files changed, 105 insertions(+)
 create mode 100644 S3/RAW_DATA/bithumb/2019/06/11/BTC_1560232077432.json
 create mode 100644 S3/RAW_DATA/bithumb/2019/06/11/ETH_1560232077489.json
 create mode 100644 S3/RAW_DATA/coinone/2019/06/11/btc_1560232077.json
 create mode 100644 S3/RAW_DATA/coinone/2019/06/11/eth_1560232077.json
To github.com:zeuslabs/dees2projectteam2.git
   3b8a901..9161f55  master -> master
         
[[end task]]
2019-06-11 14:48:04
         
#########################################################
[[start task]]
2019-06-11 14:49:03
btc : Response Success!
btc : Save Success!
================================
eth : Response Success!
eth : Save Success!
================================
BTC : Response Success!
BTC : Save Success!
================================
ETH : Response Success!
ETH : Save Success!
================================
btc_krw : Response Success!
btc_krw : Save Success!
================================
eth_krw : Response Success!
eth_krw : Save Success!
================================
Save data finished!
         
[[git run]]
2019-06-11 14:49:05
[master efb42c3] auto git push
 7 files changed, 107 insertions(+), 2 deletions(-)
 create mode 100644 S3/RAW_DATA/bithumb/2019/06/11/BTC_1560232143394.json
 create mode 100644 S3/RAW_DATA/bithumb/2019/06/11/ETH_1560232143484.json
 create mode 100644 S3/RAW_DATA/coinone/2019/06/11/btc_1560232143.json
 create mode 100644 S3/RAW_DATA/coinone/2019/06/11/eth_1560232143.json
To github.com:zeuslabs/dees2projectteam2.git
   9161f55..efb42c3  master -> master
         
[[end task]]
2019-06-11 14:49:11
         
#########################################################
[[start task]]
2019-06-11 14:50:10
btc : Response Success!
btc : Save Success!
================================
eth : Response Success!
eth : Save Success!
================================
BTC : Response Success!
BTC : Save Success!
================================
ETH : Response Success!
ETH : Save Success!
================================
btc_krw : Response Success!
btc_krw : Save Success!
================================
eth_krw : Response Success!
eth_krw : Save Success!
================================
Save data finished!
         
[[git run]]
2019-06-11 14:50:13
