btc : Response Success!
btc : Save Success!
================================
eth : Response Success!
eth : Save Success!
================================
BTC : Response Success!
BTC : Save Success!
================================
ETH : Response Success!
ETH : Save Success!
================================
btc_krw : Response Success!
btc_krw : Save Success!
================================
eth_krw : Response Success!
eth_krw : Save Success!
================================
Save data finished!
2019-06-09 04:43:42
[master 2b5331b] update
 8 files changed, 102 insertions(+), 2 deletions(-)
 create mode 100644 S3/RAW_DATA/bithumb/2019/06/09/BTC_1560023014013.json
 create mode 100644 S3/RAW_DATA/bithumb/2019/06/09/ETH_1560023014118.json
 create mode 100644 S3/RAW_DATA/coinone/2019/06/09/btc_1560023014.json
 create mode 100644 S3/RAW_DATA/coinone/2019/06/09/eth_1560023014.json
 create mode 100644 log/collect_20190609044337.log
To github.com:zeuslabs/dees2projectteam2.git
   850073f..2b5331b  master -> master
2019-06-09 04:43:47
