         
#########################################################
[[start task]]
2019-06-11 09:05:39
btc : Response Success!
btc : Save Success!
================================
eth : Response Success!
eth : Save Success!
================================
BTC : Response Success!
make folder
BTC : Save Success!
================================
ETH : Response Success!
ETH : Save Success!
================================
btc_krw : Response Success!
btc_krw : Save Success!
================================
eth_krw : Response Success!
eth_krw : Save Success!
================================
Save data finished!
         
[[git run]]
2019-06-11 09:05:42
[master c9d5dcd] auto git push
 8 files changed, 130 insertions(+)
 create mode 100644 S3/RAW_DATA/bithumb/2019/06/11/BTC_1560211540755.json
 create mode 100644 S3/RAW_DATA/bithumb/2019/06/11/ETH_1560211540841.json
 create mode 100644 S3/RAW_DATA/coinone/2019/06/11/btc_1560211540.json
 create mode 100644 S3/RAW_DATA/coinone/2019/06/11/eth_1560211540.json
 create mode 100644 S3/RAW_DATA/korbit/2019/06/11/btc_krw_1560211483413.json
 create mode 100644 S3/RAW_DATA/korbit/2019/06/11/eth_krw_1560211483413.json
 create mode 100644 log/collect_2019061109.log
To github.com:zeuslabs/dees2projectteam2.git
   94544d5..c9d5dcd  master -> master
         
[[end task]]
2019-06-11 09:05:47
         
#########################################################
[[start task]]
2019-06-11 09:06:51
btc : Response Success!
btc : Save Success!
================================
eth : Response Success!
eth : Save Success!
================================
BTC : Response Success!
BTC : Save Success!
================================
ETH : Response Success!
ETH : Save Success!
================================
btc_krw : Response Success!
btc_krw : Save Success!
================================
eth_krw : Response Success!
eth_krw : Save Success!
================================
Save data finished!
         
[[git run]]
2019-06-11 09:06:54
[master 22b0142] auto git push
 7 files changed, 132 insertions(+)
 create mode 100644 S3/RAW_DATA/bithumb/2019/06/11/BTC_1560211612182.json
 create mode 100644 S3/RAW_DATA/bithumb/2019/06/11/ETH_1560211612350.json
 create mode 100644 S3/RAW_DATA/coinone/2019/06/11/btc_1560211611.json
 create mode 100644 S3/RAW_DATA/coinone/2019/06/11/eth_1560211612.json
 create mode 100644 S3/RAW_DATA/korbit/2019/06/11/btc_krw_1560211611529.json
 create mode 100644 S3/RAW_DATA/korbit/2019/06/11/eth_krw_1560211611529.json
To github.com:zeuslabs/dees2projectteam2.git
   c9d5dcd..22b0142  master -> master
         
[[end task]]
2019-06-11 09:06:59
         
#########################################################
[[start task]]
2019-06-11 09:08:00
btc : Response Success!
btc : Save Success!
================================
eth : Response Success!
eth : Save Success!
================================
BTC : Response Success!
BTC : Save Success!
================================
ETH : Response Success!
ETH : Save Success!
================================
btc_krw : Response Success!
btc_krw : Save Success!
================================
eth_krw : Response Success!
eth_krw : Save Success!
================================
Save data finished!
         
[[git run]]
2019-06-11 09:08:03
[master 738298c] auto git push
 7 files changed, 131 insertions(+)
 create mode 100644 S3/RAW_DATA/bithumb/2019/06/11/BTC_1560211681359.json
 create mode 100644 S3/RAW_DATA/bithumb/2019/06/11/ETH_1560211681443.json
 create mode 100644 S3/RAW_DATA/coinone/2019/06/11/btc_1560211681.json
 create mode 100644 S3/RAW_DATA/coinone/2019/06/11/eth_1560211681.json
 create mode 100644 S3/RAW_DATA/korbit/2019/06/11/btc_krw_1560211660418.json
 create mode 100644 S3/RAW_DATA/korbit/2019/06/11/eth_krw_1560211660418.json
To github.com:zeuslabs/dees2projectteam2.git
   22b0142..738298c  master -> master
         
[[end task]]
2019-06-11 09:08:09
         
#########################################################
[[start task]]
2019-06-11 09:09:11
btc : Response Success!
btc : Save Success!
================================
eth : Response Success!
eth : Save Success!
================================
BTC : Response Success!
BTC : Save Success!
================================
ETH : Response Success!
ETH : Save Success!
================================
btc_krw : Response Success!
btc_krw : Save Success!
================================
eth_krw : Response Success!
eth_krw : Save Success!
================================
Save data finished!
         
[[git run]]
2019-06-11 09:09:13
[master 1a2bf61] auto git push
 7 files changed, 131 insertions(+)
 create mode 100644 S3/RAW_DATA/bithumb/2019/06/11/BTC_1560211751508.json
 create mode 100644 S3/RAW_DATA/bithumb/2019/06/11/ETH_1560211751546.json
 create mode 100644 S3/RAW_DATA/coinone/2019/06/11/btc_1560211751.json
 create mode 100644 S3/RAW_DATA/coinone/2019/06/11/eth_1560211751.json
 create mode 100644 S3/RAW_DATA/korbit/2019/06/11/btc_krw_1560211749914.json
 create mode 100644 S3/RAW_DATA/korbit/2019/06/11/eth_krw_1560211749914.json
To github.com:zeuslabs/dees2projectteam2.git
   738298c..1a2bf61  master -> master
         
[[end task]]
2019-06-11 09:09:17
         
#########################################################
[[start task]]
2019-06-11 09:10:20
btc : Response Success!
btc : Save Success!
================================
eth : Response Success!
eth : Save Success!
================================
BTC : Response Success!
BTC : Save Success!
================================
ETH : Response Success!
ETH : Save Success!
================================
btc_krw : Response Success!
btc_krw : Save Success!
================================
eth_krw : Response Success!
eth_krw : Save Success!
================================
Save data finished!
         
[[git run]]
2019-06-11 09:10:22
[master 638a3a0] auto git push
 7 files changed, 131 insertions(+)
 create mode 100644 S3/RAW_DATA/bithumb/2019/06/11/BTC_1560211820569.json
 create mode 100644 S3/RAW_DATA/bithumb/2019/06/11/ETH_1560211820547.json
 create mode 100644 S3/RAW_DATA/coinone/2019/06/11/btc_1560211820.json
 create mode 100644 S3/RAW_DATA/coinone/2019/06/11/eth_1560211820.json
 create mode 100644 S3/RAW_DATA/korbit/2019/06/11/btc_krw_1560211819007.json
 create mode 100644 S3/RAW_DATA/korbit/2019/06/11/eth_krw_1560211816422.json
To github.com:zeuslabs/dees2projectteam2.git
   1a2bf61..638a3a0  master -> master
         
[[end task]]
2019-06-11 09:10:27
         
#########################################################
[[start task]]
2019-06-11 09:11:37
btc : Response Success!
btc : Save Success!
================================
eth : Response Success!
eth : Save Success!
================================
BTC : Response Success!
BTC : Save Success!
================================
ETH : Response Success!
ETH : Save Success!
================================
btc_krw : Response Success!
btc_krw : Save Success!
================================
eth_krw : Response Success!
eth_krw : Save Success!
================================
Save data finished!
         
[[git run]]
2019-06-11 09:11:40
[master a9cfcce] auto git push
 7 files changed, 131 insertions(+)
 create mode 100644 S3/RAW_DATA/bithumb/2019/06/11/BTC_1560211898157.json
 create mode 100644 S3/RAW_DATA/bithumb/2019/06/11/ETH_1560211898228.json
 create mode 100644 S3/RAW_DATA/coinone/2019/06/11/btc_1560211898.json
 create mode 100644 S3/RAW_DATA/coinone/2019/06/11/eth_1560211898.json
 create mode 100644 S3/RAW_DATA/korbit/2019/06/11/btc_krw_1560211860460.json
 create mode 100644 S3/RAW_DATA/korbit/2019/06/11/eth_krw_1560211860460.json
To github.com:zeuslabs/dees2projectteam2.git
   638a3a0..a9cfcce  master -> master
         
[[end task]]
2019-06-11 09:11:44
         
#########################################################
[[start task]]
2019-06-11 09:12:46
btc : Response Success!
btc : Save Success!
================================
eth : Response Success!
eth : Save Success!
================================
BTC : Response Success!
BTC : Save Success!
================================
ETH : Response Success!
ETH : Save Success!
================================
btc_krw : Response Success!
btc_krw : Save Success!
================================
eth_krw : Response Success!
eth_krw : Save Success!
================================
Save data finished!
         
[[git run]]
2019-06-11 09:12:48
[master c66241a] auto git push
 7 files changed, 111 insertions(+), 4 deletions(-)
 create mode 100644 S3/RAW_DATA/bithumb/2019/06/11/BTC_1560211966631.json
 create mode 100644 S3/RAW_DATA/bithumb/2019/06/11/ETH_1560211966780.json
 create mode 100644 S3/RAW_DATA/coinone/2019/06/11/btc_1560211966.json
 create mode 100644 S3/RAW_DATA/coinone/2019/06/11/eth_1560211966.json
To github.com:zeuslabs/dees2projectteam2.git
   a9cfcce..c66241a  master -> master
         
[[end task]]
2019-06-11 09:12:53
         
#########################################################
[[start task]]
2019-06-11 09:13:53
btc : Response Success!
btc : Save Success!
================================
eth : Response Success!
eth : Save Success!
================================
BTC : Response Success!
BTC : Save Success!
================================
ETH : Response Success!
ETH : Save Success!
================================
btc_krw : Response Success!
btc_krw : Save Success!
================================
eth_krw : Response Success!
eth_krw : Save Success!
================================
Save data finished!
         
[[git run]]
2019-06-11 09:13:56
[master b2797f9] auto git push
 7 files changed, 129 insertions(+)
 create mode 100644 S3/RAW_DATA/bithumb/2019/06/11/BTC_1560212033723.json
 create mode 100644 S3/RAW_DATA/bithumb/2019/06/11/ETH_1560212033980.json
 create mode 100644 S3/RAW_DATA/coinone/2019/06/11/btc_1560212033.json
 create mode 100644 S3/RAW_DATA/coinone/2019/06/11/eth_1560212033.json
 create mode 100644 S3/RAW_DATA/korbit/2019/06/11/btc_krw_1560212002428.json
 create mode 100644 S3/RAW_DATA/korbit/2019/06/11/eth_krw_1560212002428.json
To github.com:zeuslabs/dees2projectteam2.git
   c66241a..b2797f9  master -> master
         
[[end task]]
2019-06-11 09:14:01
         
#########################################################
[[start task]]
2019-06-11 09:15:01
btc : Response Success!
btc : Save Success!
================================
eth : Response Success!
eth : Save Success!
================================
BTC : Response Success!
BTC : Save Success!
================================
ETH : Response Success!
ETH : Save Success!
================================
btc_krw : Response Success!
btc_krw : Save Success!
================================
eth_krw : Response Success!
eth_krw : Save Success!
================================
Save data finished!
         
[[git run]]
2019-06-11 09:15:03
[master 3d4aef3] auto git push
 7 files changed, 117 insertions(+), 10 deletions(-)
 create mode 100644 S3/RAW_DATA/bithumb/2019/06/11/BTC_1560212101118.json
 create mode 100644 S3/RAW_DATA/bithumb/2019/06/11/ETH_1560212101221.json
 create mode 100644 S3/RAW_DATA/coinone/2019/06/11/btc_1560212100.json
 create mode 100644 S3/RAW_DATA/coinone/2019/06/11/eth_1560212101.json
To github.com:zeuslabs/dees2projectteam2.git
   b2797f9..3d4aef3  master -> master
         
[[end task]]
2019-06-11 09:15:10
         
#########################################################
[[start task]]
2019-06-11 09:16:08
btc : Response Success!
btc : Save Success!
================================
eth : Response Success!
eth : Save Success!
================================
BTC : Response Success!
BTC : Save Success!
================================
ETH : Response Success!
ETH : Save Success!
================================
btc_krw : Response Success!
btc_krw : Save Success!
================================
eth_krw : Response Success!
eth_krw : Save Success!
================================
Save data finished!
         
[[git run]]
2019-06-11 09:16:10
