#########################################################
[[start task]]
2019-06-10 10:57:47
btc : Response Success!
btc : Save Success!
================================
eth : Response Success!
eth : Save Success!
================================
BTC : Response Success!
BTC : Save Success!
================================
ETH : Response Success!
ETH : Save Success!
================================
btc_krw : Response Success!
btc_krw : Save Success!
================================
eth_krw : Response Success!
eth_krw : Save Success!
================================
Save data finished!
         
[[git run]]
2019-06-10 10:57:50
[master a2f06bc] auto git push
 8 files changed, 114 insertions(+), 5 deletions(-)
 create mode 100644 S3/RAW_DATA/bithumb/2019/06/10/BTC_1560131868593.json
 create mode 100644 S3/RAW_DATA/bithumb/2019/06/10/ETH_1560131869623.json
 create mode 100644 S3/RAW_DATA/coinone/2019/06/10/btc_1560131869.json
 create mode 100644 S3/RAW_DATA/coinone/2019/06/10/eth_1560131869.json
To github.com:zeuslabs/dees2projectteam2.git
   c6aa80c..a2f06bc  master -> master
         
[[end task]]
2019-06-10 10:57:55
         
#########################################################
[[start task]]
2019-06-10 10:58:56
btc : Response Success!
btc : Save Success!
================================
eth : Response Success!
eth : Save Success!
================================
BTC : Response Success!
BTC : Save Success!
================================
ETH : Response Success!
ETH : Save Success!
================================
btc_krw : Response Success!
btc_krw : Save Success!
================================
eth_krw : Response Success!
eth_krw : Save Success!
================================
Save data finished!
         
[[git run]]
2019-06-10 10:58:58
