         
#########################################################
[[start task]]
2019-06-12 12:07:48
btc : Response Success!
btc : Save Success!
================================
eth : Response Success!
eth : Save Success!
================================
BTC : Response Success!
BTC : Save Success!
================================
ETH : Response Success!
ETH : Save Success!
================================
btc_krw : Response Success!
btc_krw : Save Success!
================================
eth_krw : Response Success!
eth_krw : Save Success!
================================
Save data finished!
         
[[git run]]
2019-06-12 12:07:50
[master ed22c1f0] auto git push
 8 files changed, 131 insertions(+)
 create mode 100644 S3/RAW_DATA/bithumb/2019/06/12/BTC_1560308866212.json
 create mode 100644 S3/RAW_DATA/bithumb/2019/06/12/ETH_1560308866274.json
 create mode 100644 S3/RAW_DATA/coinone/2019/06/12/btc_1560308867.json
 create mode 100644 S3/RAW_DATA/coinone/2019/06/12/eth_1560308867.json
 create mode 100644 S3/RAW_DATA/korbit/2019/06/12/btc_krw_1560308819992.json
 create mode 100644 S3/RAW_DATA/korbit/2019/06/12/eth_krw_1560308819992.json
 create mode 100644 log/collect_2019061212.log
To github.com:zeuslabs/dees2projectteam2.git
   483cfa68..ed22c1f0  master -> master
         
[[end task]]
2019-06-12 12:07:56
         
#########################################################
[[start task]]
2019-06-12 12:08:55
btc : Response Success!
btc : Save Success!
================================
eth : Response Success!
eth : Save Success!
================================
BTC : Response Success!
BTC : Save Success!
================================
ETH : Response Success!
ETH : Save Success!
================================
btc_krw : Response Success!
btc_krw : Save Success!
================================
eth_krw : Response Success!
eth_krw : Save Success!
================================
Save data finished!
         
[[git run]]
2019-06-12 12:08:57
