         
#########################################################
[[start task]]
2019-06-11 22:56:50
btc : Response Success!
btc : Save Success!
================================
eth : Response Success!
eth : Save Success!
================================
BTC : Response Success!
BTC : Save Success!
================================
ETH : Response Success!
ETH : Save Success!
================================
btc_krw : Response Success!
btc_krw : Save Success!
================================
eth_krw : Response Success!
eth_krw : Save Success!
================================
Save data finished!
         
[[git run]]
2019-06-11 22:56:54
[master e998d13] auto git push
 8 files changed, 129 insertions(+)
 create mode 100644 S3/RAW_DATA/bithumb/2019/06/11/BTC_1560261411709.json
 create mode 100644 S3/RAW_DATA/bithumb/2019/06/11/ETH_1560261411500.json
 create mode 100644 S3/RAW_DATA/coinone/2019/06/11/btc_1560261411.json
 create mode 100644 S3/RAW_DATA/coinone/2019/06/11/eth_1560261411.json
 create mode 100644 S3/RAW_DATA/korbit/2019/06/11/btc_krw_1560261134911.json
 create mode 100644 S3/RAW_DATA/korbit/2019/06/11/eth_krw_1560261134911.json
 create mode 100644 log/collect_2019061122.log
To github.com:zeuslabs/dees2projectteam2.git
   38eccd6..e998d13  master -> master
         
[[end task]]
2019-06-11 22:57:02
         
#########################################################
[[start task]]
2019-06-11 22:58:05
btc : Response Success!
btc : Save Success!
================================
eth : Response Success!
eth : Save Success!
================================
BTC : Response Success!
BTC : Save Success!
================================
ETH : Response Success!
ETH : Save Success!
================================
btc_krw : Response Success!
btc_krw : Save Success!
================================
eth_krw : Response Success!
eth_krw : Save Success!
================================
Save data finished!
         
[[git run]]
2019-06-11 22:58:10
