         
#########################################################
[[start task]]
2019-06-10 17:00:39
btc : Response Success!
btc : Save Success!
================================
eth : Response Success!
eth : Save Success!
================================
BTC : Response Success!
BTC : Save Success!
================================
ETH : Response Success!
ETH : Save Success!
================================
btc_krw : Response Success!
btc_krw : Save Success!
================================
eth_krw : Response Success!
eth_krw : Save Success!
================================
Save data finished!
         
[[git run]]
2019-06-10 17:00:41
[master 11471f1] auto git push
 8 files changed, 131 insertions(+)
 create mode 100644 S3/RAW_DATA/bithumb/2019/06/10/BTC_1560153640523.json
 create mode 100644 S3/RAW_DATA/bithumb/2019/06/10/ETH_1560153640562.json
 create mode 100644 S3/RAW_DATA/coinone/2019/06/10/btc_1560153640.json
 create mode 100644 S3/RAW_DATA/coinone/2019/06/10/eth_1560153640.json
 create mode 100644 S3/RAW_DATA/korbit/2019/06/10/btc_krw_1560153619528.json
 create mode 100644 S3/RAW_DATA/korbit/2019/06/10/eth_krw_1560153619528.json
 create mode 100644 log/collect_2019061017.log
To github.com:zeuslabs/dees2projectteam2.git
   ee00065..11471f1  master -> master
         
[[end task]]
2019-06-10 17:00:45
         
#########################################################
[[start task]]
2019-06-10 17:01:43
btc : Response Success!
btc : Save Success!
================================
eth : Response Success!
eth : Save Success!
================================
BTC : Response Success!
BTC : Save Success!
================================
ETH : Response Success!
ETH : Save Success!
================================
btc_krw : Response Success!
btc_krw : Save Success!
================================
eth_krw : Response Success!
eth_krw : Save Success!
================================
Save data finished!
         
[[git run]]
2019-06-10 17:01:45
