btc : Response Success!
btc : Save Success!
================================
eth : Response Success!
eth : Save Success!
================================
BTC : Response Success!
BTC : Save Success!
================================
ETH : Response Success!
ETH : Save Success!
================================
btc_krw : Response Success!
btc_krw : Save Success!
================================
eth_krw : Response Success!
eth_krw : Save Success!
================================
Save data finished!
2019-06-09 21:30:11
[master 4575573] update
 8 files changed, 122 insertions(+)
 create mode 100644 S3/RAW_DATA/bithumb/2019/06/09/BTC_1560083402217.json
 create mode 100644 S3/RAW_DATA/bithumb/2019/06/09/ETH_1560083402347.json
 create mode 100644 S3/RAW_DATA/coinone/2019/06/09/btc_1560083402.json
 create mode 100644 S3/RAW_DATA/coinone/2019/06/09/eth_1560083402.json
 create mode 100644 S3/RAW_DATA/korbit/2019/06/09/btc_krw_1560083400447.json
 create mode 100644 S3/RAW_DATA/korbit/2019/06/09/eth_krw_1560083400447.json
 create mode 100644 log/collect_20190609213009.log
To github.com:zeuslabs/dees2projectteam2.git
   2b5331b..4575573  master -> master
2019-06-09 21:30:21
