         
#########################################################
[[start task]]
2019-06-14 18:01:20
btc : Response Success!
btc : Save Success!
================================
eth : Response Success!
eth : Save Success!
================================
BTC : Response Success!
BTC : Save Success!
================================
ETH : Response Success!
ETH : Save Success!
================================
btc_krw : Response Success!
btc_krw : Save Success!
================================
eth_krw : Response Success!
eth_krw : Save Success!
================================
Save data finished!
         
[[git run]]
2019-06-14 18:01:23
[master 4204ffe3] auto git push
 8 files changed, 131 insertions(+)
 create mode 100644 S3/RAW_DATA/bithumb/2019/06/14/BTC_1560502883082.json
 create mode 100644 S3/RAW_DATA/bithumb/2019/06/14/ETH_1560502883191.json
 create mode 100644 S3/RAW_DATA/coinone/2019/06/14/btc_1560502882.json
 create mode 100644 S3/RAW_DATA/coinone/2019/06/14/eth_1560502883.json
 create mode 100644 S3/RAW_DATA/korbit/2019/06/14/btc_krw_1560502882918.json
 create mode 100644 S3/RAW_DATA/korbit/2019/06/14/eth_krw_1560502871445.json
 create mode 100644 log/collect_2019061418.log
To github.com:zeuslabs/dees2projectteam2.git
   bdaf379a..4204ffe3  master -> master
         
[[end task]]
2019-06-14 18:01:30
         
#########################################################
[[start task]]
2019-06-14 18:02:40
btc : Response Success!
btc : Save Success!
================================
eth : Response Success!
eth : Save Success!
================================
BTC : Response Success!
BTC : Save Success!
================================
ETH : Response Success!
ETH : Save Success!
================================
btc_krw : Response Success!
btc_krw : Save Success!
================================
eth_krw : Response Success!
eth_krw : Save Success!
================================
Save data finished!
         
[[git run]]
2019-06-14 18:02:44
[master 0076d9fb] auto git push
 7 files changed, 132 insertions(+)
 create mode 100644 S3/RAW_DATA/bithumb/2019/06/14/BTC_1560502964115.json
 create mode 100644 S3/RAW_DATA/bithumb/2019/06/14/ETH_1560502964200.json
 create mode 100644 S3/RAW_DATA/coinone/2019/06/14/btc_1560502964.json
 create mode 100644 S3/RAW_DATA/coinone/2019/06/14/eth_1560502964.json
 create mode 100644 S3/RAW_DATA/korbit/2019/06/14/btc_krw_1560502958916.json
 create mode 100644 S3/RAW_DATA/korbit/2019/06/14/eth_krw_1560502958916.json
To github.com:zeuslabs/dees2projectteam2.git
   4204ffe3..0076d9fb  master -> master
         
[[end task]]
2019-06-14 18:02:50
         
#########################################################
[[start task]]
2019-06-14 18:04:04
btc : Response Success!
btc : Save Success!
================================
eth : Response Success!
eth : Save Success!
================================
BTC : Response Success!
BTC : Save Success!
================================
ETH : Response Success!
ETH : Save Success!
================================
btc_krw : Response Success!
btc_krw : Save Success!
================================
eth_krw : Response Success!
eth_krw : Save Success!
================================
Save data finished!
         
[[git run]]
2019-06-14 18:04:07
[master a65ca860] auto git push
 7 files changed, 131 insertions(+)
 create mode 100644 S3/RAW_DATA/bithumb/2019/06/14/BTC_1560503046236.json
 create mode 100644 S3/RAW_DATA/bithumb/2019/06/14/ETH_1560503046312.json
 create mode 100644 S3/RAW_DATA/coinone/2019/06/14/btc_1560503046.json
 create mode 100644 S3/RAW_DATA/coinone/2019/06/14/eth_1560503046.json
 create mode 100644 S3/RAW_DATA/korbit/2019/06/14/btc_krw_1560503028917.json
 create mode 100644 S3/RAW_DATA/korbit/2019/06/14/eth_krw_1560503028917.json
To github.com:zeuslabs/dees2projectteam2.git
   0076d9fb..a65ca860  master -> master
         
[[end task]]
2019-06-14 18:04:12
         
#########################################################
[[start task]]
2019-06-14 18:05:31
btc : Response Success!
btc : Save Success!
================================
eth : Response Success!
eth : Save Success!
================================
BTC : Response Success!
BTC : Save Success!
================================
ETH : Response Success!
ETH : Save Success!
================================
btc_krw : Response Success!
btc_krw : Save Success!
================================
eth_krw : Response Success!
eth_krw : Save Success!
================================
Save data finished!
         
[[git run]]
2019-06-14 18:05:34
[master b4ae2f7b] auto git push
 7 files changed, 131 insertions(+)
 create mode 100644 S3/RAW_DATA/bithumb/2019/06/14/BTC_1560503133339.json
 create mode 100644 S3/RAW_DATA/bithumb/2019/06/14/ETH_1560503133294.json
 create mode 100644 S3/RAW_DATA/coinone/2019/06/14/btc_1560503133.json
 create mode 100644 S3/RAW_DATA/coinone/2019/06/14/eth_1560503133.json
 create mode 100644 S3/RAW_DATA/korbit/2019/06/14/btc_krw_1560503131972.json
 create mode 100644 S3/RAW_DATA/korbit/2019/06/14/eth_krw_1560503131972.json
To github.com:zeuslabs/dees2projectteam2.git
   a65ca860..b4ae2f7b  master -> master
         
[[end task]]
2019-06-14 18:05:39
         
#########################################################
[[start task]]
2019-06-14 18:06:45
btc : Response Success!
btc : Save Success!
================================
eth : Response Success!
eth : Save Success!
================================
BTC : Response Success!
BTC : Save Success!
================================
ETH : Response Success!
ETH : Save Success!
================================
btc_krw : Response Success!
btc_krw : Save Success!
================================
eth_krw : Response Success!
eth_krw : Save Success!
================================
Save data finished!
         
[[git run]]
2019-06-14 18:06:48
[master 9ce656a0] auto git push
 7 files changed, 131 insertions(+)
 create mode 100644 S3/RAW_DATA/bithumb/2019/06/14/BTC_1560503208012.json
 create mode 100644 S3/RAW_DATA/bithumb/2019/06/14/ETH_1560503207966.json
 create mode 100644 S3/RAW_DATA/coinone/2019/06/14/btc_1560503207.json
 create mode 100644 S3/RAW_DATA/coinone/2019/06/14/eth_1560503207.json
 create mode 100644 S3/RAW_DATA/korbit/2019/06/14/btc_krw_1560503174026.json
 create mode 100644 S3/RAW_DATA/korbit/2019/06/14/eth_krw_1560503174026.json
To github.com:zeuslabs/dees2projectteam2.git
   b4ae2f7b..9ce656a0  master -> master
         
[[end task]]
2019-06-14 18:06:54
         
#########################################################
[[start task]]
2019-06-14 18:07:58
btc : Response Success!
btc : Save Success!
================================
eth : Response Success!
eth : Save Success!
================================
BTC : Response Success!
BTC : Save Success!
================================
ETH : Response Success!
ETH : Save Success!
================================
btc_krw : Response Success!
btc_krw : Save Success!
================================
eth_krw : Response Success!
eth_krw : Save Success!
================================
Save data finished!
         
[[git run]]
2019-06-14 18:08:01
[master 3e5b2d4e] auto git push
 7 files changed, 117 insertions(+), 10 deletions(-)
 create mode 100644 S3/RAW_DATA/bithumb/2019/06/14/BTC_1560503280310.json
 create mode 100644 S3/RAW_DATA/bithumb/2019/06/14/ETH_1560503280392.json
 create mode 100644 S3/RAW_DATA/coinone/2019/06/14/btc_1560503280.json
 create mode 100644 S3/RAW_DATA/coinone/2019/06/14/eth_1560503280.json
To github.com:zeuslabs/dees2projectteam2.git
   9ce656a0..3e5b2d4e  master -> master
         
[[end task]]
2019-06-14 18:08:09
         
#########################################################
[[start task]]
2019-06-14 18:09:10
btc : Response Success!
btc : Save Success!
================================
eth : Response Success!
eth : Save Success!
================================
BTC : Response Success!
BTC : Save Success!
================================
ETH : Response Success!
ETH : Save Success!
================================
btc_krw : Response Success!
btc_krw : Save Success!
================================
eth_krw : Response Success!
eth_krw : Save Success!
================================
Save data finished!
         
[[git run]]
2019-06-14 18:09:13
[master 34e50265] auto git push
 7 files changed, 129 insertions(+)
 create mode 100644 S3/RAW_DATA/bithumb/2019/06/14/BTC_1560503352540.json
 create mode 100644 S3/RAW_DATA/bithumb/2019/06/14/ETH_1560503352813.json
 create mode 100644 S3/RAW_DATA/coinone/2019/06/14/btc_1560503352.json
 create mode 100644 S3/RAW_DATA/coinone/2019/06/14/eth_1560503352.json
 create mode 100644 S3/RAW_DATA/korbit/2019/06/14/btc_krw_1560503351417.json
 create mode 100644 S3/RAW_DATA/korbit/2019/06/14/eth_krw_1560503349914.json
To github.com:zeuslabs/dees2projectteam2.git
   3e5b2d4e..34e50265  master -> master
         
[[end task]]
2019-06-14 18:09:18
         
#########################################################
[[start task]]
2019-06-14 18:10:27
btc : Response Success!
btc : Save Success!
================================
eth : Response Success!
eth : Save Success!
================================
BTC : Response Success!
BTC : Save Success!
================================
ETH : Response Success!
ETH : Save Success!
================================
btc_krw : Response Success!
btc_krw : Save Success!
================================
eth_krw : Response Success!
eth_krw : Save Success!
================================
Save data finished!
         
[[git run]]
2019-06-14 18:10:29
