btc : Response Success!
btc : Save Success!
================================
eth : Response Success!
eth : Save Success!
================================
BTC : Response Success!
BTC : Save Success!
================================
ETH : Response Success!
ETH : Save Success!
================================
btc_krw : Response Success!
btc_krw : Save Success!
================================
eth_krw : Response Success!
eth_krw : Save Success!
================================
Save data finished!
2019-06-10 10:29:18
[master 384d981] update
 8 files changed, 102 insertions(+), 2 deletions(-)
 create mode 100644 S3/RAW_DATA/bithumb/2019/06/10/BTC_1560130158274.json
 create mode 100644 S3/RAW_DATA/bithumb/2019/06/10/ETH_1560130157481.json
 create mode 100644 S3/RAW_DATA/coinone/2019/06/10/btc_1560130158.json
 create mode 100644 S3/RAW_DATA/coinone/2019/06/10/eth_1560130158.json
 create mode 100644 log/collect_20190610102916.log
To github.com:zeuslabs/dees2projectteam2.git
   105c127..384d981  master -> master
2019-06-10 10:29:23
