         
#########################################################
[[start task]]
2019-06-11 23:00:23
btc : Response Success!
btc : Save Success!
================================
eth : Response Success!
eth : Save Success!
================================
BTC : Response Success!
BTC : Save Success!
================================
ETH : Response Success!
ETH : Save Success!
================================
btc_krw : Response Success!
btc_krw : Save Success!
================================
eth_krw : Response Success!
eth_krw : Save Success!
================================
Save data finished!
         
[[git run]]
2019-06-11 23:00:27
[master 38df753] auto git push
 6 files changed, 105 insertions(+)
 create mode 100644 S3/RAW_DATA/bithumb/2019/06/11/BTC_1560261625700.json
 create mode 100644 S3/RAW_DATA/bithumb/2019/06/11/ETH_1560261625430.json
 create mode 100644 S3/RAW_DATA/coinone/2019/06/11/btc_1560261625.json
 create mode 100644 S3/RAW_DATA/coinone/2019/06/11/eth_1560261625.json
 create mode 100644 log/collect_2019061123.log
To github.com:zeuslabs/dees2projectteam2.git
   0647f36..38df753  master -> master
         
[[end task]]
2019-06-11 23:00:33
         
#########################################################
[[start task]]
2019-06-11 23:01:31
btc : Response Success!
btc : Save Success!
================================
eth : Response Success!
eth : Save Success!
================================
BTC : Response Success!
BTC : Save Success!
================================
ETH : Response Success!
ETH : Save Success!
================================
btc_krw : Response Success!
btc_krw : Save Success!
================================
eth_krw : Response Success!
eth_krw : Save Success!
================================
Save data finished!
         
[[git run]]
2019-06-11 23:01:36
[master 4f22577] auto git push
 7 files changed, 114 insertions(+), 8 deletions(-)
 create mode 100644 S3/RAW_DATA/bithumb/2019/06/11/BTC_1560261693987.json
 create mode 100644 S3/RAW_DATA/bithumb/2019/06/11/ETH_1560261694038.json
 create mode 100644 S3/RAW_DATA/coinone/2019/06/11/btc_1560261693.json
 create mode 100644 S3/RAW_DATA/coinone/2019/06/11/eth_1560261693.json
To github.com:zeuslabs/dees2projectteam2.git
   38df753..4f22577  master -> master
         
[[end task]]
2019-06-11 23:01:41
         
#########################################################
[[start task]]
2019-06-11 23:02:41
btc : Response Success!
btc : Save Success!
================================
eth : Response Success!
eth : Save Success!
================================
BTC : Response Success!
BTC : Save Success!
================================
ETH : Response Success!
ETH : Save Success!
================================
btc_krw : Response Success!
btc_krw : Save Success!
================================
eth_krw : Response Success!
eth_krw : Save Success!
================================
Save data finished!
         
[[git run]]
2019-06-11 23:02:46
[master cc2ac35] auto git push
 5 files changed, 105 insertions(+)
 create mode 100644 S3/RAW_DATA/bithumb/2019/06/11/BTC_1560261763834.json
 create mode 100644 S3/RAW_DATA/bithumb/2019/06/11/ETH_1560261763911.json
 create mode 100644 S3/RAW_DATA/coinone/2019/06/11/btc_1560261763.json
 create mode 100644 S3/RAW_DATA/coinone/2019/06/11/eth_1560261763.json
To github.com:zeuslabs/dees2projectteam2.git
   4f22577..cc2ac35  master -> master
         
[[end task]]
2019-06-11 23:02:50
         
#########################################################
[[start task]]
2019-06-11 23:03:48
btc : Response Success!
btc : Save Success!
================================
eth : Response Success!
eth : Save Success!
================================
BTC : Response Success!
BTC : Save Success!
================================
ETH : Response Success!
ETH : Save Success!
================================
btc_krw : Response Success!
btc_krw : Save Success!
================================
eth_krw : Response Success!
eth_krw : Save Success!
================================
Save data finished!
         
[[git run]]
2019-06-11 23:03:50
Auto packing the repository in background for optimum performance.
See "git help gc" for manual housekeeping.
[master 17e2302] auto git push
 7 files changed, 110 insertions(+), 3 deletions(-)
 create mode 100644 S3/RAW_DATA/bithumb/2019/06/11/BTC_1560261828640.json
 create mode 100644 S3/RAW_DATA/bithumb/2019/06/11/ETH_1560261828738.json
 create mode 100644 S3/RAW_DATA/coinone/2019/06/11/btc_1560261828.json
 create mode 100644 S3/RAW_DATA/coinone/2019/06/11/eth_1560261828.json
To github.com:zeuslabs/dees2projectteam2.git
   cc2ac35..17e2302  master -> master
         
[[end task]]
2019-06-11 23:03:57
         
#########################################################
[[start task]]
2019-06-11 23:04:58
btc : Response Success!
btc : Save Success!
================================
eth : Response Success!
eth : Save Success!
================================
BTC : Response Success!
BTC : Save Success!
================================
ETH : Response Success!
ETH : Save Success!
================================
btc_krw : Response Success!
btc_krw : Save Success!
================================
eth_krw : Response Success!
eth_krw : Save Success!
================================
Save data finished!
         
[[git run]]
2019-06-11 23:05:02
