         
#########################################################
[[start task]]
2019-06-14 16:00:29
btc : Response Success!
Traceback (most recent call last):
  File "./Collect/main.py", line 39, in <module>
    main()
  File "./Collect/main.py", line 27, in main
    parser.save(response, currency)
  File "/home/zeus/workspace/dees2projectteam2/Collect/fastcampus/dees2/projectteam2/coinone.py", line 38, in save
    date = result["timestamp"]
KeyError: 'timestamp'
         
[[git run]]
2019-06-14 16:00:32
[master 4f4064c7] auto git push
 2 files changed, 27 insertions(+)
 create mode 100644 log/collect_2019061416.log
To github.com:zeuslabs/dees2projectteam2.git
   b7802e37..4f4064c7  master -> master
         
[[end task]]
2019-06-14 16:00:37
         
#########################################################
[[start task]]
2019-06-14 16:01:48
btc : Response Success!
Traceback (most recent call last):
  File "./Collect/main.py", line 39, in <module>
    main()
  File "./Collect/main.py", line 27, in main
    parser.save(response, currency)
  File "/home/zeus/workspace/dees2projectteam2/Collect/fastcampus/dees2/projectteam2/coinone.py", line 38, in save
    date = result["timestamp"]
KeyError: 'timestamp'
         
[[git run]]
2019-06-14 16:01:50
