         
#########################################################
[[start task]]
2019-06-14 17:00:11
btc : Response Success!
btc : Save Success!
================================
eth : Response Success!
eth : Save Success!
================================
BTC : Response Success!
BTC : Save Success!
================================
ETH : Response Success!
ETH : Save Success!
================================
btc_krw : Response Success!
btc_krw : Save Success!
================================
eth_krw : Response Success!
eth_krw : Save Success!
================================
Save data finished!
         
[[git run]]
2019-06-14 17:00:14
[master 03abe377] auto git push
 8 files changed, 113 insertions(+), 8 deletions(-)
 create mode 100644 S3/RAW_DATA/bithumb/2019/06/14/BTC_1560499213554.json
 create mode 100644 S3/RAW_DATA/bithumb/2019/06/14/ETH_1560499213728.json
 create mode 100644 S3/RAW_DATA/coinone/2019/06/14/btc_1560499213.json
 create mode 100644 S3/RAW_DATA/coinone/2019/06/14/eth_1560499213.json
 create mode 100644 log/collect_2019061417.log
To github.com:zeuslabs/dees2projectteam2.git
   5fb6698d..03abe377  master -> master
         
[[end task]]
2019-06-14 17:00:20
         
#########################################################
[[start task]]
2019-06-14 17:01:27
btc : Response Success!
btc : Save Success!
================================
eth : Response Success!
eth : Save Success!
================================
BTC : Response Success!
BTC : Save Success!
================================
ETH : Response Success!
ETH : Save Success!
================================
btc_krw : Response Success!
btc_krw : Save Success!
================================
eth_krw : Response Success!
eth_krw : Save Success!
================================
Save data finished!
         
[[git run]]
2019-06-14 17:01:29
[master b5cb41b6] auto git push
 7 files changed, 130 insertions(+)
 create mode 100644 S3/RAW_DATA/bithumb/2019/06/14/BTC_1560499288878.json
 create mode 100644 S3/RAW_DATA/bithumb/2019/06/14/ETH_1560499288943.json
 create mode 100644 S3/RAW_DATA/coinone/2019/06/14/btc_1560499288.json
 create mode 100644 S3/RAW_DATA/coinone/2019/06/14/eth_1560499288.json
 create mode 100644 S3/RAW_DATA/korbit/2019/06/14/btc_krw_1560499228423.json
 create mode 100644 S3/RAW_DATA/korbit/2019/06/14/eth_krw_1560499228423.json
To github.com:zeuslabs/dees2projectteam2.git
   03abe377..b5cb41b6  master -> master
         
[[end task]]
2019-06-14 17:01:34
         
#########################################################
[[start task]]
2019-06-14 17:02:51
btc : Response Success!
btc : Save Success!
================================
eth : Response Success!
eth : Save Success!
================================
BTC : Response Success!
BTC : Save Success!
================================
ETH : Response Success!
ETH : Save Success!
================================
btc_krw : Response Success!
btc_krw : Save Success!
================================
eth_krw : Response Success!
eth_krw : Save Success!
================================
Save data finished!
         
[[git run]]
2019-06-14 17:02:54
