btc : Response Success!
btc : Save Success!
================================
eth : Response Success!
eth : Save Success!
================================
BTC : Response Success!
BTC : Save Success!
================================
ETH : Response Success!
ETH : Save Success!
================================
btc_krw : Response Success!
btc_krw : Save Success!
================================
eth_krw : Response Success!
eth_krw : Save Success!
================================
Save data finished!
2019-06-10 10:34:56
[master f5f3248] update
 8 files changed, 118 insertions(+), 12 deletions(-)
 create mode 100644 S3/RAW_DATA/bithumb/2019/06/10/BTC_1560130494650.json
 create mode 100644 S3/RAW_DATA/bithumb/2019/06/10/ETH_1560130494716.json
 create mode 100644 S3/RAW_DATA/coinone/2019/06/10/btc_1560130495.json
 create mode 100644 S3/RAW_DATA/coinone/2019/06/10/eth_1560130495.json
 create mode 100644 log/collect_20190610103454.log
To github.com:zeuslabs/dees2projectteam2.git
 ! [rejected]        master -> master (fetch first)
error: failed to push some refs to 'git@github.com:zeuslabs/dees2projectteam2.git'
hint: Updates were rejected because the remote contains work that you do
hint: not have locally. This is usually caused by another repository pushing
hint: to the same ref. You may want to first integrate the remote changes
hint: (e.g., 'git pull ...') before pushing again.
hint: See the 'Note about fast-forwards' in 'git push --help' for details.
2019-06-10 10:34:58
