         
#########################################################
[[start task]]
2019-06-10 16:00:24
btc : Response Success!
btc : Save Success!
================================
eth : Response Success!
eth : Save Success!
================================
BTC : Response Success!
BTC : Save Success!
================================
ETH : Response Success!
ETH : Save Success!
================================
btc_krw : Response Success!
btc_krw : Save Success!
================================
eth_krw : Response Success!
eth_krw : Save Success!
================================
Save data finished!
         
[[git run]]
2019-06-10 16:00:26
[master 95547d9] auto git push
 8 files changed, 131 insertions(+)
 create mode 100644 S3/RAW_DATA/bithumb/2019/06/10/BTC_1560150025893.json
 create mode 100644 S3/RAW_DATA/bithumb/2019/06/10/ETH_1560150026078.json
 create mode 100644 S3/RAW_DATA/coinone/2019/06/10/btc_1560150025.json
 create mode 100644 S3/RAW_DATA/coinone/2019/06/10/eth_1560150025.json
 create mode 100644 S3/RAW_DATA/korbit/2019/06/10/btc_krw_1560150013419.json
 create mode 100644 S3/RAW_DATA/korbit/2019/06/10/eth_krw_1560150013419.json
 create mode 100644 log/collect_2019061016.log
To github.com:zeuslabs/dees2projectteam2.git
   a442478..95547d9  master -> master
         
[[end task]]
2019-06-10 16:00:31
         
#########################################################
[[start task]]
2019-06-10 16:01:27
btc : Response Success!
btc : Save Success!
================================
eth : Response Success!
eth : Save Success!
================================
BTC : Response Success!
BTC : Save Success!
================================
ETH : Response Success!
ETH : Save Success!
================================
btc_krw : Response Success!
btc_krw : Save Success!
================================
eth_krw : Response Success!
eth_krw : Save Success!
================================
Save data finished!
         
[[git run]]
2019-06-10 16:01:29
[master 0cc7dbe] auto git push
 7 files changed, 132 insertions(+)
 create mode 100644 S3/RAW_DATA/bithumb/2019/06/10/BTC_1560150088989.json
 create mode 100644 S3/RAW_DATA/bithumb/2019/06/10/ETH_1560150089056.json
 create mode 100644 S3/RAW_DATA/coinone/2019/06/10/btc_1560150088.json
 create mode 100644 S3/RAW_DATA/coinone/2019/06/10/eth_1560150088.json
 create mode 100644 S3/RAW_DATA/korbit/2019/06/10/btc_krw_1560150073919.json
 create mode 100644 S3/RAW_DATA/korbit/2019/06/10/eth_krw_1560150073919.json
To github.com:zeuslabs/dees2projectteam2.git
   95547d9..0cc7dbe  master -> master
         
[[end task]]
2019-06-10 16:01:34
         
#########################################################
[[start task]]
2019-06-10 16:18:18
btc : Response Success!
btc : Save Success!
================================
eth : Response Success!
eth : Save Success!
================================
BTC : Response Success!
BTC : Save Success!
================================
ETH : Response Success!
ETH : Save Success!
================================
btc_krw : Response Success!
btc_krw : Save Success!
================================
eth_krw : Response Success!
eth_krw : Save Success!
================================
Save data finished!
         
[[git run]]
2019-06-10 16:18:21
[master c7d1bd3] auto git push
 7 files changed, 131 insertions(+)
 create mode 100644 S3/RAW_DATA/bithumb/2019/06/10/BTC_1560151100065.json
 create mode 100644 S3/RAW_DATA/bithumb/2019/06/10/ETH_1560151100182.json
 create mode 100644 S3/RAW_DATA/coinone/2019/06/10/btc_1560151099.json
 create mode 100644 S3/RAW_DATA/coinone/2019/06/10/eth_1560151099.json
 create mode 100644 S3/RAW_DATA/korbit/2019/06/10/btc_krw_1560151063133.json
 create mode 100644 S3/RAW_DATA/korbit/2019/06/10/eth_krw_1560151063133.json
To github.com:zeuslabs/dees2projectteam2.git
   0cc7dbe..c7d1bd3  master -> master
         
[[end task]]
2019-06-10 16:18:27
         
#########################################################
[[start task]]
2019-06-10 16:19:27
btc : Response Success!
btc : Save Success!
================================
eth : Response Success!
eth : Save Success!
================================
BTC : Response Success!
BTC : Save Success!
================================
ETH : Response Success!
ETH : Save Success!
================================
btc_krw : Response Success!
btc_krw : Save Success!
================================
eth_krw : Response Success!
eth_krw : Save Success!
================================
Save data finished!
         
[[git run]]
2019-06-10 16:19:29
[master b2668ae] auto git push
 7 files changed, 131 insertions(+)
 create mode 100644 S3/RAW_DATA/bithumb/2019/06/10/BTC_1560151168739.json
 create mode 100644 S3/RAW_DATA/bithumb/2019/06/10/ETH_1560151168846.json
 create mode 100644 S3/RAW_DATA/coinone/2019/06/10/btc_1560151168.json
 create mode 100644 S3/RAW_DATA/coinone/2019/06/10/eth_1560151168.json
 create mode 100644 S3/RAW_DATA/korbit/2019/06/10/btc_krw_1560151106917.json
 create mode 100644 S3/RAW_DATA/korbit/2019/06/10/eth_krw_1560151106917.json
To github.com:zeuslabs/dees2projectteam2.git
   c7d1bd3..b2668ae  master -> master
         
[[end task]]
2019-06-10 16:19:34
         
#########################################################
[[start task]]
2019-06-10 16:20:41
btc : Response Success!
btc : Save Success!
================================
eth : Response Success!
eth : Save Success!
================================
BTC : Response Success!
BTC : Save Success!
================================
ETH : Response Success!
ETH : Save Success!
================================
btc_krw : Response Success!
btc_krw : Save Success!
================================
eth_krw : Response Success!
eth_krw : Save Success!
================================
Save data finished!
         
[[git run]]
2019-06-10 16:20:43
[master 9a39852] auto git push
 7 files changed, 131 insertions(+)
 create mode 100644 S3/RAW_DATA/bithumb/2019/06/10/BTC_1560151242644.json
 create mode 100644 S3/RAW_DATA/bithumb/2019/06/10/ETH_1560151242704.json
 create mode 100644 S3/RAW_DATA/coinone/2019/06/10/btc_1560151242.json
 create mode 100644 S3/RAW_DATA/coinone/2019/06/10/eth_1560151242.json
 create mode 100644 S3/RAW_DATA/korbit/2019/06/10/btc_krw_1560151186448.json
 create mode 100644 S3/RAW_DATA/korbit/2019/06/10/eth_krw_1560151186448.json
To github.com:zeuslabs/dees2projectteam2.git
   b2668ae..9a39852  master -> master
         
[[end task]]
2019-06-10 16:20:48
         
#########################################################
[[start task]]
2019-06-10 16:21:48
btc : Response Success!
btc : Save Success!
================================
eth : Response Success!
eth : Save Success!
================================
BTC : Response Success!
BTC : Save Success!
================================
ETH : Response Success!
ETH : Save Success!
================================
btc_krw : Response Success!
btc_krw : Save Success!
================================
eth_krw : Response Success!
eth_krw : Save Success!
================================
Save data finished!
         
[[git run]]
2019-06-10 16:21:50
[master ac0c9fe] auto git push
 7 files changed, 131 insertions(+)
 create mode 100644 S3/RAW_DATA/bithumb/2019/06/10/BTC_1560151309702.json
 create mode 100644 S3/RAW_DATA/bithumb/2019/06/10/ETH_1560151309814.json
 create mode 100644 S3/RAW_DATA/coinone/2019/06/10/btc_1560151309.json
 create mode 100644 S3/RAW_DATA/coinone/2019/06/10/eth_1560151309.json
 create mode 100644 S3/RAW_DATA/korbit/2019/06/10/btc_krw_1560151274417.json
 create mode 100644 S3/RAW_DATA/korbit/2019/06/10/eth_krw_1560151274417.json
To github.com:zeuslabs/dees2projectteam2.git
   9a39852..ac0c9fe  master -> master
         
[[end task]]
2019-06-10 16:21:55
         
#########################################################
[[start task]]
2019-06-10 16:22:53
btc : Response Success!
btc : Save Success!
================================
eth : Response Success!
eth : Save Success!
================================
BTC : Response Success!
BTC : Save Success!
================================
ETH : Response Success!
ETH : Save Success!
================================
btc_krw : Response Success!
btc_krw : Save Success!
================================
eth_krw : Response Success!
eth_krw : Save Success!
================================
Save data finished!
         
[[git run]]
2019-06-10 16:22:55
[master 0fd0f71] auto git push
 7 files changed, 131 insertions(+)
 create mode 100644 S3/RAW_DATA/bithumb/2019/06/10/BTC_1560151374541.json
 create mode 100644 S3/RAW_DATA/bithumb/2019/06/10/ETH_1560151374646.json
 create mode 100644 S3/RAW_DATA/coinone/2019/06/10/btc_1560151374.json
 create mode 100644 S3/RAW_DATA/coinone/2019/06/10/eth_1560151374.json
 create mode 100644 S3/RAW_DATA/korbit/2019/06/10/btc_krw_1560151360551.json
 create mode 100644 S3/RAW_DATA/korbit/2019/06/10/eth_krw_1560151360551.json
To github.com:zeuslabs/dees2projectteam2.git
   ac0c9fe..0fd0f71  master -> master
         
[[end task]]
2019-06-10 16:23:00
         
#########################################################
[[start task]]
2019-06-10 16:24:01
btc : Response Success!
btc : Save Success!
================================
eth : Response Success!
eth : Save Success!
================================
BTC : Response Success!
BTC : Save Success!
================================
ETH : Response Success!
ETH : Save Success!
================================
btc_krw : Response Success!
btc_krw : Save Success!
================================
eth_krw : Response Success!
eth_krw : Save Success!
================================
Save data finished!
         
[[git run]]
2019-06-10 16:24:03
[master 0d82679] auto git push
 7 files changed, 131 insertions(+)
 create mode 100644 S3/RAW_DATA/bithumb/2019/06/10/BTC_1560151442584.json
 create mode 100644 S3/RAW_DATA/bithumb/2019/06/10/ETH_1560151442664.json
 create mode 100644 S3/RAW_DATA/coinone/2019/06/10/btc_1560151442.json
 create mode 100644 S3/RAW_DATA/coinone/2019/06/10/eth_1560151442.json
 create mode 100644 S3/RAW_DATA/korbit/2019/06/10/btc_krw_1560151410948.json
 create mode 100644 S3/RAW_DATA/korbit/2019/06/10/eth_krw_1560151410948.json
To github.com:zeuslabs/dees2projectteam2.git
   0fd0f71..0d82679  master -> master
         
[[end task]]
2019-06-10 16:24:09
         
#########################################################
[[start task]]
2019-06-10 16:25:09
btc : Response Success!
btc : Save Success!
================================
eth : Response Success!
eth : Save Success!
================================
BTC : Response Success!
BTC : Save Success!
================================
ETH : Response Success!
ETH : Save Success!
================================
btc_krw : Response Success!
btc_krw : Save Success!
================================
eth_krw : Response Success!
eth_krw : Save Success!
================================
Save data finished!
         
[[git run]]
2019-06-10 16:25:17
[master da61c0c] auto git push
 7 files changed, 131 insertions(+)
 create mode 100644 S3/RAW_DATA/bithumb/2019/06/10/BTC_1560151516872.json
 create mode 100644 S3/RAW_DATA/bithumb/2019/06/10/ETH_1560151516936.json
 create mode 100644 S3/RAW_DATA/coinone/2019/06/10/btc_1560151516.json
 create mode 100644 S3/RAW_DATA/coinone/2019/06/10/eth_1560151516.json
 create mode 100644 S3/RAW_DATA/korbit/2019/06/10/btc_krw_1560151460450.json
 create mode 100644 S3/RAW_DATA/korbit/2019/06/10/eth_krw_1560151460450.json
To github.com:zeuslabs/dees2projectteam2.git
   0d82679..da61c0c  master -> master
         
[[end task]]
2019-06-10 16:25:22
         
#########################################################
[[start task]]
2019-06-10 16:26:30
btc : Response Success!
btc : Save Success!
================================
eth : Response Success!
eth : Save Success!
================================
BTC : Response Success!
BTC : Save Success!
================================
ETH : Response Success!
ETH : Save Success!
================================
btc_krw : Response Success!
btc_krw : Save Success!
================================
eth_krw : Response Success!
eth_krw : Save Success!
================================
Save data finished!
         
[[git run]]
2019-06-10 16:26:32
[master bf8c6ba] auto git push
 7 files changed, 131 insertions(+)
 create mode 100644 S3/RAW_DATA/bithumb/2019/06/10/BTC_1560151591354.json
 create mode 100644 S3/RAW_DATA/bithumb/2019/06/10/ETH_1560151591431.json
 create mode 100644 S3/RAW_DATA/coinone/2019/06/10/btc_1560151591.json
 create mode 100644 S3/RAW_DATA/coinone/2019/06/10/eth_1560151591.json
 create mode 100644 S3/RAW_DATA/korbit/2019/06/10/btc_krw_1560151560942.json
 create mode 100644 S3/RAW_DATA/korbit/2019/06/10/eth_krw_1560151560942.json
To github.com:zeuslabs/dees2projectteam2.git
   da61c0c..bf8c6ba  master -> master
         
[[end task]]
2019-06-10 16:26:36
         
#########################################################
[[start task]]
2019-06-10 16:27:33
btc : Response Success!
btc : Save Success!
================================
eth : Response Success!
eth : Save Success!
================================
BTC : Response Success!
BTC : Save Success!
================================
ETH : Response Success!
ETH : Save Success!
================================
btc_krw : Response Success!
btc_krw : Save Success!
================================
eth_krw : Response Success!
eth_krw : Save Success!
================================
Save data finished!
         
[[git run]]
2019-06-10 16:27:35
[master 69191e6] auto git push
 7 files changed, 131 insertions(+)
 create mode 100644 S3/RAW_DATA/bithumb/2019/06/10/BTC_1560151654452.json
 create mode 100644 S3/RAW_DATA/bithumb/2019/06/10/ETH_1560151654530.json
 create mode 100644 S3/RAW_DATA/coinone/2019/06/10/btc_1560151654.json
 create mode 100644 S3/RAW_DATA/coinone/2019/06/10/eth_1560151654.json
 create mode 100644 S3/RAW_DATA/korbit/2019/06/10/btc_krw_1560151647180.json
 create mode 100644 S3/RAW_DATA/korbit/2019/06/10/eth_krw_1560151647180.json
To github.com:zeuslabs/dees2projectteam2.git
   bf8c6ba..69191e6  master -> master
         
[[end task]]
2019-06-10 16:27:39
         
#########################################################
[[start task]]
2019-06-10 16:28:34
btc : Response Success!
btc : Save Success!
================================
eth : Response Success!
eth : Save Success!
================================
BTC : Response Success!
BTC : Save Success!
================================
ETH : Response Success!
ETH : Save Success!
================================
btc_krw : Response Success!
btc_krw : Save Success!
================================
eth_krw : Response Success!
eth_krw : Save Success!
================================
Save data finished!
         
[[git run]]
2019-06-10 16:28:36
[master 0772259] auto git push
 7 files changed, 131 insertions(+)
 create mode 100644 S3/RAW_DATA/bithumb/2019/06/10/BTC_1560151715587.json
 create mode 100644 S3/RAW_DATA/bithumb/2019/06/10/ETH_1560151715694.json
 create mode 100644 S3/RAW_DATA/coinone/2019/06/10/btc_1560151715.json
 create mode 100644 S3/RAW_DATA/coinone/2019/06/10/eth_1560151715.json
 create mode 100644 S3/RAW_DATA/korbit/2019/06/10/btc_krw_1560151707945.json
 create mode 100644 S3/RAW_DATA/korbit/2019/06/10/eth_krw_1560151707945.json
To github.com:zeuslabs/dees2projectteam2.git
   69191e6..0772259  master -> master
         
[[end task]]
2019-06-10 16:28:40
         
#########################################################
[[start task]]
2019-06-10 16:29:37
btc : Response Success!
btc : Save Success!
================================
eth : Response Success!
eth : Save Success!
================================
BTC : Response Success!
BTC : Save Success!
================================
ETH : Response Success!
ETH : Save Success!
================================
btc_krw : Response Success!
btc_krw : Save Success!
================================
eth_krw : Response Success!
eth_krw : Save Success!
================================
Save data finished!
         
[[git run]]
2019-06-10 16:29:38
[master 77e2c0e] auto git push
 7 files changed, 111 insertions(+), 4 deletions(-)
 create mode 100644 S3/RAW_DATA/bithumb/2019/06/10/BTC_1560151778275.json
 create mode 100644 S3/RAW_DATA/bithumb/2019/06/10/ETH_1560151778338.json
 create mode 100644 S3/RAW_DATA/coinone/2019/06/10/btc_1560151778.json
 create mode 100644 S3/RAW_DATA/coinone/2019/06/10/eth_1560151778.json
To github.com:zeuslabs/dees2projectteam2.git
   0772259..77e2c0e  master -> master
         
[[end task]]
2019-06-10 16:29:43
         
#########################################################
[[start task]]
2019-06-10 16:30:40
btc : Response Success!
btc : Save Success!
================================
eth : Response Success!
eth : Save Success!
================================
BTC : Response Success!
BTC : Save Success!
================================
ETH : Response Success!
ETH : Save Success!
================================
btc_krw : Response Success!
btc_krw : Save Success!
================================
eth_krw : Response Success!
eth_krw : Save Success!
================================
Save data finished!
         
[[git run]]
2019-06-10 16:30:41
[master 7a6d66d] auto git push
 7 files changed, 129 insertions(+)
 create mode 100644 S3/RAW_DATA/bithumb/2019/06/10/BTC_1560151841270.json
 create mode 100644 S3/RAW_DATA/bithumb/2019/06/10/ETH_1560151841327.json
 create mode 100644 S3/RAW_DATA/coinone/2019/06/10/btc_1560151841.json
 create mode 100644 S3/RAW_DATA/coinone/2019/06/10/eth_1560151841.json
 create mode 100644 S3/RAW_DATA/korbit/2019/06/10/btc_krw_1560151802916.json
 create mode 100644 S3/RAW_DATA/korbit/2019/06/10/eth_krw_1560151802916.json
To github.com:zeuslabs/dees2projectteam2.git
   77e2c0e..7a6d66d  master -> master
         
[[end task]]
2019-06-10 16:30:46
         
#########################################################
[[start task]]
2019-06-10 16:31:42
btc : Response Success!
btc : Save Success!
================================
eth : Response Success!
eth : Save Success!
================================
BTC : Response Success!
BTC : Save Success!
================================
ETH : Response Success!
ETH : Save Success!
================================
btc_krw : Response Success!
btc_krw : Save Success!
================================
eth_krw : Response Success!
eth_krw : Save Success!
================================
Save data finished!
         
[[git run]]
2019-06-10 16:31:46
[master cb24b53] auto git push
 7 files changed, 111 insertions(+), 4 deletions(-)
 create mode 100644 S3/RAW_DATA/bithumb/2019/06/10/BTC_1560151904703.json
 create mode 100644 S3/RAW_DATA/bithumb/2019/06/10/ETH_1560151905080.json
 create mode 100644 S3/RAW_DATA/coinone/2019/06/10/btc_1560151903.json
 create mode 100644 S3/RAW_DATA/coinone/2019/06/10/eth_1560151904.json
To github.com:zeuslabs/dees2projectteam2.git
   7a6d66d..cb24b53  master -> master
         
[[end task]]
2019-06-10 16:31:50
         
#########################################################
[[start task]]
2019-06-10 16:32:50
btc : Response Success!
btc : Save Success!
================================
eth : Response Success!
eth : Save Success!
================================
BTC : Response Success!
BTC : Save Success!
================================
ETH : Response Success!
ETH : Save Success!
================================
btc_krw : Response Success!
btc_krw : Save Success!
================================
eth_krw : Response Success!
eth_krw : Save Success!
================================
Save data finished!
         
[[git run]]
2019-06-10 16:32:53
[master c7e4d64] auto git push
 7 files changed, 107 insertions(+), 2 deletions(-)
 create mode 100644 S3/RAW_DATA/bithumb/2019/06/10/BTC_1560151971546.json
 create mode 100644 S3/RAW_DATA/bithumb/2019/06/10/ETH_1560151971820.json
 create mode 100644 S3/RAW_DATA/coinone/2019/06/10/btc_1560151971.json
 create mode 100644 S3/RAW_DATA/coinone/2019/06/10/eth_1560151971.json
To github.com:zeuslabs/dees2projectteam2.git
   cb24b53..c7e4d64  master -> master
         
[[end task]]
2019-06-10 16:32:58
         
#########################################################
[[start task]]
2019-06-10 16:33:57
btc : Response Success!
btc : Save Success!
================================
eth : Response Success!
eth : Save Success!
================================
BTC : Response Success!
BTC : Save Success!
================================
ETH : Response Success!
ETH : Save Success!
================================
btc_krw : Response Success!
btc_krw : Save Success!
================================
eth_krw : Response Success!
eth_krw : Save Success!
================================
Save data finished!
         
[[git run]]
2019-06-10 16:33:59
[master 116fbbf] auto git push
 7 files changed, 129 insertions(+)
 create mode 100644 S3/RAW_DATA/bithumb/2019/06/10/BTC_1560152038951.json
 create mode 100644 S3/RAW_DATA/bithumb/2019/06/10/ETH_1560152039042.json
 create mode 100644 S3/RAW_DATA/coinone/2019/06/10/btc_1560152038.json
 create mode 100644 S3/RAW_DATA/coinone/2019/06/10/eth_1560152038.json
 create mode 100644 S3/RAW_DATA/korbit/2019/06/10/btc_krw_1560152028036.json
 create mode 100644 S3/RAW_DATA/korbit/2019/06/10/eth_krw_1560152028036.json
To github.com:zeuslabs/dees2projectteam2.git
   c7e4d64..116fbbf  master -> master
         
[[end task]]
2019-06-10 16:34:04
         
#########################################################
[[start task]]
2019-06-10 16:35:00
btc : Response Success!
btc : Save Success!
================================
eth : Response Success!
eth : Save Success!
================================
BTC : Response Success!
BTC : Save Success!
================================
ETH : Response Success!
ETH : Save Success!
================================
btc_krw : Response Success!
btc_krw : Save Success!
================================
eth_krw : Response Success!
eth_krw : Save Success!
================================
Save data finished!
         
[[git run]]
2019-06-10 16:35:02
