btc : Response Success!
btc : Save Success!
================================
eth : Response Success!
eth : Save Success!
================================
BTC : Response Success!
BTC : Save Success!
================================
ETH : Response Success!
ETH : Save Success!
================================
btc_krw : Response Success!
btc_krw : Save Success!
================================
eth_krw : Response Success!
eth_krw : Save Success!
================================
Save data finished!
2019-06-10 10:30:28
[master 107d05e] update
 8 files changed, 122 insertions(+)
 create mode 100644 S3/RAW_DATA/bithumb/2019/06/10/BTC_1560130226886.json
 create mode 100644 S3/RAW_DATA/bithumb/2019/06/10/ETH_1560130226948.json
 create mode 100644 S3/RAW_DATA/coinone/2019/06/10/btc_1560130227.json
 create mode 100644 S3/RAW_DATA/coinone/2019/06/10/eth_1560130227.json
 create mode 100644 S3/RAW_DATA/korbit/2019/06/10/btc_krw_1560130224417.json
 create mode 100644 S3/RAW_DATA/korbit/2019/06/10/eth_krw_1560130224417.json
 create mode 100644 log/collect_20190610103025.log
To github.com:zeuslabs/dees2projectteam2.git
   384d981..107d05e  master -> master
2019-06-10 10:30:32
