         
#########################################################
[[start task]]
2019-06-15 11:02:49
BTC : Response Success!
BTC : Save Success!
================================
ETH : Response Success!
ETH : Save Success!
================================
btc_krw : Response Success!
btc_krw : Save Success!
================================
eth_krw : Response Success!
eth_krw : Save Success!
================================
Save data finished!
         
[[git run]]
2019-06-15 11:02:51
[master 4a74746d] auto git push
 6 files changed, 95 insertions(+)
 create mode 100644 S3/RAW_DATA/bithumb/2019/06/15/BTC_1560564169399.json
 create mode 100644 S3/RAW_DATA/bithumb/2019/06/15/ETH_1560564169472.json
 create mode 100644 S3/RAW_DATA/korbit/2019/06/15/btc_krw_1560563972043.json
 create mode 100644 S3/RAW_DATA/korbit/2019/06/15/eth_krw_1560563972043.json
 create mode 100644 log/collect_2019061511.log
To github.com:zeuslabs/dees2projectteam2.git
   e85f9aea..4a74746d  master -> master
         
[[end task]]
2019-06-15 11:02:56
         
#########################################################
[[start task]]
2019-06-15 11:04:10
btc : Response Success!
btc : Save Success!
================================
eth : Response Success!
eth : Save Success!
================================
BTC : Response Success!
BTC : Save Success!
================================
ETH : Response Success!
ETH : Save Success!
================================
btc_krw : Response Success!
btc_krw : Save Success!
================================
eth_krw : Response Success!
eth_krw : Save Success!
================================
Save data finished!
         
[[git run]]
2019-06-15 11:04:13
