         
#########################################################
[[start task]]
2019-06-12 15:00:35
btc : Response Success!
btc : Save Success!
================================
eth : Response Success!
eth : Save Success!
================================
BTC : Response Success!
BTC : Save Success!
================================
ETH : Response Success!
ETH : Save Success!
================================
btc_krw : Response Success!
btc_krw : Save Success!
================================
eth_krw : Response Success!
eth_krw : Save Success!
================================
Save data finished!
         
[[git run]]
2019-06-12 15:00:37
[master 8ab39480] auto git push
 8 files changed, 131 insertions(+)
 create mode 100644 S3/RAW_DATA/bithumb/2019/06/12/BTC_1560319233520.json
 create mode 100644 S3/RAW_DATA/bithumb/2019/06/12/ETH_1560319233618.json
 create mode 100644 S3/RAW_DATA/coinone/2019/06/12/btc_1560319233.json
 create mode 100644 S3/RAW_DATA/coinone/2019/06/12/eth_1560319233.json
 create mode 100644 S3/RAW_DATA/korbit/2019/06/12/btc_krw_1560319172923.json
 create mode 100644 S3/RAW_DATA/korbit/2019/06/12/eth_krw_1560319172923.json
 create mode 100644 log/collect_2019061215.log
To github.com:zeuslabs/dees2projectteam2.git
   ebe92ef0..8ab39480  master -> master
         
[[end task]]
2019-06-12 15:00:42
         
#########################################################
[[start task]]
2019-06-12 15:01:43
btc : Response Success!
btc : Save Success!
================================
eth : Response Success!
eth : Save Success!
================================
BTC : Response Success!
BTC : Save Success!
================================
ETH : Response Success!
ETH : Save Success!
================================
btc_krw : Response Success!
btc_krw : Save Success!
================================
eth_krw : Response Success!
eth_krw : Save Success!
================================
Save data finished!
         
[[git run]]
2019-06-12 15:01:51
[master c33abc1d] auto git push
 7 files changed, 132 insertions(+)
 create mode 100644 S3/RAW_DATA/bithumb/2019/06/12/BTC_1560319302059.json
 create mode 100644 S3/RAW_DATA/bithumb/2019/06/12/ETH_1560319302447.json
 create mode 100644 S3/RAW_DATA/coinone/2019/06/12/btc_1560319301.json
 create mode 100644 S3/RAW_DATA/coinone/2019/06/12/eth_1560319301.json
 create mode 100644 S3/RAW_DATA/korbit/2019/06/12/btc_krw_1560319303457.json
 create mode 100644 S3/RAW_DATA/korbit/2019/06/12/eth_krw_1560319303457.json
To github.com:zeuslabs/dees2projectteam2.git
   8ab39480..c33abc1d  master -> master
         
[[end task]]
2019-06-12 15:01:56
         
#########################################################
[[start task]]
2019-06-12 15:02:55
btc : Response Success!
btc : Save Success!
================================
eth : Response Success!
eth : Save Success!
================================
BTC : Response Success!
BTC : Save Success!
================================
ETH : Response Success!
ETH : Save Success!
================================
btc_krw : Response Success!
btc_krw : Save Success!
================================
eth_krw : Response Success!
eth_krw : Save Success!
================================
Save data finished!
         
[[git run]]
2019-06-12 15:02:57
