         
#########################################################
[[start task]]
2019-06-10 11:00:07
btc : Response Success!
btc : Save Success!
================================
eth : Response Success!
eth : Save Success!
================================
BTC : Response Success!
BTC : Save Success!
================================
ETH : Response Success!
ETH : Save Success!
================================
btc_krw : Response Success!
btc_krw : Save Success!
================================
eth_krw : Response Success!
eth_krw : Save Success!
================================
Save data finished!
         
[[git run]]
2019-06-10 11:00:09
[master 6e8a645] auto git push
 8 files changed, 130 insertions(+)
 create mode 100644 S3/RAW_DATA/bithumb/2019/06/10/BTC_1560132007808.json
 create mode 100644 S3/RAW_DATA/bithumb/2019/06/10/ETH_1560132007916.json
 create mode 100644 S3/RAW_DATA/coinone/2019/06/10/btc_1560132008.json
 create mode 100644 S3/RAW_DATA/coinone/2019/06/10/eth_1560132008.json
 create mode 100644 S3/RAW_DATA/korbit/2019/06/10/btc_krw_1560131990945.json
 create mode 100644 S3/RAW_DATA/korbit/2019/06/10/eth_krw_1560132008946.json
 create mode 100644 log/collect_2019061011.log
To github.com:zeuslabs/dees2projectteam2.git
   f3b6752..6e8a645  master -> master
         
[[end task]]
2019-06-10 11:00:16
         
#########################################################
[[start task]]
2019-06-10 11:01:15
btc : Response Success!
btc : Save Success!
================================
eth : Response Success!
eth : Save Success!
================================
BTC : Response Success!
BTC : Save Success!
================================
ETH : Response Success!
ETH : Save Success!
================================
btc_krw : Response Success!
btc_krw : Save Success!
================================
eth_krw : Response Success!
eth_krw : Save Success!
================================
Save data finished!
         
[[git run]]
2019-06-10 11:01:17
[master 9839404] auto git push
 7 files changed, 132 insertions(+)
 create mode 100644 S3/RAW_DATA/bithumb/2019/06/10/BTC_1560132076146.json
 create mode 100644 S3/RAW_DATA/bithumb/2019/06/10/ETH_1560132076169.json
 create mode 100644 S3/RAW_DATA/coinone/2019/06/10/btc_1560132076.json
 create mode 100644 S3/RAW_DATA/coinone/2019/06/10/eth_1560132077.json
 create mode 100644 S3/RAW_DATA/korbit/2019/06/10/btc_krw_1560132022540.json
 create mode 100644 S3/RAW_DATA/korbit/2019/06/10/eth_krw_1560132022540.json
To github.com:zeuslabs/dees2projectteam2.git
   6e8a645..9839404  master -> master
         
[[end task]]
2019-06-10 11:01:23
         
#########################################################
[[start task]]
2019-06-10 11:02:34
btc : Response Success!
btc : Save Success!
================================
eth : Response Success!
eth : Save Success!
================================
BTC : Response Success!
BTC : Save Success!
================================
ETH : Response Success!
ETH : Save Success!
================================
btc_krw : Response Success!
btc_krw : Save Success!
================================
eth_krw : Response Success!
eth_krw : Save Success!
================================
Save data finished!
         
[[git run]]
2019-06-10 11:02:37
[master ae2d069] auto git push
 7 files changed, 131 insertions(+)
 create mode 100644 S3/RAW_DATA/bithumb/2019/06/10/BTC_1560132156449.json
 create mode 100644 S3/RAW_DATA/bithumb/2019/06/10/ETH_1560132157457.json
 create mode 100644 S3/RAW_DATA/coinone/2019/06/10/btc_1560132157.json
 create mode 100644 S3/RAW_DATA/coinone/2019/06/10/eth_1560132157.json
 create mode 100644 S3/RAW_DATA/korbit/2019/06/10/btc_krw_1560132133948.json
 create mode 100644 S3/RAW_DATA/korbit/2019/06/10/eth_krw_1560132133948.json
To github.com:zeuslabs/dees2projectteam2.git
   9839404..ae2d069  master -> master
         
[[end task]]
2019-06-10 11:02:45
         
#########################################################
[[start task]]
2019-06-10 11:03:46
btc : Response Success!
btc : Save Success!
================================
eth : Response Success!
eth : Save Success!
================================
BTC : Response Success!
BTC : Save Success!
================================
ETH : Response Success!
ETH : Save Success!
================================
btc_krw : Response Success!
btc_krw : Save Success!
================================
eth_krw : Response Success!
eth_krw : Save Success!
================================
Save data finished!
         
[[git run]]
2019-06-10 11:03:48
[master 3dcc787] auto git push
 7 files changed, 109 insertions(+), 2 deletions(-)
 create mode 100644 S3/RAW_DATA/bithumb/2019/06/10/BTC_1560132226908.json
 create mode 100644 S3/RAW_DATA/bithumb/2019/06/10/ETH_1560132226998.json
 create mode 100644 S3/RAW_DATA/coinone/2019/06/10/btc_1560132227.json
 create mode 100644 S3/RAW_DATA/coinone/2019/06/10/eth_1560132227.json
To github.com:zeuslabs/dees2projectteam2.git
   ae2d069..3dcc787  master -> master
         
[[end task]]
2019-06-10 11:03:53
         
#########################################################
[[start task]]
2019-06-10 11:04:50
btc : Response Success!
btc : Save Success!
================================
eth : Response Success!
eth : Save Success!
================================
BTC : Response Success!
BTC : Save Success!
================================
ETH : Response Success!
ETH : Save Success!
================================
btc_krw : Response Success!
btc_krw : Save Success!
================================
eth_krw : Response Success!
eth_krw : Save Success!
================================
Save data finished!
         
[[git run]]
2019-06-10 11:04:52
[master 9c13d04] auto git push
 8 files changed, 140 insertions(+), 1 deletion(-)
 create mode 100644 S3/RAW_DATA/bithumb/2019/06/10/BTC_1560132291582.json
 create mode 100644 S3/RAW_DATA/bithumb/2019/06/10/ETH_1560132291635.json
 create mode 100644 S3/RAW_DATA/coinone/2019/06/10/btc_1560132292.json
 create mode 100644 S3/RAW_DATA/coinone/2019/06/10/eth_1560132292.json
 create mode 100644 S3/RAW_DATA/korbit/2019/06/10/btc_krw_1560132275417.json
 create mode 100644 S3/RAW_DATA/korbit/2019/06/10/eth_krw_1560132275417.json
To github.com:zeuslabs/dees2projectteam2.git
   3dcc787..9c13d04  master -> master
         
[[end task]]
2019-06-10 11:04:57
         
#########################################################
[[start task]]
2019-06-10 11:05:53
btc : Response Success!
btc : Save Success!
================================
eth : Response Success!
eth : Save Success!
================================
BTC : Response Success!
BTC : Save Success!
================================
ETH : Response Success!
ETH : Save Success!
================================
btc_krw : Response Success!
btc_krw : Save Success!
================================
eth_krw : Response Success!
eth_krw : Save Success!
================================
Save data finished!
         
[[git run]]
2019-06-10 11:05:55
