         
#########################################################
[[start task]]
2019-06-10 19:00:52
btc : Response Success!
btc : Save Success!
================================
eth : Response Success!
eth : Save Success!
================================
BTC : Response Success!
BTC : Save Success!
================================
ETH : Response Success!
ETH : Save Success!
================================
btc_krw : Response Success!
btc_krw : Save Success!
================================
eth_krw : Response Success!
eth_krw : Save Success!
================================
Save data finished!
         
[[git run]]
2019-06-10 19:00:54
[master 90ba54a] auto git push
 9 files changed, 129 insertions(+)
 create mode 100644 S3/RAW_DATA/bithumb/2019/06/10/BTC_1560160853574.json
 create mode 100644 S3/RAW_DATA/bithumb/2019/06/10/ETH_1560160853647.json
 create mode 100644 S3/RAW_DATA/coinone/2019/06/10/btc_1560160853.json
 create mode 100644 S3/RAW_DATA/coinone/2019/06/10/eth_1560160853.json
 create mode 100644 S3/RAW_DATA/korbit/2019/06/10/btc_krw_1560160816772.json
 create mode 100644 S3/RAW_DATA/korbit/2019/06/10/eth_krw_1560160816772.json
 delete mode 100644 bin/.collect.sh.swp
 create mode 100644 log/collect_2019061019.log
To github.com:zeuslabs/dees2projectteam2.git
   761a6a1..90ba54a  master -> master
         
[[end task]]
2019-06-10 19:00:59
         
#########################################################
[[start task]]
2019-06-10 19:01:58
btc : Response Success!
btc : Save Success!
================================
eth : Response Success!
eth : Save Success!
================================
BTC : Response Success!
BTC : Save Success!
================================
ETH : Response Success!
ETH : Save Success!
================================
btc_krw : Response Success!
btc_krw : Save Success!
================================
eth_krw : Response Success!
eth_krw : Save Success!
================================
Save data finished!
         
[[git run]]
2019-06-10 19:01:59
