         
#########################################################
[[start task]]
2019-06-14 19:38:05
btc : Response Success!
btc : Save Success!
================================
eth : Response Success!
eth : Save Success!
================================
BTC : Response Success!
BTC : Save Success!
================================
ETH : Response Success!
ETH : Save Success!
================================
btc_krw : Response Success!
btc_krw : Save Success!
================================
eth_krw : Response Success!
eth_krw : Save Success!
================================
Save data finished!
         
[[git run]]
2019-06-14 19:38:08
[master 1f38085d] auto git push
 8 files changed, 128 insertions(+)
 create mode 100644 S3/RAW_DATA/bithumb/2019/06/14/BTC_1560508687111.json
 create mode 100644 S3/RAW_DATA/bithumb/2019/06/14/ETH_1560508687031.json
 create mode 100644 S3/RAW_DATA/coinone/2019/06/14/btc_1560508686.json
 create mode 100644 S3/RAW_DATA/coinone/2019/06/14/eth_1560508686.json
 create mode 100644 S3/RAW_DATA/korbit/2019/06/14/btc_krw_1560508534474.json
 create mode 100644 S3/RAW_DATA/korbit/2019/06/14/eth_krw_1560508534474.json
 create mode 100644 log/collect_2019061419.log
To github.com:zeuslabs/dees2projectteam2.git
   011da3c8..1f38085d  master -> master
         
[[end task]]
2019-06-14 19:38:14
         
#########################################################
[[start task]]
2019-06-14 19:39:18
btc : Response Success!
btc : Save Success!
================================
eth : Response Success!
eth : Save Success!
================================
BTC : Response Success!
BTC : Save Success!
================================
ETH : Response Success!
ETH : Save Success!
================================
btc_krw : Response Success!
btc_krw : Save Success!
================================
eth_krw : Response Success!
eth_krw : Save Success!
================================
Save data finished!
         
[[git run]]
2019-06-14 19:39:21
[master ca243351] auto git push
 7 files changed, 132 insertions(+)
 create mode 100644 S3/RAW_DATA/bithumb/2019/06/14/BTC_1560508759895.json
 create mode 100644 S3/RAW_DATA/bithumb/2019/06/14/ETH_1560508760135.json
 create mode 100644 S3/RAW_DATA/coinone/2019/06/14/btc_1560508759.json
 create mode 100644 S3/RAW_DATA/coinone/2019/06/14/eth_1560508759.json
 create mode 100644 S3/RAW_DATA/korbit/2019/06/14/btc_krw_1560508749474.json
 create mode 100644 S3/RAW_DATA/korbit/2019/06/14/eth_krw_1560508749474.json
To github.com:zeuslabs/dees2projectteam2.git
   1f38085d..ca243351  master -> master
         
[[end task]]
2019-06-14 19:39:26
         
#########################################################
[[start task]]
2019-06-14 19:40:29
btc : Response Success!
btc : Save Success!
================================
eth : Response Success!
eth : Save Success!
================================
BTC : Response Success!
BTC : Save Success!
================================
ETH : Response Success!
ETH : Save Success!
================================
btc_krw : Response Success!
btc_krw : Save Success!
================================
eth_krw : Response Success!
eth_krw : Save Success!
================================
Save data finished!
         
[[git run]]
2019-06-14 19:40:31
[master 5db25986] auto git push
 7 files changed, 131 insertions(+)
 create mode 100644 S3/RAW_DATA/bithumb/2019/06/14/BTC_1560508830950.json
 create mode 100644 S3/RAW_DATA/bithumb/2019/06/14/ETH_1560508830864.json
 create mode 100644 S3/RAW_DATA/coinone/2019/06/14/btc_1560508830.json
 create mode 100644 S3/RAW_DATA/coinone/2019/06/14/eth_1560508830.json
 create mode 100644 S3/RAW_DATA/korbit/2019/06/14/btc_krw_1560508819924.json
 create mode 100644 S3/RAW_DATA/korbit/2019/06/14/eth_krw_1560508819924.json
To github.com:zeuslabs/dees2projectteam2.git
   ca243351..5db25986  master -> master
         
[[end task]]
2019-06-14 19:40:38
         
#########################################################
[[start task]]
2019-06-14 19:41:39
btc : Response Success!
btc : Save Success!
================================
eth : Response Success!
eth : Save Success!
================================
BTC : Response Success!
BTC : Save Success!
================================
ETH : Response Success!
ETH : Save Success!
================================
btc_krw : Response Success!
btc_krw : Save Success!
================================
eth_krw : Response Success!
eth_krw : Save Success!
================================
Save data finished!
         
[[git run]]
2019-06-14 19:41:42
[master ee1709ec] auto git push
 7 files changed, 131 insertions(+)
 create mode 100644 S3/RAW_DATA/bithumb/2019/06/14/BTC_1560508901061.json
 create mode 100644 S3/RAW_DATA/bithumb/2019/06/14/ETH_1560508901141.json
 create mode 100644 S3/RAW_DATA/coinone/2019/06/14/btc_1560508900.json
 create mode 100644 S3/RAW_DATA/coinone/2019/06/14/eth_1560508900.json
 create mode 100644 S3/RAW_DATA/korbit/2019/06/14/btc_krw_1560508854589.json
 create mode 100644 S3/RAW_DATA/korbit/2019/06/14/eth_krw_1560508854589.json
To github.com:zeuslabs/dees2projectteam2.git
   5db25986..ee1709ec  master -> master
         
[[end task]]
2019-06-14 19:41:48
         
#########################################################
[[start task]]
2019-06-14 19:42:48
btc : Response Success!
btc : Save Success!
================================
eth : Response Success!
eth : Save Success!
================================
BTC : Response Success!
BTC : Save Success!
================================
ETH : Response Success!
ETH : Save Success!
================================
btc_krw : Response Success!
btc_krw : Save Success!
================================
eth_krw : Response Success!
eth_krw : Save Success!
================================
Save data finished!
         
[[git run]]
2019-06-14 19:42:51
[master 5553b9c4] auto git push
 7 files changed, 131 insertions(+)
 create mode 100644 S3/RAW_DATA/bithumb/2019/06/14/BTC_1560508970574.json
 create mode 100644 S3/RAW_DATA/bithumb/2019/06/14/ETH_1560508970639.json
 create mode 100644 S3/RAW_DATA/coinone/2019/06/14/btc_1560508970.json
 create mode 100644 S3/RAW_DATA/coinone/2019/06/14/eth_1560508970.json
 create mode 100644 S3/RAW_DATA/korbit/2019/06/14/btc_krw_1560508936660.json
 create mode 100644 S3/RAW_DATA/korbit/2019/06/14/eth_krw_1560508936660.json
To github.com:zeuslabs/dees2projectteam2.git
   ee1709ec..5553b9c4  master -> master
         
[[end task]]
2019-06-14 19:42:57
         
#########################################################
[[start task]]
2019-06-14 19:43:58
btc : Response Success!
btc : Save Success!
================================
eth : Response Success!
eth : Save Success!
================================
BTC : Response Success!
BTC : Save Success!
================================
ETH : Response Success!
ETH : Save Success!
================================
btc_krw : Response Success!
btc_krw : Save Success!
================================
eth_krw : Response Success!
eth_krw : Save Success!
================================
Save data finished!
         
[[git run]]
2019-06-14 19:44:01
[master ea981b56] auto git push
 7 files changed, 109 insertions(+), 2 deletions(-)
 create mode 100644 S3/RAW_DATA/bithumb/2019/06/14/BTC_1560509040379.json
 create mode 100644 S3/RAW_DATA/bithumb/2019/06/14/ETH_1560509040464.json
 create mode 100644 S3/RAW_DATA/coinone/2019/06/14/btc_1560509040.json
 create mode 100644 S3/RAW_DATA/coinone/2019/06/14/eth_1560509040.json
To github.com:zeuslabs/dees2projectteam2.git
   5553b9c4..ea981b56  master -> master
         
[[end task]]
2019-06-14 19:44:09
         
#########################################################
[[start task]]
2019-06-14 19:45:10
btc : Response Success!
btc : Save Success!
================================
eth : Response Success!
eth : Save Success!
================================
BTC : Response Success!
BTC : Save Success!
================================
ETH : Response Success!
ETH : Save Success!
================================
btc_krw : Response Success!
btc_krw : Save Success!
================================
eth_krw : Response Success!
eth_krw : Save Success!
================================
Save data finished!
         
[[git run]]
2019-06-14 19:45:13
[master 3cfa81c0] auto git push
 7 files changed, 129 insertions(+)
 create mode 100644 S3/RAW_DATA/bithumb/2019/06/14/BTC_1560509112641.json
 create mode 100644 S3/RAW_DATA/bithumb/2019/06/14/ETH_1560509112553.json
 create mode 100644 S3/RAW_DATA/coinone/2019/06/14/btc_1560509112.json
 create mode 100644 S3/RAW_DATA/coinone/2019/06/14/eth_1560509112.json
 create mode 100644 S3/RAW_DATA/korbit/2019/06/14/btc_krw_1560509096913.json
 create mode 100644 S3/RAW_DATA/korbit/2019/06/14/eth_krw_1560509096913.json
To github.com:zeuslabs/dees2projectteam2.git
   ea981b56..3cfa81c0  master -> master
         
[[end task]]
2019-06-14 19:45:19
         
#########################################################
[[start task]]
2019-06-14 19:46:19
btc : Response Success!
btc : Save Success!
================================
eth : Response Success!
eth : Save Success!
================================
BTC : Response Success!
BTC : Save Success!
================================
ETH : Response Success!
ETH : Save Success!
================================
btc_krw : Response Success!
btc_krw : Save Success!
================================
eth_krw : Response Success!
eth_krw : Save Success!
================================
Save data finished!
         
[[git run]]
2019-06-14 19:46:22
[master 2a2af47a] auto git push
 7 files changed, 131 insertions(+)
 create mode 100644 S3/RAW_DATA/bithumb/2019/06/14/BTC_1560509181282.json
 create mode 100644 S3/RAW_DATA/bithumb/2019/06/14/ETH_1560509181388.json
 create mode 100644 S3/RAW_DATA/coinone/2019/06/14/btc_1560509181.json
 create mode 100644 S3/RAW_DATA/coinone/2019/06/14/eth_1560509181.json
 create mode 100644 S3/RAW_DATA/korbit/2019/06/14/btc_krw_1560509144419.json
 create mode 100644 S3/RAW_DATA/korbit/2019/06/14/eth_krw_1560509144419.json
To github.com:zeuslabs/dees2projectteam2.git
   3cfa81c0..2a2af47a  master -> master
         
[[end task]]
2019-06-14 19:46:28
         
#########################################################
[[start task]]
2019-06-14 19:47:32
btc : Response Success!
btc : Save Success!
================================
eth : Response Success!
eth : Save Success!
================================
BTC : Response Success!
BTC : Save Success!
================================
ETH : Response Success!
ETH : Save Success!
================================
btc_krw : Response Success!
btc_krw : Save Success!
================================
eth_krw : Response Success!
eth_krw : Save Success!
================================
Save data finished!
         
[[git run]]
2019-06-14 19:47:35
[master 10227045] auto git push
 7 files changed, 111 insertions(+), 4 deletions(-)
 create mode 100644 S3/RAW_DATA/bithumb/2019/06/14/BTC_1560509254014.json
 create mode 100644 S3/RAW_DATA/bithumb/2019/06/14/ETH_1560509254108.json
 create mode 100644 S3/RAW_DATA/coinone/2019/06/14/btc_1560509253.json
 create mode 100644 S3/RAW_DATA/coinone/2019/06/14/eth_1560509254.json
To github.com:zeuslabs/dees2projectteam2.git
   2a2af47a..10227045  master -> master
         
[[end task]]
2019-06-14 19:47:41
         
#########################################################
[[start task]]
2019-06-14 19:48:42
btc : Response Success!
btc : Save Success!
================================
eth : Response Success!
eth : Save Success!
================================
BTC : Response Success!
BTC : Save Success!
================================
ETH : Response Success!
ETH : Save Success!
================================
btc_krw : Response Success!
btc_krw : Save Success!
================================
eth_krw : Response Success!
eth_krw : Save Success!
================================
Save data finished!
         
[[git run]]
2019-06-14 19:48:45
[master 2dbc922a] auto git push
 7 files changed, 129 insertions(+)
 create mode 100644 S3/RAW_DATA/bithumb/2019/06/14/BTC_1560509324086.json
 create mode 100644 S3/RAW_DATA/bithumb/2019/06/14/ETH_1560509324048.json
 create mode 100644 S3/RAW_DATA/coinone/2019/06/14/btc_1560509323.json
 create mode 100644 S3/RAW_DATA/coinone/2019/06/14/eth_1560509323.json
 create mode 100644 S3/RAW_DATA/korbit/2019/06/14/btc_krw_1560509313916.json
 create mode 100644 S3/RAW_DATA/korbit/2019/06/14/eth_krw_1560509313916.json
To github.com:zeuslabs/dees2projectteam2.git
   10227045..2dbc922a  master -> master
         
[[end task]]
2019-06-14 19:48:50
         
#########################################################
[[start task]]
2019-06-14 19:49:54
btc : Response Success!
btc : Save Success!
================================
eth : Response Success!
eth : Save Success!
================================
BTC : Response Success!
BTC : Save Success!
================================
ETH : Response Success!
ETH : Save Success!
================================
btc_krw : Response Success!
btc_krw : Save Success!
================================
eth_krw : Response Success!
eth_krw : Save Success!
================================
Save data finished!
         
[[git run]]
2019-06-14 19:49:56
[master 7cf4cb96] auto git push
 7 files changed, 131 insertions(+)
 create mode 100644 S3/RAW_DATA/bithumb/2019/06/14/BTC_1560509396002.json
 create mode 100644 S3/RAW_DATA/bithumb/2019/06/14/ETH_1560509396100.json
 create mode 100644 S3/RAW_DATA/coinone/2019/06/14/btc_1560509395.json
 create mode 100644 S3/RAW_DATA/coinone/2019/06/14/eth_1560509395.json
 create mode 100644 S3/RAW_DATA/korbit/2019/06/14/btc_krw_1560509378414.json
 create mode 100644 S3/RAW_DATA/korbit/2019/06/14/eth_krw_1560509378414.json
To github.com:zeuslabs/dees2projectteam2.git
   2dbc922a..7cf4cb96  master -> master
         
[[end task]]
2019-06-14 19:50:06
         
#########################################################
[[start task]]
2019-06-14 19:51:12
btc : Response Success!
btc : Save Success!
================================
eth : Response Success!
eth : Save Success!
================================
BTC : Response Success!
BTC : Save Success!
================================
ETH : Response Success!
ETH : Save Success!
================================
btc_krw : Response Success!
btc_krw : Save Success!
================================
eth_krw : Response Success!
eth_krw : Save Success!
================================
Save data finished!
         
[[git run]]
2019-06-14 19:51:15
[master 07954f17] auto git push
 7 files changed, 131 insertions(+)
 create mode 100644 S3/RAW_DATA/bithumb/2019/06/14/BTC_1560509474531.json
 create mode 100644 S3/RAW_DATA/bithumb/2019/06/14/ETH_1560509474783.json
 create mode 100644 S3/RAW_DATA/coinone/2019/06/14/btc_1560509474.json
 create mode 100644 S3/RAW_DATA/coinone/2019/06/14/eth_1560509474.json
 create mode 100644 S3/RAW_DATA/korbit/2019/06/14/btc_krw_1560509433417.json
 create mode 100644 S3/RAW_DATA/korbit/2019/06/14/eth_krw_1560509433417.json
To github.com:zeuslabs/dees2projectteam2.git
   7cf4cb96..07954f17  master -> master
         
[[end task]]
2019-06-14 19:51:21
