         
#########################################################
[[start task]]
2019-06-11 11:00:09
btc : Response Success!
btc : Save Success!
================================
eth : Response Success!
eth : Save Success!
================================
BTC : Response Success!
BTC : Save Success!
================================
ETH : Response Success!
ETH : Save Success!
================================
btc_krw : Response Success!
btc_krw : Save Success!
================================
eth_krw : Response Success!
eth_krw : Save Success!
================================
Save data finished!
         
[[git run]]
2019-06-11 11:00:14
[master 3529f30] auto git push
 8 files changed, 117 insertions(+), 10 deletions(-)
 create mode 100644 S3/RAW_DATA/bithumb/2019/06/11/BTC_1560218411291.json
 create mode 100644 S3/RAW_DATA/bithumb/2019/06/11/ETH_1560218411747.json
 create mode 100644 S3/RAW_DATA/coinone/2019/06/11/btc_1560218409.json
 create mode 100644 S3/RAW_DATA/coinone/2019/06/11/eth_1560218410.json
 create mode 100644 log/collect_2019061111.log
To github.com:zeuslabs/dees2projectteam2.git
   e697842..3529f30  master -> master
         
[[end task]]
2019-06-11 11:00:20
         
#########################################################
[[start task]]
2019-06-11 11:01:17
btc : Response Success!
btc : Save Success!
================================
eth : Response Success!
eth : Save Success!
================================
BTC : Response Success!
BTC : Save Success!
================================
ETH : Response Success!
ETH : Save Success!
================================
btc_krw : Response Success!
btc_krw : Save Success!
================================
eth_krw : Response Success!
eth_krw : Save Success!
================================
Save data finished!
         
[[git run]]
2019-06-11 11:01:19
