         
#########################################################
[[start task]]
2019-06-10 18:01:01
btc : Response Success!
btc : Save Success!
================================
eth : Response Success!
eth : Save Success!
================================
BTC : Response Success!
BTC : Save Success!
================================
ETH : Response Success!
ETH : Save Success!
================================
btc_krw : Response Success!
btc_krw : Save Success!
================================
eth_krw : Response Success!
eth_krw : Save Success!
================================
Save data finished!
         
[[git run]]
2019-06-10 18:01:05
[master 700d3b9] auto git push
 8 files changed, 109 insertions(+), 4 deletions(-)
 create mode 100644 S3/RAW_DATA/bithumb/2019/06/10/BTC_1560157264288.json
 create mode 100644 S3/RAW_DATA/bithumb/2019/06/10/ETH_1560157264367.json
 create mode 100644 S3/RAW_DATA/coinone/2019/06/10/btc_1560157264.json
 create mode 100644 S3/RAW_DATA/coinone/2019/06/10/eth_1560157264.json
 create mode 100644 log/collect_2019061018.log
To github.com:zeuslabs/dees2projectteam2.git
   3afdb0d..700d3b9  master -> master
         
[[end task]]
2019-06-10 18:01:11
         
#########################################################
[[start task]]
2019-06-10 18:02:25
btc : Response Success!
btc : Save Success!
================================
eth : Response Success!
eth : Save Success!
================================
BTC : Response Success!
BTC : Save Success!
================================
ETH : Response Success!
ETH : Save Success!
================================
btc_krw : Response Success!
btc_krw : Save Success!
================================
eth_krw : Response Success!
eth_krw : Save Success!
================================
Save data finished!
         
[[git run]]
2019-06-10 18:02:28
[master 551f51a] auto git push
 5 files changed, 106 insertions(+)
 create mode 100644 S3/RAW_DATA/bithumb/2019/06/10/BTC_1560157347733.json
 create mode 100644 S3/RAW_DATA/bithumb/2019/06/10/ETH_1560157347811.json
 create mode 100644 S3/RAW_DATA/coinone/2019/06/10/btc_1560157347.json
 create mode 100644 S3/RAW_DATA/coinone/2019/06/10/eth_1560157347.json
To github.com:zeuslabs/dees2projectteam2.git
   700d3b9..551f51a  master -> master
         
[[end task]]
2019-06-10 18:02:34
         
#########################################################
[[start task]]
2019-06-10 18:03:44
btc : Response Success!
btc : Save Success!
================================
eth : Response Success!
eth : Save Success!
================================
BTC : Response Success!
BTC : Save Success!
================================
ETH : Response Success!
ETH : Save Success!
================================
btc_krw : Response Success!
btc_krw : Save Success!
================================
eth_krw : Response Success!
eth_krw : Save Success!
================================
Save data finished!
         
[[git run]]
2019-06-10 18:03:47
[master cd0b403] auto git push
 7 files changed, 109 insertions(+), 4 deletions(-)
 create mode 100644 S3/RAW_DATA/bithumb/2019/06/10/BTC_1560157426219.json
 create mode 100644 S3/RAW_DATA/bithumb/2019/06/10/ETH_1560157426320.json
 create mode 100644 S3/RAW_DATA/coinone/2019/06/10/btc_1560157426.json
 create mode 100644 S3/RAW_DATA/coinone/2019/06/10/eth_1560157426.json
To github.com:zeuslabs/dees2projectteam2.git
   551f51a..cd0b403  master -> master
         
[[end task]]
2019-06-10 18:03:53
         
#########################################################
[[start task]]
2019-06-10 18:05:07
btc : Response Success!
btc : Save Success!
================================
eth : Response Success!
eth : Save Success!
================================
BTC : Response Success!
BTC : Save Success!
================================
ETH : Response Success!
ETH : Save Success!
================================
btc_krw : Response Success!
btc_krw : Save Success!
================================
eth_krw : Response Success!
eth_krw : Save Success!
================================
Save data finished!
         
[[git run]]
2019-06-10 18:05:11
[master 8766e16] auto git push
 7 files changed, 129 insertions(+)
 create mode 100644 S3/RAW_DATA/bithumb/2019/06/10/BTC_1560157510051.json
 create mode 100644 S3/RAW_DATA/bithumb/2019/06/10/ETH_1560157510209.json
 create mode 100644 S3/RAW_DATA/coinone/2019/06/10/btc_1560157509.json
 create mode 100644 S3/RAW_DATA/coinone/2019/06/10/eth_1560157510.json
 create mode 100644 S3/RAW_DATA/korbit/2019/06/10/btc_krw_1560157456421.json
 create mode 100644 S3/RAW_DATA/korbit/2019/06/10/eth_krw_1560157456421.json
To github.com:zeuslabs/dees2projectteam2.git
   cd0b403..8766e16  master -> master
         
[[end task]]
2019-06-10 18:05:17
         
#########################################################
[[start task]]
2019-06-10 18:06:32
btc : Response Success!
btc : Save Success!
================================
eth : Response Success!
eth : Save Success!
================================
BTC : Response Success!
BTC : Save Success!
================================
ETH : Response Success!
ETH : Save Success!
================================
btc_krw : Response Success!
btc_krw : Save Success!
================================
eth_krw : Response Success!
eth_krw : Save Success!
================================
Save data finished!
         
[[git run]]
2019-06-10 18:06:35
