btc : Response Success!
btc : Save Success!
================================
eth : Response Success!
eth : Save Success!
================================
BTC : Response Success!
BTC : Save Success!
================================
ETH : Response Success!
ETH : Save Success!
================================
btc_krw : Response Success!
btc_krw : Save Success!
================================
eth_krw : Response Success!
eth_krw : Save Success!
================================
Save data finished!
2019-06-09 22:21:44
[master fafb5dc] update
 8 files changed, 122 insertions(+)
 create mode 100644 S3/RAW_DATA/bithumb/2019/06/09/BTC_1560086495093.json
 create mode 100644 S3/RAW_DATA/bithumb/2019/06/09/ETH_1560086495173.json
 create mode 100644 S3/RAW_DATA/coinone/2019/06/09/btc_1560086495.json
 create mode 100644 S3/RAW_DATA/coinone/2019/06/09/eth_1560086495.json
 create mode 100644 S3/RAW_DATA/korbit/2019/06/09/btc_krw_1560086483756.json
 create mode 100644 S3/RAW_DATA/korbit/2019/06/09/eth_krw_1560086483756.json
 create mode 100644 log/collect_20190609222142.log
To github.com:zeuslabs/dees2projectteam2.git
   e5e3b37..fafb5dc  master -> master
2019-06-09 22:21:49
