btc : Response Success!
btc : Save Success!
================================
eth : Response Success!
eth : Save Success!
================================
BTC : Response Success!
BTC : Save Success!
================================
ETH : Response Success!
ETH : Save Success!
================================
btc_krw : Response Success!
btc_krw : Save Success!
================================
eth_krw : Response Success!
eth_krw : Save Success!
================================
Save data finished!
2019-06-09 04:43:17
[master 850073f] update
 9 files changed, 124 insertions(+), 1 deletion(-)
 create mode 100644 S3/RAW_DATA/bithumb/2019/06/09/BTC_1560022989218.json
 create mode 100644 S3/RAW_DATA/bithumb/2019/06/09/ETH_1560022989293.json
 create mode 100644 S3/RAW_DATA/coinone/2019/06/09/btc_1560022989.json
 create mode 100644 S3/RAW_DATA/coinone/2019/06/09/eth_1560022989.json
 create mode 100644 S3/RAW_DATA/korbit/2019/06/09/btc_krw_1560022949024.json
 create mode 100644 S3/RAW_DATA/korbit/2019/06/09/eth_krw_1560022949024.json
 create mode 100644 log/collect_20190609044313.log
To github.com:zeuslabs/dees2projectteam2.git
   7673805..850073f  master -> master
2019-06-09 04:43:23
