         
#########################################################
[[start task]]
2019-06-11 10:01:09
btc : Response Success!
btc : Save Success!
================================
eth : Response Success!
eth : Save Success!
================================
BTC : Response Success!
BTC : Save Success!
================================
ETH : Response Success!
ETH : Save Success!
================================
btc_krw : Response Success!
btc_krw : Save Success!
================================
eth_krw : Response Success!
eth_krw : Save Success!
================================
Save data finished!
         
[[git run]]
2019-06-11 10:01:11
[master d96cd72] auto git push
 8 files changed, 115 insertions(+), 10 deletions(-)
 create mode 100644 S3/RAW_DATA/bithumb/2019/06/11/BTC_1560214869649.json
 create mode 100644 S3/RAW_DATA/bithumb/2019/06/11/ETH_1560214869745.json
 create mode 100644 S3/RAW_DATA/coinone/2019/06/11/btc_1560214869.json
 create mode 100644 S3/RAW_DATA/coinone/2019/06/11/eth_1560214869.json
 create mode 100644 log/collect_2019061110.log
To github.com:zeuslabs/dees2projectteam2.git
   341e3d3..d96cd72  master -> master
         
[[end task]]
2019-06-11 10:01:16
         
#########################################################
[[start task]]
2019-06-11 10:02:13
btc : Response Success!
btc : Save Success!
================================
eth : Response Success!
eth : Save Success!
================================
BTC : Response Success!
BTC : Save Success!
================================
ETH : Response Success!
ETH : Save Success!
================================
btc_krw : Response Success!
btc_krw : Save Success!
================================
eth_krw : Response Success!
eth_krw : Save Success!
================================
Save data finished!
         
[[git run]]
2019-06-11 10:02:15
