         
#########################################################
[[start task]]
2019-06-10 14:01:07
btc : Response Success!
btc : Save Success!
================================
eth : Response Success!
eth : Save Success!
================================
BTC : Response Success!
BTC : Save Success!
================================
ETH : Response Success!
ETH : Save Success!
================================
btc_krw : Response Success!
btc_krw : Save Success!
================================
eth_krw : Response Success!
eth_krw : Save Success!
================================
Save data finished!
         
[[git run]]
2019-06-10 14:01:11
[master 9f032e6] auto git push
 8 files changed, 131 insertions(+)
 create mode 100644 S3/RAW_DATA/bithumb/2019/06/10/BTC_1560142870426.json
 create mode 100644 S3/RAW_DATA/bithumb/2019/06/10/ETH_1560142870646.json
 create mode 100644 S3/RAW_DATA/coinone/2019/06/10/btc_1560142870.json
 create mode 100644 S3/RAW_DATA/coinone/2019/06/10/eth_1560142870.json
 create mode 100644 S3/RAW_DATA/korbit/2019/06/10/btc_krw_1560142862969.json
 create mode 100644 S3/RAW_DATA/korbit/2019/06/10/eth_krw_1560142862969.json
 create mode 100644 log/collect_2019061014.log
To github.com:zeuslabs/dees2projectteam2.git
   a9cb86d..9f032e6  master -> master
         
[[end task]]
2019-06-10 14:01:17
         
#########################################################
[[start task]]
2019-06-10 14:02:15
btc : Response Success!
btc : Save Success!
================================
eth : Response Success!
eth : Save Success!
================================
BTC : Response Success!
BTC : Save Success!
================================
ETH : Response Success!
ETH : Save Success!
================================
btc_krw : Response Success!
btc_krw : Save Success!
================================
eth_krw : Response Success!
eth_krw : Save Success!
================================
Save data finished!
         
[[git run]]
2019-06-10 14:02:17
