         
#########################################################
[[start task]]
2019-06-12 13:14:46
btc : Response Success!
btc : Save Success!
================================
eth : Response Success!
eth : Save Success!
================================
BTC : Response Success!
BTC : Save Success!
================================
ETH : Response Success!
ETH : Save Success!
================================
btc_krw : Response Success!
btc_krw : Save Success!
================================
eth_krw : Response Success!
eth_krw : Save Success!
================================
Save data finished!
         
[[git run]]
2019-06-12 13:14:52
[master 1b0f934e] auto git push
 8 files changed, 134 insertions(+)
 create mode 100644 S3/RAW_DATA/bithumb/2019/06/12/BTC_1560312885934.json
 create mode 100644 S3/RAW_DATA/bithumb/2019/06/12/ETH_1560312886016.json
 create mode 100644 S3/RAW_DATA/coinone/2019/06/12/btc_1560312886.json
 create mode 100644 S3/RAW_DATA/coinone/2019/06/12/eth_1560312886.json
 create mode 100644 S3/RAW_DATA/korbit/2019/06/12/btc_krw_1560312882951.json
 create mode 100644 S3/RAW_DATA/korbit/2019/06/12/eth_krw_1560312882951.json
 create mode 100644 log/collect_2019061213.log
To github.com:zeuslabs/dees2projectteam2.git
   0b263064..1b0f934e  master -> master
         
[[end task]]
2019-06-12 13:14:57
         
#########################################################
[[start task]]
2019-06-12 13:15:59
btc : Response Success!
btc : Save Success!
================================
eth : Response Success!
eth : Save Success!
================================
BTC : Response Success!
BTC : Save Success!
================================
ETH : Response Success!
ETH : Save Success!
================================
btc_krw : Response Success!
btc_krw : Save Success!
================================
eth_krw : Response Success!
eth_krw : Save Success!
================================
Save data finished!
         
[[git run]]
2019-06-12 13:16:02
[master e16f7991] auto git push
 7 files changed, 120 insertions(+), 12 deletions(-)
 create mode 100644 S3/RAW_DATA/bithumb/2019/06/12/BTC_1560312957845.json
 create mode 100644 S3/RAW_DATA/bithumb/2019/06/12/ETH_1560312957915.json
 create mode 100644 S3/RAW_DATA/coinone/2019/06/12/btc_1560312958.json
 create mode 100644 S3/RAW_DATA/coinone/2019/06/12/eth_1560312958.json
To github.com:zeuslabs/dees2projectteam2.git
   1b0f934e..e16f7991  master -> master
         
[[end task]]
2019-06-12 13:16:12
         
#########################################################
[[start task]]
2019-06-12 13:17:11
btc : Response Success!
btc : Save Success!
================================
eth : Response Success!
eth : Save Success!
================================
BTC : Response Success!
BTC : Save Success!
================================
ETH : Response Success!
ETH : Save Success!
================================
btc_krw : Response Success!
btc_krw : Save Success!
================================
eth_krw : Response Success!
eth_krw : Save Success!
================================
Save data finished!
         
[[git run]]
2019-06-12 13:17:13
