         
#########################################################
[[start task]]
2019-06-10 12:00:30
btc : Response Success!
btc : Save Success!
================================
eth : Response Success!
eth : Save Success!
================================
BTC : Response Success!
BTC : Save Success!
================================
ETH : Response Success!
ETH : Save Success!
================================
btc_krw : Response Success!
btc_krw : Save Success!
================================
eth_krw : Response Success!
eth_krw : Save Success!
================================
Save data finished!
         
[[git run]]
2019-06-10 12:00:33
[master 81e1e54] auto git push
 8 files changed, 129 insertions(+)
 create mode 100644 S3/RAW_DATA/bithumb/2019/06/10/BTC_1560135631691.json
 create mode 100644 S3/RAW_DATA/bithumb/2019/06/10/ETH_1560135632743.json
 create mode 100644 S3/RAW_DATA/coinone/2019/06/10/btc_1560135632.json
 create mode 100644 S3/RAW_DATA/coinone/2019/06/10/eth_1560135632.json
 create mode 100644 S3/RAW_DATA/korbit/2019/06/10/btc_krw_1560135624922.json
 create mode 100644 S3/RAW_DATA/korbit/2019/06/10/eth_krw_1560135624922.json
 create mode 100644 log/collect_2019061012.log
To github.com:zeuslabs/dees2projectteam2.git
   786999b..81e1e54  master -> master
         
[[end task]]
2019-06-10 12:00:38
         
#########################################################
[[start task]]
2019-06-10 12:01:37
btc : Response Success!
btc : Save Success!
================================
eth : Response Success!
eth : Save Success!
================================
BTC : Response Success!
BTC : Save Success!
================================
ETH : Response Success!
ETH : Save Success!
================================
btc_krw : Response Success!
btc_krw : Save Success!
================================
eth_krw : Response Success!
eth_krw : Save Success!
================================
Save data finished!
         
[[git run]]
2019-06-10 12:01:39
