         
#########################################################
[[start task]]
2019-06-11 12:01:11
btc : Response Success!
btc : Save Success!
================================
eth : Response Success!
eth : Save Success!
================================
BTC : Response Success!
BTC : Save Success!
================================
ETH : Response Success!
ETH : Save Success!
================================
btc_krw : Response Success!
btc_krw : Save Success!
================================
eth_krw : Response Success!
eth_krw : Save Success!
================================
Save data finished!
         
[[git run]]
2019-06-11 12:01:13
[master 56562da] auto git push
 8 files changed, 131 insertions(+)
 create mode 100644 S3/RAW_DATA/bithumb/2019/06/11/BTC_1560222073259.json
 create mode 100644 S3/RAW_DATA/bithumb/2019/06/11/ETH_1560222073314.json
 create mode 100644 S3/RAW_DATA/coinone/2019/06/11/btc_1560222073.json
 create mode 100644 S3/RAW_DATA/coinone/2019/06/11/eth_1560222073.json
 create mode 100644 S3/RAW_DATA/korbit/2019/06/11/btc_krw_1560222014917.json
 create mode 100644 S3/RAW_DATA/korbit/2019/06/11/eth_krw_1560222014917.json
 create mode 100644 log/collect_2019061112.log
To github.com:zeuslabs/dees2projectteam2.git
   7310d55..56562da  master -> master
         
[[end task]]
2019-06-11 12:01:18
         
#########################################################
[[start task]]
2019-06-11 12:02:15
btc : Response Success!
btc : Save Success!
================================
eth : Response Success!
eth : Save Success!
================================
BTC : Response Success!
BTC : Save Success!
================================
ETH : Response Success!
ETH : Save Success!
================================
btc_krw : Response Success!
btc_krw : Save Success!
================================
eth_krw : Response Success!
eth_krw : Save Success!
================================
Save data finished!
         
[[git run]]
2019-06-11 12:02:19
[master 52d734b] auto git push
 7 files changed, 116 insertions(+), 8 deletions(-)
 create mode 100644 S3/RAW_DATA/bithumb/2019/06/11/BTC_1560222138552.json
 create mode 100644 S3/RAW_DATA/bithumb/2019/06/11/ETH_1560222138618.json
 create mode 100644 S3/RAW_DATA/coinone/2019/06/11/btc_1560222138.json
 create mode 100644 S3/RAW_DATA/coinone/2019/06/11/eth_1560222138.json
To github.com:zeuslabs/dees2projectteam2.git
   56562da..52d734b  master -> master
         
[[end task]]
2019-06-11 12:02:23
         
#########################################################
[[start task]]
2019-06-11 12:03:24
btc : Response Success!
btc : Save Success!
================================
eth : Response Success!
eth : Save Success!
================================
BTC : Response Success!
BTC : Save Success!
================================
ETH : Response Success!
ETH : Save Success!
================================
btc_krw : Response Success!
btc_krw : Save Success!
================================
eth_krw : Response Success!
eth_krw : Save Success!
================================
Save data finished!
         
[[git run]]
2019-06-11 12:03:26
[master a0a0da1] auto git push
 7 files changed, 115 insertions(+), 10 deletions(-)
 create mode 100644 S3/RAW_DATA/bithumb/2019/06/11/BTC_1560222205389.json
 create mode 100644 S3/RAW_DATA/bithumb/2019/06/11/ETH_1560222205463.json
 create mode 100644 S3/RAW_DATA/coinone/2019/06/11/btc_1560222205.json
 create mode 100644 S3/RAW_DATA/coinone/2019/06/11/eth_1560222205.json
To github.com:zeuslabs/dees2projectteam2.git
   52d734b..a0a0da1  master -> master
         
[[end task]]
2019-06-11 12:03:30
         
#########################################################
[[start task]]
2019-06-11 12:04:31
btc : Response Success!
btc : Save Success!
================================
eth : Response Success!
eth : Save Success!
================================
BTC : Response Success!
BTC : Save Success!
================================
ETH : Response Success!
ETH : Save Success!
================================
btc_krw : Response Success!
btc_krw : Save Success!
================================
eth_krw : Response Success!
eth_krw : Save Success!
================================
Save data finished!
         
[[git run]]
2019-06-11 12:04:33
[master e1428e5] auto git push
 7 files changed, 107 insertions(+), 2 deletions(-)
 create mode 100644 S3/RAW_DATA/bithumb/2019/06/11/BTC_1560222272897.json
 create mode 100644 S3/RAW_DATA/bithumb/2019/06/11/ETH_1560222272874.json
 create mode 100644 S3/RAW_DATA/coinone/2019/06/11/btc_1560222272.json
 create mode 100644 S3/RAW_DATA/coinone/2019/06/11/eth_1560222272.json
To github.com:zeuslabs/dees2projectteam2.git
   a0a0da1..e1428e5  master -> master
         
[[end task]]
2019-06-11 12:04:38
         
#########################################################
[[start task]]
2019-06-11 12:05:41
btc : Response Success!
btc : Save Success!
================================
eth : Response Success!
eth : Save Success!
================================
BTC : Response Success!
BTC : Save Success!
================================
ETH : Response Success!
ETH : Save Success!
================================
btc_krw : Response Success!
btc_krw : Save Success!
================================
eth_krw : Response Success!
eth_krw : Save Success!
================================
Save data finished!
         
[[git run]]
2019-06-11 12:05:45
[master 9ccef89] auto git push
 7 files changed, 115 insertions(+), 10 deletions(-)
 create mode 100644 S3/RAW_DATA/bithumb/2019/06/11/BTC_1560222345160.json
 create mode 100644 S3/RAW_DATA/bithumb/2019/06/11/ETH_1560222345231.json
 create mode 100644 S3/RAW_DATA/coinone/2019/06/11/btc_1560222344.json
 create mode 100644 S3/RAW_DATA/coinone/2019/06/11/eth_1560222344.json
To github.com:zeuslabs/dees2projectteam2.git
   e1428e5..9ccef89  master -> master
         
[[end task]]
2019-06-11 12:05:50
         
#########################################################
[[start task]]
2019-06-11 12:06:54
btc : Response Success!
btc : Save Success!
================================
eth : Response Success!
eth : Save Success!
================================
BTC : Response Success!
BTC : Save Success!
================================
ETH : Response Success!
ETH : Save Success!
================================
btc_krw : Response Success!
btc_krw : Save Success!
================================
eth_krw : Response Success!
eth_krw : Save Success!
================================
Save data finished!
         
[[git run]]
2019-06-11 12:06:57
[master cbee751] auto git push
 7 files changed, 107 insertions(+), 2 deletions(-)
 create mode 100644 S3/RAW_DATA/bithumb/2019/06/11/BTC_1560222417174.json
 create mode 100644 S3/RAW_DATA/bithumb/2019/06/11/ETH_1560222417232.json
 create mode 100644 S3/RAW_DATA/coinone/2019/06/11/btc_1560222416.json
 create mode 100644 S3/RAW_DATA/coinone/2019/06/11/eth_1560222416.json
To github.com:zeuslabs/dees2projectteam2.git
   9ccef89..cbee751  master -> master
         
[[end task]]
2019-06-11 12:07:05
         
#########################################################
[[start task]]
2019-06-11 12:08:02
btc : Response Success!
btc : Save Success!
================================
eth : Response Success!
eth : Save Success!
================================
BTC : Response Success!
BTC : Save Success!
================================
ETH : Response Success!
ETH : Save Success!
================================
btc_krw : Response Success!
btc_krw : Save Success!
================================
eth_krw : Response Success!
eth_krw : Save Success!
================================
Save data finished!
         
[[git run]]
2019-06-11 12:08:06
[master 9dad172] auto git push
 7 files changed, 107 insertions(+), 2 deletions(-)
 create mode 100644 S3/RAW_DATA/bithumb/2019/06/11/BTC_1560222486110.json
 create mode 100644 S3/RAW_DATA/bithumb/2019/06/11/ETH_1560222486194.json
 create mode 100644 S3/RAW_DATA/coinone/2019/06/11/btc_1560222485.json
 create mode 100644 S3/RAW_DATA/coinone/2019/06/11/eth_1560222485.json
To github.com:zeuslabs/dees2projectteam2.git
   cbee751..9dad172  master -> master
         
[[end task]]
2019-06-11 12:08:11
         
#########################################################
[[start task]]
2019-06-11 12:09:16
btc : Response Success!
btc : Save Success!
================================
eth : Response Success!
eth : Save Success!
================================
BTC : Response Success!
BTC : Save Success!
================================
ETH : Response Success!
ETH : Save Success!
================================
btc_krw : Response Success!
btc_krw : Save Success!
================================
eth_krw : Response Success!
eth_krw : Save Success!
================================
Save data finished!
         
[[git run]]
2019-06-11 12:09:20
[master dccd4be] auto git push
 5 files changed, 105 insertions(+)
 create mode 100644 S3/RAW_DATA/bithumb/2019/06/11/BTC_1560222560202.json
 create mode 100644 S3/RAW_DATA/bithumb/2019/06/11/ETH_1560222560279.json
 create mode 100644 S3/RAW_DATA/coinone/2019/06/11/btc_1560222559.json
 create mode 100644 S3/RAW_DATA/coinone/2019/06/11/eth_1560222559.json
To github.com:zeuslabs/dees2projectteam2.git
   9dad172..dccd4be  master -> master
         
[[end task]]
2019-06-11 12:09:28
         
#########################################################
[[start task]]
2019-06-11 12:10:33
btc : Response Success!
btc : Save Success!
================================
eth : Response Success!
eth : Save Success!
================================
BTC : Response Success!
BTC : Save Success!
================================
ETH : Response Success!
ETH : Save Success!
================================
btc_krw : Response Success!
btc_krw : Save Success!
================================
eth_krw : Response Success!
eth_krw : Save Success!
================================
Save data finished!
         
[[git run]]
2019-06-11 12:10:36
[master 0da9030] auto git push
 7 files changed, 115 insertions(+), 10 deletions(-)
 create mode 100644 S3/RAW_DATA/bithumb/2019/06/11/BTC_1560222636362.json
 create mode 100644 S3/RAW_DATA/bithumb/2019/06/11/ETH_1560222636441.json
 create mode 100644 S3/RAW_DATA/coinone/2019/06/11/btc_1560222636.json
 create mode 100644 S3/RAW_DATA/coinone/2019/06/11/eth_1560222636.json
To github.com:zeuslabs/dees2projectteam2.git
   dccd4be..0da9030  master -> master
         
[[end task]]
2019-06-11 12:10:42
         
#########################################################
[[start task]]
2019-06-11 12:11:41
btc : Response Success!
btc : Save Success!
================================
eth : Response Success!
eth : Save Success!
================================
BTC : Response Success!
BTC : Save Success!
================================
ETH : Response Success!
ETH : Save Success!
================================
btc_krw : Response Success!
btc_krw : Save Success!
================================
eth_krw : Response Success!
eth_krw : Save Success!
================================
Save data finished!
         
[[git run]]
2019-06-11 12:11:45
[master 86f2cd6] auto git push
 7 files changed, 129 insertions(+)
 create mode 100644 S3/RAW_DATA/bithumb/2019/06/11/BTC_1560222704987.json
 create mode 100644 S3/RAW_DATA/bithumb/2019/06/11/ETH_1560222705065.json
 create mode 100644 S3/RAW_DATA/coinone/2019/06/11/btc_1560222704.json
 create mode 100644 S3/RAW_DATA/coinone/2019/06/11/eth_1560222704.json
 create mode 100644 S3/RAW_DATA/korbit/2019/06/11/btc_krw_1560222661921.json
 create mode 100644 S3/RAW_DATA/korbit/2019/06/11/eth_krw_1560222661921.json
To github.com:zeuslabs/dees2projectteam2.git
   0da9030..86f2cd6  master -> master
         
[[end task]]
2019-06-11 12:11:50
         
#########################################################
[[start task]]
2019-06-11 12:12:56
btc : Response Success!
btc : Save Success!
================================
eth : Response Success!
eth : Save Success!
================================
BTC : Response Success!
BTC : Save Success!
================================
ETH : Response Success!
ETH : Save Success!
================================
btc_krw : Response Success!
btc_krw : Save Success!
================================
eth_krw : Response Success!
eth_krw : Save Success!
================================
Save data finished!
         
[[git run]]
2019-06-11 12:13:01
[master 393b5e3] auto git push
 7 files changed, 125 insertions(+), 6 deletions(-)
 create mode 100644 S3/RAW_DATA/bithumb/2019/06/11/BTC_1560222780464.json
 create mode 100644 S3/RAW_DATA/bithumb/2019/06/11/ETH_1560222780381.json
 create mode 100644 S3/RAW_DATA/coinone/2019/06/11/btc_1560222780.json
 create mode 100644 S3/RAW_DATA/coinone/2019/06/11/eth_1560222780.json
 create mode 100644 S3/RAW_DATA/korbit/2019/06/11/eth_krw_1560222780414.json
To github.com:zeuslabs/dees2projectteam2.git
   86f2cd6..393b5e3  master -> master
         
[[end task]]
2019-06-11 12:13:07
         
#########################################################
[[start task]]
2019-06-11 12:14:05
btc : Response Success!
btc : Save Success!
================================
eth : Response Success!
eth : Save Success!
================================
BTC : Response Success!
BTC : Save Success!
================================
ETH : Response Success!
ETH : Save Success!
================================
btc_krw : Response Success!
btc_krw : Save Success!
================================
eth_krw : Response Success!
eth_krw : Save Success!
================================
Save data finished!
         
[[git run]]
2019-06-11 12:14:09
[master cd34bda] auto git push
 7 files changed, 124 insertions(+), 6 deletions(-)
 create mode 100644 S3/RAW_DATA/bithumb/2019/06/11/BTC_1560222848602.json
 create mode 100644 S3/RAW_DATA/bithumb/2019/06/11/ETH_1560222848891.json
 create mode 100644 S3/RAW_DATA/coinone/2019/06/11/btc_1560222848.json
 create mode 100644 S3/RAW_DATA/coinone/2019/06/11/eth_1560222848.json
 create mode 100644 S3/RAW_DATA/korbit/2019/06/11/btc_krw_1560222780414.json
To github.com:zeuslabs/dees2projectteam2.git
   393b5e3..cd34bda  master -> master
         
[[end task]]
2019-06-11 12:14:14
         
#########################################################
[[start task]]
2019-06-11 12:15:13
btc : Response Success!
btc : Save Success!
================================
eth : Response Success!
eth : Save Success!
================================
BTC : Response Success!
BTC : Save Success!
================================
ETH : Response Success!
ETH : Save Success!
================================
btc_krw : Response Success!
btc_krw : Save Success!
================================
eth_krw : Response Success!
eth_krw : Save Success!
================================
Save data finished!
         
[[git run]]
2019-06-11 12:15:18
[master 9627599] auto git push
 7 files changed, 130 insertions(+)
 create mode 100644 S3/RAW_DATA/bithumb/2019/06/11/BTC_1560222917067.json
 create mode 100644 S3/RAW_DATA/bithumb/2019/06/11/ETH_1560222917400.json
 create mode 100644 S3/RAW_DATA/coinone/2019/06/11/btc_1560222916.json
 create mode 100644 S3/RAW_DATA/coinone/2019/06/11/eth_1560222916.json
 create mode 100644 S3/RAW_DATA/korbit/2019/06/11/btc_krw_1560222914047.json
 create mode 100644 S3/RAW_DATA/korbit/2019/06/11/eth_krw_1560222917416.json
To github.com:zeuslabs/dees2projectteam2.git
   cd34bda..9627599  master -> master
         
[[end task]]
2019-06-11 12:15:25
         
#########################################################
[[start task]]
2019-06-11 12:16:22
btc : Response Success!
btc : Save Success!
================================
eth : Response Success!
eth : Save Success!
================================
BTC : Response Success!
BTC : Save Success!
================================
ETH : Response Success!
ETH : Save Success!
================================
btc_krw : Response Success!
btc_krw : Save Success!
================================
eth_krw : Response Success!
eth_krw : Save Success!
================================
Save data finished!
         
[[git run]]
2019-06-11 12:16:27
[master ecb7866] auto git push
 7 files changed, 131 insertions(+)
 create mode 100644 S3/RAW_DATA/bithumb/2019/06/11/BTC_1560222986729.json
 create mode 100644 S3/RAW_DATA/bithumb/2019/06/11/ETH_1560222986660.json
 create mode 100644 S3/RAW_DATA/coinone/2019/06/11/btc_1560222986.json
 create mode 100644 S3/RAW_DATA/coinone/2019/06/11/eth_1560222986.json
 create mode 100644 S3/RAW_DATA/korbit/2019/06/11/btc_krw_1560222983914.json
 create mode 100644 S3/RAW_DATA/korbit/2019/06/11/eth_krw_1560222983914.json
To github.com:zeuslabs/dees2projectteam2.git
   9627599..ecb7866  master -> master
         
[[end task]]
2019-06-11 12:16:32
         
#########################################################
[[start task]]
2019-06-11 12:17:35
btc : Response Success!
btc : Save Success!
================================
eth : Response Success!
eth : Save Success!
================================
BTC : Response Success!
BTC : Save Success!
================================
ETH : Response Success!
ETH : Save Success!
================================
btc_krw : Response Success!
btc_krw : Save Success!
================================
eth_krw : Response Success!
eth_krw : Save Success!
================================
Save data finished!
         
[[git run]]
2019-06-11 12:17:39
[master 6efca64] auto git push
 7 files changed, 131 insertions(+)
 create mode 100644 S3/RAW_DATA/bithumb/2019/06/11/BTC_1560223059342.json
 create mode 100644 S3/RAW_DATA/bithumb/2019/06/11/ETH_1560223059400.json
 create mode 100644 S3/RAW_DATA/coinone/2019/06/11/btc_1560223059.json
 create mode 100644 S3/RAW_DATA/coinone/2019/06/11/eth_1560223059.json
 create mode 100644 S3/RAW_DATA/korbit/2019/06/11/btc_krw_1560223051945.json
 create mode 100644 S3/RAW_DATA/korbit/2019/06/11/eth_krw_1560223051945.json
To github.com:zeuslabs/dees2projectteam2.git
   ecb7866..6efca64  master -> master
         
[[end task]]
2019-06-11 12:17:45
         
#########################################################
[[start task]]
2019-06-11 12:18:44
btc : Response Success!
btc : Save Success!
================================
eth : Response Success!
eth : Save Success!
================================
BTC : Response Success!
BTC : Save Success!
================================
ETH : Response Success!
ETH : Save Success!
================================
btc_krw : Response Success!
btc_krw : Save Success!
================================
eth_krw : Response Success!
eth_krw : Save Success!
================================
Save data finished!
         
[[git run]]
2019-06-11 12:18:48
[master ae3c594] auto git push
 7 files changed, 117 insertions(+), 10 deletions(-)
 create mode 100644 S3/RAW_DATA/bithumb/2019/06/11/BTC_1560223127808.json
 create mode 100644 S3/RAW_DATA/bithumb/2019/06/11/ETH_1560223127883.json
 create mode 100644 S3/RAW_DATA/coinone/2019/06/11/btc_1560223127.json
 create mode 100644 S3/RAW_DATA/coinone/2019/06/11/eth_1560223127.json
To github.com:zeuslabs/dees2projectteam2.git
   6efca64..ae3c594  master -> master
         
[[end task]]
2019-06-11 12:18:53
         
#########################################################
[[start task]]
2019-06-11 12:19:54
btc : Response Success!
btc : Save Success!
================================
eth : Response Success!
eth : Save Success!
================================
BTC : Response Success!
BTC : Save Success!
================================
ETH : Response Success!
ETH : Save Success!
================================
btc_krw : Response Success!
btc_krw : Save Success!
================================
eth_krw : Response Success!
eth_krw : Save Success!
================================
Save data finished!
         
[[git run]]
2019-06-11 12:19:58
