btc : Response Success!
btc : Save Success!
================================
eth : Response Success!
eth : Save Success!
================================
BTC : Response Success!
BTC : Save Success!
================================
ETH : Response Success!
ETH : Save Success!
================================
btc_krw : Response Success!
btc_krw : Save Success!
================================
eth_krw : Response Success!
eth_krw : Save Success!
================================
Save data finished!
2019-06-10 10:39:14
[master feb6782] update
 8 files changed, 130 insertions(+)
 create mode 100644 S3/RAW_DATA/bithumb/2019/06/10/BTC_1560130753522.json
 create mode 100644 S3/RAW_DATA/bithumb/2019/06/10/ETH_1560130753624.json
 create mode 100644 S3/RAW_DATA/coinone/2019/06/10/btc_1560130754.json
 create mode 100644 S3/RAW_DATA/coinone/2019/06/10/eth_1560130754.json
 create mode 100644 S3/RAW_DATA/korbit/2019/06/10/btc_krw_1560130751919.json
 create mode 100644 S3/RAW_DATA/korbit/2019/06/10/eth_krw_1560130751919.json
 create mode 100644 log/collect_20190610103912.log
To github.com:zeuslabs/dees2projectteam2.git
 ! [rejected]        master -> master (fetch first)
error: failed to push some refs to 'git@github.com:zeuslabs/dees2projectteam2.git'
hint: Updates were rejected because the remote contains work that you do
hint: not have locally. This is usually caused by another repository pushing
hint: to the same ref. You may want to first integrate the remote changes
hint: (e.g., 'git pull ...') before pushing again.
hint: See the 'Note about fast-forwards' in 'git push --help' for details.
2019-06-10 10:39:17
