btc : Response Success!
btc : Save Success!
================================
eth : Response Success!
eth : Save Success!
================================
BTC : Response Success!
BTC : Save Success!
================================
ETH : Response Success!
ETH : Save Success!
================================
btc_krw : Response Success!
btc_krw : Save Success!
================================
eth_krw : Response Success!
eth_krw : Save Success!
================================
Save data finished!
On branch master
Your branch is up to date with 'origin/master'.

Changes not staged for commit:
	modified:   ../bin/collect.sh

Untracked files:
	../S3/RAW_DATA/bithumb/2019/06/09/BTC_1560022405073.json
	../S3/RAW_DATA/bithumb/2019/06/09/BTC_1560022449378.json
	../S3/RAW_DATA/bithumb/2019/06/09/BTC_1560022509914.json
	../S3/RAW_DATA/bithumb/2019/06/09/ETH_1560022405073.json
	../S3/RAW_DATA/bithumb/2019/06/09/ETH_1560022449461.json
	../S3/RAW_DATA/bithumb/2019/06/09/ETH_1560022509972.json
	../S3/RAW_DATA/coinone/2019/06/09/btc_1560022404.json
	../S3/RAW_DATA/coinone/2019/06/09/btc_1560022449.json
	../S3/RAW_DATA/coinone/2019/06/09/btc_1560022509.json
	../S3/RAW_DATA/coinone/2019/06/09/eth_1560022405.json
	../S3/RAW_DATA/coinone/2019/06/09/eth_1560022449.json
	../S3/RAW_DATA/coinone/2019/06/09/eth_1560022510.json
	../S3/RAW_DATA/korbit/2019/06/09/btc_krw_1560022388594.json
	../S3/RAW_DATA/korbit/2019/06/09/eth_krw_1560022388594.json
	../log/collect_20190609043328.log
	../log/collect_20190609043413.log
	../log/collect_20190609043514.log

no changes added to commit
Everything up-to-date
