         
#########################################################
[[start task]]
2019-06-12 14:00:10
btc : Response Success!
btc : Save Success!
================================
eth : Response Success!
eth : Save Success!
================================
BTC : Response Success!
BTC : Save Success!
================================
ETH : Response Success!
ETH : Save Success!
================================
btc_krw : Response Success!
btc_krw : Save Success!
================================
eth_krw : Response Success!
eth_krw : Save Success!
================================
Save data finished!
         
[[git run]]
2019-06-12 14:00:12
[master 77839f13] auto git push
 8 files changed, 131 insertions(+)
 create mode 100644 S3/RAW_DATA/bithumb/2019/06/12/BTC_1560315608773.json
 create mode 100644 S3/RAW_DATA/bithumb/2019/06/12/ETH_1560315608222.json
 create mode 100644 S3/RAW_DATA/coinone/2019/06/12/btc_1560315608.json
 create mode 100644 S3/RAW_DATA/coinone/2019/06/12/eth_1560315608.json
 create mode 100644 S3/RAW_DATA/korbit/2019/06/12/btc_krw_1560315608167.json
 create mode 100644 S3/RAW_DATA/korbit/2019/06/12/eth_krw_1560315608167.json
 create mode 100644 log/collect_2019061214.log
To github.com:zeuslabs/dees2projectteam2.git
   764c9902..77839f13  master -> master
         
[[end task]]
2019-06-12 14:00:18
         
#########################################################
[[start task]]
2019-06-12 14:01:18
btc : Response Success!
btc : Save Success!
================================
eth : Response Success!
eth : Save Success!
================================
BTC : Response Success!
BTC : Save Success!
================================
ETH : Response Success!
ETH : Save Success!
================================
btc_krw : Response Success!
btc_krw : Save Success!
================================
eth_krw : Response Success!
eth_krw : Save Success!
================================
Save data finished!
         
[[git run]]
2019-06-12 14:01:20
[master 27ada612] auto git push
 7 files changed, 132 insertions(+)
 create mode 100644 S3/RAW_DATA/bithumb/2019/06/12/BTC_1560315675849.json
 create mode 100644 S3/RAW_DATA/bithumb/2019/06/12/ETH_1560315676024.json
 create mode 100644 S3/RAW_DATA/coinone/2019/06/12/btc_1560315676.json
 create mode 100644 S3/RAW_DATA/coinone/2019/06/12/eth_1560315676.json
 create mode 100644 S3/RAW_DATA/korbit/2019/06/12/btc_krw_1560315614953.json
 create mode 100644 S3/RAW_DATA/korbit/2019/06/12/eth_krw_1560315614953.json
To github.com:zeuslabs/dees2projectteam2.git
   77839f13..27ada612  master -> master
         
[[end task]]
2019-06-12 14:01:25
         
#########################################################
[[start task]]
2019-06-12 14:02:25
btc : Response Success!
btc : Save Success!
================================
eth : Response Success!
eth : Save Success!
================================
BTC : Response Success!
BTC : Save Success!
================================
ETH : Response Success!
ETH : Save Success!
================================
btc_krw : Response Success!
btc_krw : Save Success!
================================
eth_krw : Response Success!
eth_krw : Save Success!
================================
Save data finished!
         
[[git run]]
2019-06-12 14:02:27
[master 2fb39ff6] auto git push
 7 files changed, 113 insertions(+), 6 deletions(-)
 create mode 100644 S3/RAW_DATA/bithumb/2019/06/12/BTC_1560315742603.json
 create mode 100644 S3/RAW_DATA/bithumb/2019/06/12/ETH_1560315743293.json
 create mode 100644 S3/RAW_DATA/coinone/2019/06/12/btc_1560315743.json
 create mode 100644 S3/RAW_DATA/coinone/2019/06/12/eth_1560315743.json
To github.com:zeuslabs/dees2projectteam2.git
   27ada612..2fb39ff6  master -> master
         
[[end task]]
2019-06-12 14:02:32
         
#########################################################
[[start task]]
2019-06-12 14:03:27
btc : Response Success!
btc : Save Success!
================================
eth : Response Success!
eth : Save Success!
================================
BTC : Response Success!
BTC : Save Success!
================================
ETH : Response Success!
ETH : Save Success!
================================
btc_krw : Response Success!
btc_krw : Save Success!
================================
eth_krw : Response Success!
eth_krw : Save Success!
================================
Save data finished!
         
[[git run]]
2019-06-12 14:03:29
[master 485966d0] auto git push
 7 files changed, 129 insertions(+)
 create mode 100644 S3/RAW_DATA/bithumb/2019/06/12/BTC_1560315805509.json
 create mode 100644 S3/RAW_DATA/bithumb/2019/06/12/ETH_1560315805128.json
 create mode 100644 S3/RAW_DATA/coinone/2019/06/12/btc_1560315805.json
 create mode 100644 S3/RAW_DATA/coinone/2019/06/12/eth_1560315805.json
 create mode 100644 S3/RAW_DATA/korbit/2019/06/12/btc_krw_1560315785477.json
 create mode 100644 S3/RAW_DATA/korbit/2019/06/12/eth_krw_1560315785477.json
To github.com:zeuslabs/dees2projectteam2.git
   2fb39ff6..485966d0  master -> master
         
[[end task]]
2019-06-12 14:03:34
         
#########################################################
[[start task]]
2019-06-12 14:04:34
btc : Response Success!
btc : Save Success!
================================
eth : Response Success!
eth : Save Success!
================================
BTC : Response Success!
BTC : Save Success!
================================
ETH : Response Success!
ETH : Save Success!
================================
btc_krw : Response Success!
btc_krw : Save Success!
================================
eth_krw : Response Success!
eth_krw : Save Success!
================================
Save data finished!
         
[[git run]]
2019-06-12 14:04:36
[master 65250fb8] auto git push
 5 files changed, 107 insertions(+)
 create mode 100644 S3/RAW_DATA/bithumb/2019/06/12/BTC_1560315871909.json
 create mode 100644 S3/RAW_DATA/bithumb/2019/06/12/ETH_1560315872460.json
 create mode 100644 S3/RAW_DATA/coinone/2019/06/12/btc_1560315872.json
 create mode 100644 S3/RAW_DATA/coinone/2019/06/12/eth_1560315872.json
To github.com:zeuslabs/dees2projectteam2.git
   485966d0..65250fb8  master -> master
         
[[end task]]
2019-06-12 14:04:41
         
#########################################################
[[start task]]
2019-06-12 14:05:36
btc : Response Success!
btc : Save Success!
================================
eth : Response Success!
eth : Save Success!
================================
BTC : Response Success!
BTC : Save Success!
================================
ETH : Response Success!
ETH : Save Success!
================================
btc_krw : Response Success!
btc_krw : Save Success!
================================
eth_krw : Response Success!
eth_krw : Save Success!
================================
Save data finished!
         
[[git run]]
2019-06-12 14:05:38
[master fc8a9244] auto git push
 7 files changed, 129 insertions(+)
 create mode 100644 S3/RAW_DATA/bithumb/2019/06/12/BTC_1560315934503.json
 create mode 100644 S3/RAW_DATA/bithumb/2019/06/12/ETH_1560315934601.json
 create mode 100644 S3/RAW_DATA/coinone/2019/06/12/btc_1560315934.json
 create mode 100644 S3/RAW_DATA/coinone/2019/06/12/eth_1560315935.json
 create mode 100644 S3/RAW_DATA/korbit/2019/06/12/btc_krw_1560315925466.json
 create mode 100644 S3/RAW_DATA/korbit/2019/06/12/eth_krw_1560315925466.json
To github.com:zeuslabs/dees2projectteam2.git
   65250fb8..fc8a9244  master -> master
         
[[end task]]
2019-06-12 14:05:43
         
#########################################################
[[start task]]
2019-06-12 14:06:50
btc : Response Success!
btc : Save Success!
================================
eth : Response Success!
eth : Save Success!
================================
BTC : Response Success!
BTC : Save Success!
================================
ETH : Response Success!
ETH : Save Success!
================================
btc_krw : Response Success!
btc_krw : Save Success!
================================
eth_krw : Response Success!
eth_krw : Save Success!
================================
Save data finished!
         
[[git run]]
2019-06-12 14:06:52
[master 65d5b0a9] auto git push
 7 files changed, 131 insertions(+)
 create mode 100644 S3/RAW_DATA/bithumb/2019/06/12/BTC_1560316008196.json
 create mode 100644 S3/RAW_DATA/bithumb/2019/06/12/ETH_1560316008267.json
 create mode 100644 S3/RAW_DATA/coinone/2019/06/12/btc_1560316008.json
 create mode 100644 S3/RAW_DATA/coinone/2019/06/12/eth_1560316008.json
 create mode 100644 S3/RAW_DATA/korbit/2019/06/12/btc_krw_1560315946974.json
 create mode 100644 S3/RAW_DATA/korbit/2019/06/12/eth_krw_1560315946974.json
To github.com:zeuslabs/dees2projectteam2.git
   fc8a9244..65d5b0a9  master -> master
         
[[end task]]
2019-06-12 14:06:57
         
#########################################################
[[start task]]
2019-06-12 14:07:52
btc : Response Success!
btc : Save Success!
================================
eth : Response Success!
eth : Save Success!
================================
BTC : Response Success!
BTC : Save Success!
================================
ETH : Response Success!
ETH : Save Success!
================================
btc_krw : Response Success!
btc_krw : Save Success!
================================
eth_krw : Response Success!
eth_krw : Save Success!
================================
Save data finished!
         
[[git run]]
2019-06-12 14:07:54
[master a9696815] auto git push
 7 files changed, 117 insertions(+), 10 deletions(-)
 create mode 100644 S3/RAW_DATA/bithumb/2019/06/12/BTC_1560316070795.json
 create mode 100644 S3/RAW_DATA/bithumb/2019/06/12/ETH_1560316070490.json
 create mode 100644 S3/RAW_DATA/coinone/2019/06/12/btc_1560316070.json
 create mode 100644 S3/RAW_DATA/coinone/2019/06/12/eth_1560316070.json
To github.com:zeuslabs/dees2projectteam2.git
   65d5b0a9..a9696815  master -> master
         
[[end task]]
2019-06-12 14:07:59
         
#########################################################
[[start task]]
2019-06-12 14:08:54
btc : Response Success!
btc : Save Success!
================================
eth : Response Success!
eth : Save Success!
================================
BTC : Response Success!
BTC : Save Success!
================================
ETH : Response Success!
ETH : Save Success!
================================
btc_krw : Response Success!
btc_krw : Save Success!
================================
eth_krw : Response Success!
eth_krw : Save Success!
================================
Save data finished!
         
[[git run]]
2019-06-12 14:08:56
[master fef97aad] auto git push
 7 files changed, 113 insertions(+), 8 deletions(-)
 create mode 100644 S3/RAW_DATA/bithumb/2019/06/12/BTC_1560316132774.json
 create mode 100644 S3/RAW_DATA/bithumb/2019/06/12/ETH_1560316132465.json
 create mode 100644 S3/RAW_DATA/coinone/2019/06/12/btc_1560316132.json
 create mode 100644 S3/RAW_DATA/coinone/2019/06/12/eth_1560316132.json
To github.com:zeuslabs/dees2projectteam2.git
   a9696815..fef97aad  master -> master
         
[[end task]]
2019-06-12 14:09:01
         
#########################################################
[[start task]]
2019-06-12 14:10:02
btc : Response Success!
btc : Save Success!
================================
eth : Response Success!
eth : Save Success!
================================
BTC : Response Success!
BTC : Save Success!
================================
ETH : Response Success!
ETH : Save Success!
================================
btc_krw : Response Success!
btc_krw : Save Success!
================================
eth_krw : Response Success!
eth_krw : Save Success!
================================
Save data finished!
         
[[git run]]
2019-06-12 14:10:05
[master 729c6f47] auto git push
 7 files changed, 113 insertions(+), 8 deletions(-)
 create mode 100644 S3/RAW_DATA/bithumb/2019/06/12/BTC_1560316200898.json
 create mode 100644 S3/RAW_DATA/bithumb/2019/06/12/ETH_1560316201282.json
 create mode 100644 S3/RAW_DATA/coinone/2019/06/12/btc_1560316201.json
 create mode 100644 S3/RAW_DATA/coinone/2019/06/12/eth_1560316201.json
To github.com:zeuslabs/dees2projectteam2.git
   fef97aad..729c6f47  master -> master
         
[[end task]]
2019-06-12 14:10:13
         
#########################################################
[[start task]]
2019-06-12 14:11:10
btc : Response Success!
btc : Save Success!
================================
eth : Response Success!
eth : Save Success!
================================
BTC : Response Success!
BTC : Save Success!
================================
ETH : Response Success!
ETH : Save Success!
================================
btc_krw : Response Success!
btc_krw : Save Success!
================================
eth_krw : Response Success!
eth_krw : Save Success!
================================
Save data finished!
         
[[git run]]
2019-06-12 14:11:14
[master fee98e7f] auto git push
 7 files changed, 129 insertions(+)
 create mode 100644 S3/RAW_DATA/bithumb/2019/06/12/BTC_1560316269941.json
 create mode 100644 S3/RAW_DATA/bithumb/2019/06/12/ETH_1560316269904.json
 create mode 100644 S3/RAW_DATA/coinone/2019/06/12/btc_1560316269.json
 create mode 100644 S3/RAW_DATA/coinone/2019/06/12/eth_1560316269.json
 create mode 100644 S3/RAW_DATA/korbit/2019/06/12/btc_krw_1560316227832.json
 create mode 100644 S3/RAW_DATA/korbit/2019/06/12/eth_krw_1560316227832.json
To github.com:zeuslabs/dees2projectteam2.git
   729c6f47..fee98e7f  master -> master
         
[[end task]]
2019-06-12 14:11:19
         
#########################################################
[[start task]]
2019-06-12 14:12:17
btc : Response Success!
btc : Save Success!
================================
eth : Response Success!
eth : Save Success!
================================
BTC : Response Success!
BTC : Save Success!
================================
ETH : Response Success!
ETH : Save Success!
================================
btc_krw : Response Success!
btc_krw : Save Success!
================================
eth_krw : Response Success!
eth_krw : Save Success!
================================
Save data finished!
         
[[git run]]
2019-06-12 14:12:21
[master 901c908b] auto git push
 7 files changed, 117 insertions(+), 10 deletions(-)
 create mode 100644 S3/RAW_DATA/bithumb/2019/06/12/BTC_1560316336040.json
 create mode 100644 S3/RAW_DATA/bithumb/2019/06/12/ETH_1560316336916.json
 create mode 100644 S3/RAW_DATA/coinone/2019/06/12/btc_1560316335.json
 create mode 100644 S3/RAW_DATA/coinone/2019/06/12/eth_1560316336.json
To github.com:zeuslabs/dees2projectteam2.git
   fee98e7f..901c908b  master -> master
         
[[end task]]
2019-06-12 14:12:27
         
#########################################################
[[start task]]
2019-06-12 14:13:24
btc : Response Success!
btc : Save Success!
================================
eth : Response Success!
eth : Save Success!
================================
BTC : Response Success!
BTC : Save Success!
================================
ETH : Response Success!
ETH : Save Success!
================================
btc_krw : Response Success!
btc_krw : Save Success!
================================
eth_krw : Response Success!
eth_krw : Save Success!
================================
Save data finished!
         
[[git run]]
2019-06-12 14:13:27
[master 0df08a54] auto git push
 7 files changed, 129 insertions(+)
 create mode 100644 S3/RAW_DATA/bithumb/2019/06/12/BTC_1560316402366.json
 create mode 100644 S3/RAW_DATA/bithumb/2019/06/12/ETH_1560316402619.json
 create mode 100644 S3/RAW_DATA/coinone/2019/06/12/btc_1560316402.json
 create mode 100644 S3/RAW_DATA/coinone/2019/06/12/eth_1560316402.json
 create mode 100644 S3/RAW_DATA/korbit/2019/06/12/btc_krw_1560316371016.json
 create mode 100644 S3/RAW_DATA/korbit/2019/06/12/eth_krw_1560316371016.json
To github.com:zeuslabs/dees2projectteam2.git
   901c908b..0df08a54  master -> master
         
[[end task]]
2019-06-12 14:13:32
         
#########################################################
[[start task]]
2019-06-12 14:14:33
btc : Response Success!
btc : Save Success!
================================
eth : Response Success!
eth : Save Success!
================================
BTC : Response Success!
BTC : Save Success!
================================
ETH : Response Success!
ETH : Save Success!
================================
btc_krw : Response Success!
btc_krw : Save Success!
================================
eth_krw : Response Success!
eth_krw : Save Success!
================================
Save data finished!
         
[[git run]]
2019-06-12 14:14:36
[master 375c0157] auto git push
 7 files changed, 131 insertions(+)
 create mode 100644 S3/RAW_DATA/bithumb/2019/06/12/BTC_1560316471985.json
 create mode 100644 S3/RAW_DATA/bithumb/2019/06/12/ETH_1560316472076.json
 create mode 100644 S3/RAW_DATA/coinone/2019/06/12/btc_1560316472.json
 create mode 100644 S3/RAW_DATA/coinone/2019/06/12/eth_1560316472.json
 create mode 100644 S3/RAW_DATA/korbit/2019/06/12/btc_krw_1560316454950.json
 create mode 100644 S3/RAW_DATA/korbit/2019/06/12/eth_krw_1560316454950.json
To github.com:zeuslabs/dees2projectteam2.git
   0df08a54..375c0157  master -> master
         
[[end task]]
2019-06-12 14:14:41
         
#########################################################
[[start task]]
2019-06-12 14:15:41
btc : Response Success!
btc : Save Success!
================================
eth : Response Success!
eth : Save Success!
================================
BTC : Response Success!
BTC : Save Success!
================================
ETH : Response Success!
ETH : Save Success!
================================
btc_krw : Response Success!
btc_krw : Save Success!
================================
eth_krw : Response Success!
eth_krw : Save Success!
================================
Save data finished!
         
[[git run]]
2019-06-12 14:15:45
[master 12641f71] auto git push
 7 files changed, 119 insertions(+), 12 deletions(-)
 create mode 100644 S3/RAW_DATA/bithumb/2019/06/12/BTC_1560316540520.json
 create mode 100644 S3/RAW_DATA/bithumb/2019/06/12/ETH_1560316540728.json
 create mode 100644 S3/RAW_DATA/coinone/2019/06/12/btc_1560316540.json
 create mode 100644 S3/RAW_DATA/coinone/2019/06/12/eth_1560316540.json
To github.com:zeuslabs/dees2projectteam2.git
   375c0157..12641f71  master -> master
         
[[end task]]
2019-06-12 14:15:50
         
#########################################################
[[start task]]
2019-06-12 14:16:49
btc : Response Success!
btc : Save Success!
================================
eth : Response Success!
eth : Save Success!
================================
BTC : Response Success!
BTC : Save Success!
================================
ETH : Response Success!
ETH : Save Success!
================================
btc_krw : Response Success!
btc_krw : Save Success!
================================
eth_krw : Response Success!
eth_krw : Save Success!
================================
Save data finished!
         
[[git run]]
2019-06-12 14:16:51
[master 9d852328] auto git push
 7 files changed, 129 insertions(+)
 create mode 100644 S3/RAW_DATA/bithumb/2019/06/12/BTC_1560316607130.json
 create mode 100644 S3/RAW_DATA/bithumb/2019/06/12/ETH_1560316607321.json
 create mode 100644 S3/RAW_DATA/coinone/2019/06/12/btc_1560316607.json
 create mode 100644 S3/RAW_DATA/coinone/2019/06/12/eth_1560316607.json
 create mode 100644 S3/RAW_DATA/korbit/2019/06/12/btc_krw_1560316578956.json
 create mode 100644 S3/RAW_DATA/korbit/2019/06/12/eth_krw_1560316578956.json
To github.com:zeuslabs/dees2projectteam2.git
   12641f71..9d852328  master -> master
         
[[end task]]
2019-06-12 14:16:56
         
#########################################################
[[start task]]
2019-06-12 14:17:56
btc : Response Success!
btc : Save Success!
================================
eth : Response Success!
eth : Save Success!
================================
BTC : Response Success!
BTC : Save Success!
================================
ETH : Response Success!
ETH : Save Success!
================================
btc_krw : Response Success!
btc_krw : Save Success!
================================
eth_krw : Response Success!
eth_krw : Save Success!
================================
Save data finished!
         
[[git run]]
2019-06-12 14:18:00
[master 04f4cb32] auto git push
 7 files changed, 117 insertions(+), 10 deletions(-)
 create mode 100644 S3/RAW_DATA/bithumb/2019/06/12/BTC_1560316675629.json
 create mode 100644 S3/RAW_DATA/bithumb/2019/06/12/ETH_1560316676054.json
 create mode 100644 S3/RAW_DATA/coinone/2019/06/12/btc_1560316675.json
 create mode 100644 S3/RAW_DATA/coinone/2019/06/12/eth_1560316675.json
To github.com:zeuslabs/dees2projectteam2.git
   9d852328..04f4cb32  master -> master
         
[[end task]]
2019-06-12 14:18:05
         
#########################################################
[[start task]]
2019-06-12 14:19:03
btc : Response Success!
btc : Save Success!
================================
eth : Response Success!
eth : Save Success!
================================
BTC : Response Success!
BTC : Save Success!
================================
ETH : Response Success!
ETH : Save Success!
================================
btc_krw : Response Success!
btc_krw : Save Success!
================================
eth_krw : Response Success!
eth_krw : Save Success!
================================
Save data finished!
         
[[git run]]
2019-06-12 14:19:06
[master d2d458eb] auto git push
 7 files changed, 129 insertions(+)
 create mode 100644 S3/RAW_DATA/bithumb/2019/06/12/BTC_1560316741844.json
 create mode 100644 S3/RAW_DATA/bithumb/2019/06/12/ETH_1560316742067.json
 create mode 100644 S3/RAW_DATA/coinone/2019/06/12/btc_1560316741.json
 create mode 100644 S3/RAW_DATA/coinone/2019/06/12/eth_1560316741.json
 create mode 100644 S3/RAW_DATA/korbit/2019/06/12/btc_krw_1560316723990.json
 create mode 100644 S3/RAW_DATA/korbit/2019/06/12/eth_krw_1560316723990.json
To github.com:zeuslabs/dees2projectteam2.git
   04f4cb32..d2d458eb  master -> master
         
[[end task]]
2019-06-12 14:19:12
         
#########################################################
[[start task]]
2019-06-12 14:20:10
btc : Response Success!
btc : Save Success!
================================
eth : Response Success!
eth : Save Success!
================================
BTC : Response Success!
BTC : Save Success!
================================
ETH : Response Success!
ETH : Save Success!
================================
btc_krw : Response Success!
btc_krw : Save Success!
================================
eth_krw : Response Success!
eth_krw : Save Success!
================================
Save data finished!
         
[[git run]]
2019-06-12 14:20:12
[master 429b0e2a] auto git push
 7 files changed, 131 insertions(+)
 create mode 100644 S3/RAW_DATA/bithumb/2019/06/12/BTC_1560316808514.json
 create mode 100644 S3/RAW_DATA/bithumb/2019/06/12/ETH_1560316808613.json
 create mode 100644 S3/RAW_DATA/coinone/2019/06/12/btc_1560316808.json
 create mode 100644 S3/RAW_DATA/coinone/2019/06/12/eth_1560316808.json
 create mode 100644 S3/RAW_DATA/korbit/2019/06/12/btc_krw_1560316774599.json
 create mode 100644 S3/RAW_DATA/korbit/2019/06/12/eth_krw_1560316774599.json
To github.com:zeuslabs/dees2projectteam2.git
   d2d458eb..429b0e2a  master -> master
         
[[end task]]
2019-06-12 14:20:18
         
#########################################################
[[start task]]
2019-06-12 14:21:16
btc : Response Success!
btc : Save Success!
================================
eth : Response Success!
eth : Save Success!
================================
BTC : Response Success!
BTC : Save Success!
================================
ETH : Response Success!
ETH : Save Success!
================================
btc_krw : Response Success!
btc_krw : Save Success!
================================
eth_krw : Response Success!
eth_krw : Save Success!
================================
Save data finished!
         
[[git run]]
2019-06-12 14:21:19
[master ba643b51] auto git push
 7 files changed, 117 insertions(+), 10 deletions(-)
 create mode 100644 S3/RAW_DATA/bithumb/2019/06/12/BTC_1560316874916.json
 create mode 100644 S3/RAW_DATA/bithumb/2019/06/12/ETH_1560316875228.json
 create mode 100644 S3/RAW_DATA/coinone/2019/06/12/btc_1560316874.json
 create mode 100644 S3/RAW_DATA/coinone/2019/06/12/eth_1560316875.json
To github.com:zeuslabs/dees2projectteam2.git
   429b0e2a..ba643b51  master -> master
         
[[end task]]
2019-06-12 14:21:25
         
#########################################################
[[start task]]
2019-06-12 14:22:23
btc : Response Success!
btc : Save Success!
================================
eth : Response Success!
eth : Save Success!
================================
BTC : Response Success!
BTC : Save Success!
================================
ETH : Response Success!
ETH : Save Success!
================================
btc_krw : Response Success!
btc_krw : Save Success!
================================
eth_krw : Response Success!
eth_krw : Save Success!
================================
Save data finished!
         
[[git run]]
2019-06-12 14:22:26
[master e507f6a3] auto git push
 7 files changed, 107 insertions(+), 2 deletions(-)
 create mode 100644 S3/RAW_DATA/bithumb/2019/06/12/BTC_1560316941890.json
 create mode 100644 S3/RAW_DATA/bithumb/2019/06/12/ETH_1560316941755.json
 create mode 100644 S3/RAW_DATA/coinone/2019/06/12/btc_1560316941.json
 create mode 100644 S3/RAW_DATA/coinone/2019/06/12/eth_1560316941.json
To github.com:zeuslabs/dees2projectteam2.git
   ba643b51..e507f6a3  master -> master
         
[[end task]]
2019-06-12 14:22:31
         
#########################################################
[[start task]]
2019-06-12 14:23:25
btc : Response Success!
btc : Save Success!
================================
eth : Response Success!
eth : Save Success!
================================
BTC : Response Success!
BTC : Save Success!
================================
ETH : Response Success!
ETH : Save Success!
================================
btc_krw : Response Success!
btc_krw : Save Success!
================================
eth_krw : Response Success!
eth_krw : Save Success!
================================
Save data finished!
         
[[git run]]
2019-06-12 14:23:27
[master 3888ebe6] auto git push
 7 files changed, 129 insertions(+)
 create mode 100644 S3/RAW_DATA/bithumb/2019/06/12/BTC_1560317003650.json
 create mode 100644 S3/RAW_DATA/bithumb/2019/06/12/ETH_1560317003815.json
 create mode 100644 S3/RAW_DATA/coinone/2019/06/12/btc_1560317003.json
 create mode 100644 S3/RAW_DATA/coinone/2019/06/12/eth_1560317003.json
 create mode 100644 S3/RAW_DATA/korbit/2019/06/12/btc_krw_1560316952467.json
 create mode 100644 S3/RAW_DATA/korbit/2019/06/12/eth_krw_1560316952467.json
To github.com:zeuslabs/dees2projectteam2.git
   e507f6a3..3888ebe6  master -> master
         
[[end task]]
2019-06-12 14:23:33
         
#########################################################
[[start task]]
2019-06-12 14:24:32
btc : Response Success!
btc : Save Success!
================================
eth : Response Success!
eth : Save Success!
================================
BTC : Response Success!
BTC : Save Success!
================================
ETH : Response Success!
ETH : Save Success!
================================
btc_krw : Response Success!
btc_krw : Save Success!
================================
eth_krw : Response Success!
eth_krw : Save Success!
================================
Save data finished!
         
[[git run]]
2019-06-12 14:24:35
[master aa334193] auto git push
 7 files changed, 131 insertions(+)
 create mode 100644 S3/RAW_DATA/bithumb/2019/06/12/BTC_1560317070704.json
 create mode 100644 S3/RAW_DATA/bithumb/2019/06/12/ETH_1560317070930.json
 create mode 100644 S3/RAW_DATA/coinone/2019/06/12/btc_1560317070.json
 create mode 100644 S3/RAW_DATA/coinone/2019/06/12/eth_1560317071.json
 create mode 100644 S3/RAW_DATA/korbit/2019/06/12/btc_krw_1560317053514.json
 create mode 100644 S3/RAW_DATA/korbit/2019/06/12/eth_krw_1560317053514.json
To github.com:zeuslabs/dees2projectteam2.git
   3888ebe6..aa334193  master -> master
         
[[end task]]
2019-06-12 14:24:39
         
#########################################################
[[start task]]
2019-06-12 14:25:34
btc : Response Success!
btc : Save Success!
================================
eth : Response Success!
eth : Save Success!
================================
BTC : Response Success!
BTC : Save Success!
================================
ETH : Response Success!
ETH : Save Success!
================================
btc_krw : Response Success!
btc_krw : Save Success!
================================
eth_krw : Response Success!
eth_krw : Save Success!
================================
Save data finished!
         
[[git run]]
2019-06-12 14:25:36
[master 648bf21e] auto git push
 7 files changed, 131 insertions(+)
 create mode 100644 S3/RAW_DATA/bithumb/2019/06/12/BTC_1560317132231.json
 create mode 100644 S3/RAW_DATA/bithumb/2019/06/12/ETH_1560317132314.json
 create mode 100644 S3/RAW_DATA/coinone/2019/06/12/btc_1560317132.json
 create mode 100644 S3/RAW_DATA/coinone/2019/06/12/eth_1560317132.json
 create mode 100644 S3/RAW_DATA/korbit/2019/06/12/btc_krw_1560317111427.json
 create mode 100644 S3/RAW_DATA/korbit/2019/06/12/eth_krw_1560317111427.json
To github.com:zeuslabs/dees2projectteam2.git
   aa334193..648bf21e  master -> master
         
[[end task]]
2019-06-12 14:25:41
         
#########################################################
[[start task]]
2019-06-12 14:26:36
btc : Response Success!
btc : Save Success!
================================
eth : Response Success!
eth : Save Success!
================================
BTC : Response Success!
BTC : Save Success!
================================
ETH : Response Success!
ETH : Save Success!
================================
btc_krw : Response Success!
btc_krw : Save Success!
================================
eth_krw : Response Success!
eth_krw : Save Success!
================================
Save data finished!
         
[[git run]]
2019-06-12 14:26:38
[master 774afb99] auto git push
 7 files changed, 111 insertions(+), 4 deletions(-)
 create mode 100644 S3/RAW_DATA/bithumb/2019/06/12/BTC_1560317194353.json
 create mode 100644 S3/RAW_DATA/bithumb/2019/06/12/ETH_1560317194646.json
 create mode 100644 S3/RAW_DATA/coinone/2019/06/12/btc_1560317194.json
 create mode 100644 S3/RAW_DATA/coinone/2019/06/12/eth_1560317194.json
To github.com:zeuslabs/dees2projectteam2.git
   648bf21e..774afb99  master -> master
         
[[end task]]
2019-06-12 14:26:43
         
#########################################################
[[start task]]
2019-06-12 14:27:38
btc : Response Success!
btc : Save Success!
================================
eth : Response Success!
eth : Save Success!
================================
BTC : Response Success!
BTC : Save Success!
================================
ETH : Response Success!
ETH : Save Success!
================================
btc_krw : Response Success!
btc_krw : Save Success!
================================
eth_krw : Response Success!
eth_krw : Save Success!
================================
Save data finished!
         
[[git run]]
2019-06-12 14:27:41
[master 62154fa1] auto git push
 7 files changed, 109 insertions(+), 4 deletions(-)
 create mode 100644 S3/RAW_DATA/bithumb/2019/06/12/BTC_1560317256609.json
 create mode 100644 S3/RAW_DATA/bithumb/2019/06/12/ETH_1560317256853.json
 create mode 100644 S3/RAW_DATA/coinone/2019/06/12/btc_1560317256.json
 create mode 100644 S3/RAW_DATA/coinone/2019/06/12/eth_1560317256.json
To github.com:zeuslabs/dees2projectteam2.git
   774afb99..62154fa1  master -> master
         
[[end task]]
2019-06-12 14:27:46
         
#########################################################
[[start task]]
2019-06-12 14:28:47
btc : Response Success!
btc : Save Success!
================================
eth : Response Success!
eth : Save Success!
================================
BTC : Response Success!
BTC : Save Success!
================================
ETH : Response Success!
ETH : Save Success!
================================
btc_krw : Response Success!
btc_krw : Save Success!
================================
eth_krw : Response Success!
eth_krw : Save Success!
================================
Save data finished!
         
[[git run]]
2019-06-12 14:28:49
[master b9c50bce] auto git push
 5 files changed, 105 insertions(+)
 create mode 100644 S3/RAW_DATA/bithumb/2019/06/12/BTC_1560317325553.json
 create mode 100644 S3/RAW_DATA/bithumb/2019/06/12/ETH_1560317325703.json
 create mode 100644 S3/RAW_DATA/coinone/2019/06/12/btc_1560317325.json
 create mode 100644 S3/RAW_DATA/coinone/2019/06/12/eth_1560317325.json
To github.com:zeuslabs/dees2projectteam2.git
   62154fa1..b9c50bce  master -> master
         
[[end task]]
2019-06-12 14:28:54
         
#########################################################
[[start task]]
2019-06-12 14:29:53
btc : Response Success!
btc : Save Success!
================================
eth : Response Success!
eth : Save Success!
================================
BTC : Response Success!
BTC : Save Success!
================================
ETH : Response Success!
ETH : Save Success!
================================
btc_krw : Response Success!
btc_krw : Save Success!
================================
eth_krw : Response Success!
eth_krw : Save Success!
================================
Save data finished!
         
[[git run]]
2019-06-12 14:29:55
[master bb133771] auto git push
 7 files changed, 113 insertions(+), 8 deletions(-)
 create mode 100644 S3/RAW_DATA/bithumb/2019/06/12/BTC_1560317391578.json
 create mode 100644 S3/RAW_DATA/bithumb/2019/06/12/ETH_1560317391664.json
 create mode 100644 S3/RAW_DATA/coinone/2019/06/12/btc_1560317391.json
 create mode 100644 S3/RAW_DATA/coinone/2019/06/12/eth_1560317391.json
To github.com:zeuslabs/dees2projectteam2.git
   b9c50bce..bb133771  master -> master
         
[[end task]]
2019-06-12 14:30:00
         
#########################################################
[[start task]]
2019-06-12 14:30:56
btc : Response Success!
btc : Save Success!
================================
eth : Response Success!
eth : Save Success!
================================
BTC : Response Success!
BTC : Save Success!
================================
ETH : Response Success!
ETH : Save Success!
================================
btc_krw : Response Success!
btc_krw : Save Success!
================================
eth_krw : Response Success!
eth_krw : Save Success!
================================
Save data finished!
         
[[git run]]
2019-06-12 14:30:57
[master c7d0931a] auto git push
 5 files changed, 105 insertions(+)
 create mode 100644 S3/RAW_DATA/bithumb/2019/06/12/BTC_1560317453744.json
 create mode 100644 S3/RAW_DATA/bithumb/2019/06/12/ETH_1560317453826.json
 create mode 100644 S3/RAW_DATA/coinone/2019/06/12/btc_1560317453.json
 create mode 100644 S3/RAW_DATA/coinone/2019/06/12/eth_1560317454.json
To github.com:zeuslabs/dees2projectteam2.git
   bb133771..c7d0931a  master -> master
         
[[end task]]
2019-06-12 14:31:02
         
#########################################################
[[start task]]
2019-06-12 14:31:57
btc : Response Success!
btc : Save Success!
================================
eth : Response Success!
eth : Save Success!
================================
BTC : Response Success!
BTC : Save Success!
================================
ETH : Response Success!
ETH : Save Success!
================================
btc_krw : Response Success!
btc_krw : Save Success!
================================
eth_krw : Response Success!
eth_krw : Save Success!
================================
Save data finished!
         
[[git run]]
2019-06-12 14:31:59
[master 30910856] auto git push
 7 files changed, 113 insertions(+), 8 deletions(-)
 create mode 100644 S3/RAW_DATA/bithumb/2019/06/12/BTC_1560317515587.json
 create mode 100644 S3/RAW_DATA/bithumb/2019/06/12/ETH_1560317515680.json
 create mode 100644 S3/RAW_DATA/coinone/2019/06/12/btc_1560317515.json
 create mode 100644 S3/RAW_DATA/coinone/2019/06/12/eth_1560317515.json
To github.com:zeuslabs/dees2projectteam2.git
   c7d0931a..30910856  master -> master
         
[[end task]]
2019-06-12 14:32:04
         
#########################################################
[[start task]]
2019-06-12 14:32:59
btc : Response Success!
btc : Save Success!
================================
eth : Response Success!
eth : Save Success!
================================
BTC : Response Success!
BTC : Save Success!
================================
ETH : Response Success!
ETH : Save Success!
================================
btc_krw : Response Success!
btc_krw : Save Success!
================================
eth_krw : Response Success!
eth_krw : Save Success!
================================
Save data finished!
         
[[git run]]
2019-06-12 14:33:02
[master ba1e5cd1] auto git push
 7 files changed, 117 insertions(+), 12 deletions(-)
 create mode 100644 S3/RAW_DATA/bithumb/2019/06/12/BTC_1560317577993.json
 create mode 100644 S3/RAW_DATA/bithumb/2019/06/12/ETH_1560317578091.json
 create mode 100644 S3/RAW_DATA/coinone/2019/06/12/btc_1560317578.json
 create mode 100644 S3/RAW_DATA/coinone/2019/06/12/eth_1560317578.json
To github.com:zeuslabs/dees2projectteam2.git
   30910856..ba1e5cd1  master -> master
         
[[end task]]
2019-06-12 14:33:07
         
#########################################################
[[start task]]
2019-06-12 14:34:06
btc : Response Success!
btc : Save Success!
================================
eth : Response Success!
eth : Save Success!
================================
BTC : Response Success!
BTC : Save Success!
================================
ETH : Response Success!
ETH : Save Success!
================================
btc_krw : Response Success!
btc_krw : Save Success!
================================
eth_krw : Response Success!
eth_krw : Save Success!
================================
Save data finished!
         
[[git run]]
2019-06-12 14:34:08
[master b0c3df0a] auto git push
 7 files changed, 109 insertions(+), 4 deletions(-)
 create mode 100644 S3/RAW_DATA/bithumb/2019/06/12/BTC_1560317644312.json
 create mode 100644 S3/RAW_DATA/bithumb/2019/06/12/ETH_1560317644387.json
 create mode 100644 S3/RAW_DATA/coinone/2019/06/12/btc_1560317644.json
 create mode 100644 S3/RAW_DATA/coinone/2019/06/12/eth_1560317644.json
To github.com:zeuslabs/dees2projectteam2.git
   ba1e5cd1..b0c3df0a  master -> master
         
[[end task]]
2019-06-12 14:34:13
         
#########################################################
[[start task]]
2019-06-12 14:35:10
btc : Response Success!
btc : Save Success!
================================
eth : Response Success!
eth : Save Success!
================================
BTC : Response Success!
BTC : Save Success!
================================
ETH : Response Success!
ETH : Save Success!
================================
btc_krw : Response Success!
btc_krw : Save Success!
================================
eth_krw : Response Success!
eth_krw : Save Success!
================================
Save data finished!
         
[[git run]]
2019-06-12 14:35:12
[master 752721d0] auto git push
 7 files changed, 113 insertions(+), 8 deletions(-)
 create mode 100644 S3/RAW_DATA/bithumb/2019/06/12/BTC_1560317708093.json
 create mode 100644 S3/RAW_DATA/bithumb/2019/06/12/ETH_1560317707977.json
 create mode 100644 S3/RAW_DATA/coinone/2019/06/12/btc_1560317708.json
 create mode 100644 S3/RAW_DATA/coinone/2019/06/12/eth_1560317708.json
To github.com:zeuslabs/dees2projectteam2.git
   b0c3df0a..752721d0  master -> master
         
[[end task]]
2019-06-12 14:35:17
         
#########################################################
[[start task]]
2019-06-12 14:36:16
btc : Response Success!
btc : Save Success!
================================
eth : Response Success!
eth : Save Success!
================================
BTC : Response Success!
BTC : Save Success!
================================
ETH : Response Success!
ETH : Save Success!
================================
btc_krw : Response Success!
btc_krw : Save Success!
================================
eth_krw : Response Success!
eth_krw : Save Success!
================================
Save data finished!
         
[[git run]]
2019-06-12 14:36:18
[master aa9aa98f] auto git push
 7 files changed, 129 insertions(+)
 create mode 100644 S3/RAW_DATA/bithumb/2019/06/12/BTC_1560317773932.json
 create mode 100644 S3/RAW_DATA/bithumb/2019/06/12/ETH_1560317774012.json
 create mode 100644 S3/RAW_DATA/coinone/2019/06/12/btc_1560317774.json
 create mode 100644 S3/RAW_DATA/coinone/2019/06/12/eth_1560317774.json
 create mode 100644 S3/RAW_DATA/korbit/2019/06/12/btc_krw_1560317710429.json
 create mode 100644 S3/RAW_DATA/korbit/2019/06/12/eth_krw_1560317710429.json
To github.com:zeuslabs/dees2projectteam2.git
   752721d0..aa9aa98f  master -> master
         
[[end task]]
2019-06-12 14:36:23
         
#########################################################
[[start task]]
2019-06-12 14:37:17
btc : Response Success!
btc : Save Success!
================================
eth : Response Success!
eth : Save Success!
================================
BTC : Response Success!
BTC : Save Success!
================================
ETH : Response Success!
ETH : Save Success!
================================
btc_krw : Response Success!
btc_krw : Save Success!
================================
eth_krw : Response Success!
eth_krw : Save Success!
================================
Save data finished!
         
[[git run]]
2019-06-12 14:37:19
[master 0107fb1b] auto git push
 7 files changed, 131 insertions(+)
 create mode 100644 S3/RAW_DATA/bithumb/2019/06/12/BTC_1560317835426.json
 create mode 100644 S3/RAW_DATA/bithumb/2019/06/12/ETH_1560317835713.json
 create mode 100644 S3/RAW_DATA/coinone/2019/06/12/btc_1560317835.json
 create mode 100644 S3/RAW_DATA/coinone/2019/06/12/eth_1560317835.json
 create mode 100644 S3/RAW_DATA/korbit/2019/06/12/btc_krw_1560317808935.json
 create mode 100644 S3/RAW_DATA/korbit/2019/06/12/eth_krw_1560317808935.json
To github.com:zeuslabs/dees2projectteam2.git
   aa9aa98f..0107fb1b  master -> master
         
[[end task]]
2019-06-12 14:37:24
         
#########################################################
[[start task]]
2019-06-12 14:38:19
btc : Response Success!
btc : Save Success!
================================
eth : Response Success!
eth : Save Success!
================================
BTC : Response Success!
BTC : Save Success!
================================
ETH : Response Success!
ETH : Save Success!
================================
btc_krw : Response Success!
btc_krw : Save Success!
================================
eth_krw : Response Success!
eth_krw : Save Success!
================================
Save data finished!
         
[[git run]]
2019-06-12 14:38:21
[master 888d1c1a] auto git push
 7 files changed, 131 insertions(+)
 create mode 100644 S3/RAW_DATA/bithumb/2019/06/12/BTC_1560317897027.json
 create mode 100644 S3/RAW_DATA/bithumb/2019/06/12/ETH_1560317897337.json
 create mode 100644 S3/RAW_DATA/coinone/2019/06/12/btc_1560317897.json
 create mode 100644 S3/RAW_DATA/coinone/2019/06/12/eth_1560317897.json
 create mode 100644 S3/RAW_DATA/korbit/2019/06/12/btc_krw_1560317875598.json
 create mode 100644 S3/RAW_DATA/korbit/2019/06/12/eth_krw_1560317875598.json
To github.com:zeuslabs/dees2projectteam2.git
   0107fb1b..888d1c1a  master -> master
         
[[end task]]
2019-06-12 14:38:25
         
#########################################################
[[start task]]
2019-06-12 14:39:21
btc : Response Success!
btc : Save Success!
================================
eth : Response Success!
eth : Save Success!
================================
BTC : Response Success!
BTC : Save Success!
================================
ETH : Response Success!
ETH : Save Success!
================================
btc_krw : Response Success!
btc_krw : Save Success!
================================
eth_krw : Response Success!
eth_krw : Save Success!
================================
Save data finished!
         
[[git run]]
2019-06-12 14:39:23
[master 029b3b5e] auto git push
 7 files changed, 131 insertions(+)
 create mode 100644 S3/RAW_DATA/bithumb/2019/06/12/BTC_1560317959274.json
 create mode 100644 S3/RAW_DATA/bithumb/2019/06/12/ETH_1560317959133.json
 create mode 100644 S3/RAW_DATA/coinone/2019/06/12/btc_1560317959.json
 create mode 100644 S3/RAW_DATA/coinone/2019/06/12/eth_1560317959.json
 create mode 100644 S3/RAW_DATA/korbit/2019/06/12/btc_krw_1560317932990.json
 create mode 100644 S3/RAW_DATA/korbit/2019/06/12/eth_krw_1560317932990.json
To github.com:zeuslabs/dees2projectteam2.git
   888d1c1a..029b3b5e  master -> master
         
[[end task]]
2019-06-12 14:39:28
         
#########################################################
[[start task]]
2019-06-12 14:40:22
btc : Response Success!
btc : Save Success!
================================
eth : Response Success!
eth : Save Success!
================================
BTC : Response Success!
BTC : Save Success!
================================
ETH : Response Success!
ETH : Save Success!
================================
btc_krw : Response Success!
btc_krw : Save Success!
================================
eth_krw : Response Success!
eth_krw : Save Success!
================================
Save data finished!
         
[[git run]]
2019-06-12 14:40:24
[master fc1a3d43] auto git push
 5 files changed, 107 insertions(+)
 create mode 100644 S3/RAW_DATA/bithumb/2019/06/12/BTC_1560318020383.json
 create mode 100644 S3/RAW_DATA/bithumb/2019/06/12/ETH_1560318020663.json
 create mode 100644 S3/RAW_DATA/coinone/2019/06/12/btc_1560318020.json
 create mode 100644 S3/RAW_DATA/coinone/2019/06/12/eth_1560318020.json
To github.com:zeuslabs/dees2projectteam2.git
   029b3b5e..fc1a3d43  master -> master
         
[[end task]]
2019-06-12 14:40:29
         
#########################################################
[[start task]]
2019-06-12 14:41:24
btc : Response Success!
btc : Save Success!
================================
eth : Response Success!
eth : Save Success!
================================
BTC : Response Success!
BTC : Save Success!
================================
ETH : Response Success!
ETH : Save Success!
================================
btc_krw : Response Success!
btc_krw : Save Success!
================================
eth_krw : Response Success!
eth_krw : Save Success!
================================
Save data finished!
         
[[git run]]
2019-06-12 14:41:26
[master 20666580] auto git push
 7 files changed, 113 insertions(+), 8 deletions(-)
 create mode 100644 S3/RAW_DATA/bithumb/2019/06/12/BTC_1560318082751.json
 create mode 100644 S3/RAW_DATA/bithumb/2019/06/12/ETH_1560318082837.json
 create mode 100644 S3/RAW_DATA/coinone/2019/06/12/btc_1560318083.json
 create mode 100644 S3/RAW_DATA/coinone/2019/06/12/eth_1560318083.json
To github.com:zeuslabs/dees2projectteam2.git
   fc1a3d43..20666580  master -> master
         
[[end task]]
2019-06-12 14:41:31
         
#########################################################
[[start task]]
2019-06-12 14:42:27
btc : Response Success!
btc : Save Success!
================================
eth : Response Success!
eth : Save Success!
================================
BTC : Response Success!
BTC : Save Success!
================================
ETH : Response Success!
ETH : Save Success!
================================
btc_krw : Response Success!
btc_krw : Save Success!
================================
eth_krw : Response Success!
eth_krw : Save Success!
================================
Save data finished!
         
[[git run]]
2019-06-12 14:42:29
[master ec881c2c] auto git push
 7 files changed, 107 insertions(+), 2 deletions(-)
 create mode 100644 S3/RAW_DATA/bithumb/2019/06/12/BTC_1560318145247.json
 create mode 100644 S3/RAW_DATA/bithumb/2019/06/12/ETH_1560318145329.json
 create mode 100644 S3/RAW_DATA/coinone/2019/06/12/btc_1560318145.json
 create mode 100644 S3/RAW_DATA/coinone/2019/06/12/eth_1560318145.json
To github.com:zeuslabs/dees2projectteam2.git
   20666580..ec881c2c  master -> master
         
[[end task]]
2019-06-12 14:42:34
         
#########################################################
[[start task]]
2019-06-12 14:43:30
btc : Response Success!
btc : Save Success!
================================
eth : Response Success!
eth : Save Success!
================================
BTC : Response Success!
BTC : Save Success!
================================
ETH : Response Success!
ETH : Save Success!
================================
btc_krw : Response Success!
btc_krw : Save Success!
================================
eth_krw : Response Success!
eth_krw : Save Success!
================================
Save data finished!
         
[[git run]]
2019-06-12 14:43:32
[master e7d33546] auto git push
 5 files changed, 105 insertions(+)
 create mode 100644 S3/RAW_DATA/bithumb/2019/06/12/BTC_1560318208022.json
 create mode 100644 S3/RAW_DATA/bithumb/2019/06/12/ETH_1560318208109.json
 create mode 100644 S3/RAW_DATA/coinone/2019/06/12/btc_1560318208.json
 create mode 100644 S3/RAW_DATA/coinone/2019/06/12/eth_1560318208.json
To github.com:zeuslabs/dees2projectteam2.git
   ec881c2c..e7d33546  master -> master
         
[[end task]]
2019-06-12 14:43:36
         
#########################################################
[[start task]]
2019-06-12 14:44:33
btc : Response Success!
btc : Save Success!
================================
eth : Response Success!
eth : Save Success!
================================
BTC : Response Success!
BTC : Save Success!
================================
ETH : Response Success!
ETH : Save Success!
================================
btc_krw : Response Success!
btc_krw : Save Success!
================================
eth_krw : Response Success!
eth_krw : Save Success!
================================
Save data finished!
         
[[git run]]
2019-06-12 14:44:36
[master e23b85e5] auto git push
 7 files changed, 129 insertions(+)
 create mode 100644 S3/RAW_DATA/bithumb/2019/06/12/BTC_1560318271723.json
 create mode 100644 S3/RAW_DATA/bithumb/2019/06/12/ETH_1560318271731.json
 create mode 100644 S3/RAW_DATA/coinone/2019/06/12/btc_1560318271.json
 create mode 100644 S3/RAW_DATA/coinone/2019/06/12/eth_1560318271.json
 create mode 100644 S3/RAW_DATA/korbit/2019/06/12/btc_krw_1560318243457.json
 create mode 100644 S3/RAW_DATA/korbit/2019/06/12/eth_krw_1560318243457.json
To github.com:zeuslabs/dees2projectteam2.git
   e7d33546..e23b85e5  master -> master
         
[[end task]]
2019-06-12 14:44:40
         
#########################################################
[[start task]]
2019-06-12 14:45:41
btc : Response Success!
btc : Save Success!
================================
eth : Response Success!
eth : Save Success!
================================
BTC : Response Success!
BTC : Save Success!
================================
ETH : Response Success!
ETH : Save Success!
================================
btc_krw : Response Success!
btc_krw : Save Success!
================================
eth_krw : Response Success!
eth_krw : Save Success!
================================
Save data finished!
         
[[git run]]
2019-06-12 14:45:43
