btc : Response Success!
btc : Save Success!
================================
eth : Response Success!
eth : Save Success!
================================
BTC : Response Success!
BTC : Save Success!
================================
ETH : Response Success!
ETH : Save Success!
================================
btc_krw : Response Success!
btc_krw : Save Success!
================================
eth_krw : Response Success!
eth_krw : Save Success!
================================
Save data finished!
2019-06-10 10:28:09
[master 105c127] update
 8 files changed, 124 insertions(+)
 create mode 100644 S3/RAW_DATA/bithumb/2019/06/10/BTC_1560130089263.json
 create mode 100644 S3/RAW_DATA/bithumb/2019/06/10/ETH_1560130088455.json
 create mode 100644 S3/RAW_DATA/coinone/2019/06/10/btc_1560130089.json
 create mode 100644 S3/RAW_DATA/coinone/2019/06/10/eth_1560130089.json
 create mode 100644 S3/RAW_DATA/korbit/2019/06/10/btc_krw_1560130037419.json
 create mode 100644 S3/RAW_DATA/korbit/2019/06/10/eth_krw_1560130037419.json
 create mode 100644 log/collect_20190610102807.log
To github.com:zeuslabs/dees2projectteam2.git
   7a34d3b..105c127  master -> master
2019-06-10 10:28:14
