         
#########################################################
[[start task]]
2019-06-14 23:05:08
btc : Response Success!
btc : Save Success!
================================
eth : Response Success!
eth : Save Success!
================================
BTC : Response Success!
BTC : Save Success!
================================
ETH : Response Success!
ETH : Save Success!
================================
btc_krw : Response Success!
btc_krw : Save Success!
================================
eth_krw : Response Success!
eth_krw : Save Success!
================================
Save data finished!
         
[[git run]]
2019-06-14 23:05:11
[master 2c75420e] auto git push
 8 files changed, 129 insertions(+)
 create mode 100644 S3/RAW_DATA/bithumb/2019/06/14/BTC_1560521110731.json
 create mode 100644 S3/RAW_DATA/bithumb/2019/06/14/ETH_1560521111060.json
 create mode 100644 S3/RAW_DATA/coinone/2019/06/14/btc_1560521110.json
 create mode 100644 S3/RAW_DATA/coinone/2019/06/14/eth_1560521110.json
 create mode 100644 S3/RAW_DATA/korbit/2019/06/14/btc_krw_1560521107421.json
 create mode 100644 S3/RAW_DATA/korbit/2019/06/14/eth_krw_1560521107421.json
 create mode 100644 log/collect_2019061423.log
To github.com:zeuslabs/dees2projectteam2.git
   07954f17..2c75420e  master -> master
         
[[end task]]
2019-06-14 23:05:17
         
#########################################################
[[start task]]
2019-06-14 23:06:27
btc : Response Success!
btc : Save Success!
================================
eth : Response Success!
eth : Save Success!
================================
BTC : Response Success!
BTC : Save Success!
================================
ETH : Response Success!
ETH : Save Success!
================================
btc_krw : Response Success!
btc_krw : Save Success!
================================
eth_krw : Response Success!
eth_krw : Save Success!
================================
Save data finished!
         
[[git run]]
2019-06-14 23:06:29
