         
#########################################################
[[start task]]
2019-06-11 13:00:13
btc : Response Success!
btc : Save Success!
================================
eth : Response Success!
eth : Save Success!
================================
BTC : Response Success!
BTC : Save Success!
================================
ETH : Response Success!
ETH : Save Success!
================================
btc_krw : Response Success!
btc_krw : Save Success!
================================
eth_krw : Response Success!
eth_krw : Save Success!
================================
Save data finished!
         
[[git run]]
2019-06-11 13:00:16
[master d70b128] auto git push
 8 files changed, 119 insertions(+), 12 deletions(-)
 create mode 100644 S3/RAW_DATA/bithumb/2019/06/11/BTC_1560225614748.json
 create mode 100644 S3/RAW_DATA/bithumb/2019/06/11/ETH_1560225614992.json
 create mode 100644 S3/RAW_DATA/coinone/2019/06/11/btc_1560225614.json
 create mode 100644 S3/RAW_DATA/coinone/2019/06/11/eth_1560225614.json
 create mode 100644 log/collect_2019061113.log
To github.com:zeuslabs/dees2projectteam2.git
   be70d96..d70b128  master -> master
         
[[end task]]
2019-06-11 13:00:21
         
#########################################################
[[start task]]
2019-06-11 13:01:21
btc : Response Success!
btc : Save Success!
================================
eth : Response Success!
eth : Save Success!
================================
BTC : Response Success!
BTC : Save Success!
================================
ETH : Response Success!
ETH : Save Success!
================================
btc_krw : Response Success!
btc_krw : Save Success!
================================
eth_krw : Response Success!
eth_krw : Save Success!
================================
Save data finished!
         
[[git run]]
2019-06-11 13:01:23
