         
#########################################################
[[start task]]
2019-06-10 13:14:29
btc : Response Success!
btc : Save Success!
================================
eth : Response Success!
eth : Save Success!
================================
BTC : Response Success!
BTC : Save Success!
================================
ETH : Response Success!
ETH : Save Success!
================================
btc_krw : Response Success!
btc_krw : Save Success!
================================
eth_krw : Response Success!
eth_krw : Save Success!
================================
Save data finished!
         
[[git run]]
2019-06-10 13:14:32
[master 69e20b4] auto git push
 8 files changed, 131 insertions(+)
 create mode 100644 S3/RAW_DATA/bithumb/2019/06/10/BTC_1560140070893.json
 create mode 100644 S3/RAW_DATA/bithumb/2019/06/10/ETH_1560140071956.json
 create mode 100644 S3/RAW_DATA/coinone/2019/06/10/btc_1560140071.json
 create mode 100644 S3/RAW_DATA/coinone/2019/06/10/eth_1560140071.json
 create mode 100644 S3/RAW_DATA/korbit/2019/06/10/btc_krw_1560140065528.json
 create mode 100644 S3/RAW_DATA/korbit/2019/06/10/eth_krw_1560140065528.json
 create mode 100644 log/collect_2019061013.log
To github.com:zeuslabs/dees2projectteam2.git
   c47770b..69e20b4  master -> master
         
[[end task]]
2019-06-10 13:14:37
         
#########################################################
[[start task]]
2019-06-10 13:15:38
btc : Response Success!
btc : Save Success!
================================
eth : Response Success!
eth : Save Success!
================================
BTC : Response Success!
BTC : Save Success!
================================
ETH : Response Success!
ETH : Save Success!
================================
btc_krw : Response Success!
btc_krw : Save Success!
================================
eth_krw : Response Success!
eth_krw : Save Success!
================================
Save data finished!
         
[[git run]]
2019-06-10 13:15:41
[master 8513be2] auto git push
 7 files changed, 111 insertions(+), 3 deletions(-)
 create mode 100644 S3/RAW_DATA/bithumb/2019/06/10/BTC_1560140140015.json
 create mode 100644 S3/RAW_DATA/bithumb/2019/06/10/ETH_1560140140086.json
 create mode 100644 S3/RAW_DATA/coinone/2019/06/10/btc_1560140140.json
 create mode 100644 S3/RAW_DATA/coinone/2019/06/10/eth_1560140140.json
To github.com:zeuslabs/dees2projectteam2.git
   69e20b4..8513be2  master -> master
         
[[end task]]
2019-06-10 13:15:46
         
#########################################################
[[start task]]
2019-06-10 13:16:48
btc : Response Success!
btc : Save Success!
================================
eth : Response Success!
eth : Save Success!
================================
BTC : Response Success!
BTC : Save Success!
================================
ETH : Response Success!
ETH : Save Success!
================================
btc_krw : Response Success!
btc_krw : Save Success!
================================
eth_krw : Response Success!
eth_krw : Save Success!
================================
Save data finished!
         
[[git run]]
2019-06-10 13:16:50
[master 58c7529] auto git push
 7 files changed, 115 insertions(+), 10 deletions(-)
 create mode 100644 S3/RAW_DATA/bithumb/2019/06/10/BTC_1560140209460.json
 create mode 100644 S3/RAW_DATA/bithumb/2019/06/10/ETH_1560140210520.json
 create mode 100644 S3/RAW_DATA/coinone/2019/06/10/btc_1560140210.json
 create mode 100644 S3/RAW_DATA/coinone/2019/06/10/eth_1560140210.json
To github.com:zeuslabs/dees2projectteam2.git
   8513be2..58c7529  master -> master
         
[[end task]]
2019-06-10 13:16:55
         
#########################################################
[[start task]]
2019-06-10 13:17:55
btc : Response Success!
btc : Save Success!
================================
eth : Response Success!
eth : Save Success!
================================
BTC : Response Success!
BTC : Save Success!
================================
ETH : Response Success!
ETH : Save Success!
================================
btc_krw : Response Success!
btc_krw : Save Success!
================================
eth_krw : Response Success!
eth_krw : Save Success!
================================
Save data finished!
         
[[git run]]
2019-06-10 13:17:57
[master c66ea5d] auto git push
 5 files changed, 105 insertions(+)
 create mode 100644 S3/RAW_DATA/bithumb/2019/06/10/BTC_1560140276637.json
 create mode 100644 S3/RAW_DATA/bithumb/2019/06/10/ETH_1560140275742.json
 create mode 100644 S3/RAW_DATA/coinone/2019/06/10/btc_1560140276.json
 create mode 100644 S3/RAW_DATA/coinone/2019/06/10/eth_1560140276.json
To github.com:zeuslabs/dees2projectteam2.git
   58c7529..c66ea5d  master -> master
         
[[end task]]
2019-06-10 13:18:02
         
#########################################################
[[start task]]
2019-06-10 13:19:00
btc : Response Success!
btc : Save Success!
================================
eth : Response Success!
eth : Save Success!
================================
BTC : Response Success!
BTC : Save Success!
================================
ETH : Response Success!
ETH : Save Success!
================================
btc_krw : Response Success!
btc_krw : Save Success!
================================
eth_krw : Response Success!
eth_krw : Save Success!
================================
Save data finished!
         
[[git run]]
2019-06-10 13:19:02
[master fe24c66] auto git push
 5 files changed, 105 insertions(+)
 create mode 100644 S3/RAW_DATA/bithumb/2019/06/10/BTC_1560140342289.json
 create mode 100644 S3/RAW_DATA/bithumb/2019/06/10/ETH_1560140341377.json
 create mode 100644 S3/RAW_DATA/coinone/2019/06/10/btc_1560140342.json
 create mode 100644 S3/RAW_DATA/coinone/2019/06/10/eth_1560140342.json
To github.com:zeuslabs/dees2projectteam2.git
   c66ea5d..fe24c66  master -> master
         
[[end task]]
2019-06-10 13:19:09
         
#########################################################
[[start task]]
2019-06-10 13:20:07
btc : Response Success!
btc : Save Success!
================================
eth : Response Success!
eth : Save Success!
================================
BTC : Response Success!
BTC : Save Success!
================================
ETH : Response Success!
ETH : Save Success!
================================
btc_krw : Response Success!
btc_krw : Save Success!
================================
eth_krw : Response Success!
eth_krw : Save Success!
================================
Save data finished!
         
[[git run]]
2019-06-10 13:20:09
