         
#########################################################
[[start task]]
2019-06-11 18:00:12
btc : Response Success!
btc : Save Success!
================================
eth : Response Success!
eth : Save Success!
================================
BTC : Response Success!
BTC : Save Success!
================================
ETH : Response Success!
ETH : Save Success!
================================
btc_krw : Response Success!
btc_krw : Save Success!
================================
eth_krw : Response Success!
eth_krw : Save Success!
================================
Save data finished!
         
[[git run]]
2019-06-11 18:00:15
[master e2c4e96] auto git push
 8 files changed, 131 insertions(+)
 create mode 100644 S3/RAW_DATA/bithumb/2019/06/11/BTC_1560243612642.json
 create mode 100644 S3/RAW_DATA/bithumb/2019/06/11/ETH_1560243612876.json
 create mode 100644 S3/RAW_DATA/coinone/2019/06/11/btc_1560243612.json
 create mode 100644 S3/RAW_DATA/coinone/2019/06/11/eth_1560243612.json
 create mode 100644 S3/RAW_DATA/korbit/2019/06/11/btc_krw_1560243579976.json
 create mode 100644 S3/RAW_DATA/korbit/2019/06/11/eth_krw_1560243579976.json
 create mode 100644 log/collect_2019061118.log
To github.com:zeuslabs/dees2projectteam2.git
   31ac4cf..e2c4e96  master -> master
         
[[end task]]
2019-06-11 18:00:22
         
#########################################################
[[start task]]
2019-06-11 18:01:19
btc : Response Success!
btc : Save Success!
================================
eth : Response Success!
eth : Save Success!
================================
BTC : Response Success!
BTC : Save Success!
================================
ETH : Response Success!
ETH : Save Success!
================================
btc_krw : Response Success!
btc_krw : Save Success!
================================
eth_krw : Response Success!
eth_krw : Save Success!
================================
Save data finished!
         
[[git run]]
2019-06-11 18:01:21
[master 2f83e14] auto git push
 7 files changed, 110 insertions(+), 2 deletions(-)
 create mode 100644 S3/RAW_DATA/bithumb/2019/06/11/BTC_1560243679241.json
 create mode 100644 S3/RAW_DATA/bithumb/2019/06/11/ETH_1560243679351.json
 create mode 100644 S3/RAW_DATA/coinone/2019/06/11/btc_1560243678.json
 create mode 100644 S3/RAW_DATA/coinone/2019/06/11/eth_1560243679.json
To github.com:zeuslabs/dees2projectteam2.git
   e2c4e96..2f83e14  master -> master
         
[[end task]]
2019-06-11 18:01:26
         
#########################################################
[[start task]]
2019-06-11 18:02:20
btc : Response Success!
btc : Save Success!
================================
eth : Response Success!
eth : Save Success!
================================
BTC : Response Success!
BTC : Save Success!
================================
ETH : Response Success!
ETH : Save Success!
================================
btc_krw : Response Success!
btc_krw : Save Success!
================================
eth_krw : Response Success!
eth_krw : Save Success!
================================
Save data finished!
         
[[git run]]
2019-06-11 18:02:22
[master 4140d30] auto git push
 5 files changed, 105 insertions(+)
 create mode 100644 S3/RAW_DATA/bithumb/2019/06/11/BTC_1560243740240.json
 create mode 100644 S3/RAW_DATA/bithumb/2019/06/11/ETH_1560243740411.json
 create mode 100644 S3/RAW_DATA/coinone/2019/06/11/btc_1560243740.json
 create mode 100644 S3/RAW_DATA/coinone/2019/06/11/eth_1560243740.json
To github.com:zeuslabs/dees2projectteam2.git
   2f83e14..4140d30  master -> master
         
[[end task]]
2019-06-11 18:02:27
         
#########################################################
[[start task]]
2019-06-11 18:03:22
btc : Response Success!
btc : Save Success!
================================
eth : Response Success!
eth : Save Success!
================================
BTC : Response Success!
BTC : Save Success!
================================
ETH : Response Success!
ETH : Save Success!
================================
btc_krw : Response Success!
btc_krw : Save Success!
================================
eth_krw : Response Success!
eth_krw : Save Success!
================================
Save data finished!
         
[[git run]]
2019-06-11 18:03:24
[master 8ba8191] auto git push
 5 files changed, 105 insertions(+)
 create mode 100644 S3/RAW_DATA/bithumb/2019/06/11/BTC_1560243802049.json
 create mode 100644 S3/RAW_DATA/bithumb/2019/06/11/ETH_1560243802150.json
 create mode 100644 S3/RAW_DATA/coinone/2019/06/11/btc_1560243801.json
 create mode 100644 S3/RAW_DATA/coinone/2019/06/11/eth_1560243801.json
To github.com:zeuslabs/dees2projectteam2.git
   4140d30..8ba8191  master -> master
         
[[end task]]
2019-06-11 18:03:29
         
#########################################################
[[start task]]
2019-06-11 18:04:24
btc : Response Success!
btc : Save Success!
================================
eth : Response Success!
eth : Save Success!
================================
BTC : Response Success!
BTC : Save Success!
================================
ETH : Response Success!
ETH : Save Success!
================================
btc_krw : Response Success!
btc_krw : Save Success!
================================
eth_krw : Response Success!
eth_krw : Save Success!
================================
Save data finished!
         
[[git run]]
2019-06-11 18:04:27
[master a9f437c] auto git push
 7 files changed, 129 insertions(+)
 create mode 100644 S3/RAW_DATA/bithumb/2019/06/11/BTC_1560243864433.json
 create mode 100644 S3/RAW_DATA/bithumb/2019/06/11/ETH_1560243864552.json
 create mode 100644 S3/RAW_DATA/coinone/2019/06/11/btc_1560243864.json
 create mode 100644 S3/RAW_DATA/coinone/2019/06/11/eth_1560243864.json
 create mode 100644 S3/RAW_DATA/korbit/2019/06/11/btc_krw_1560243858914.json
 create mode 100644 S3/RAW_DATA/korbit/2019/06/11/eth_krw_1560243858914.json
To github.com:zeuslabs/dees2projectteam2.git
   8ba8191..a9f437c  master -> master
         
[[end task]]
2019-06-11 18:04:32
         
#########################################################
[[start task]]
2019-06-11 18:05:32
btc : Response Success!
btc : Save Success!
================================
eth : Response Success!
eth : Save Success!
================================
BTC : Response Success!
BTC : Save Success!
================================
ETH : Response Success!
ETH : Save Success!
================================
btc_krw : Response Success!
btc_krw : Save Success!
================================
eth_krw : Response Success!
eth_krw : Save Success!
================================
Save data finished!
         
[[git run]]
2019-06-11 18:05:38
