         
#########################################################
[[start task]]
2019-06-11 15:00:13
btc : Response Success!
btc : Save Success!
================================
eth : Response Success!
eth : Save Success!
================================
BTC : Response Success!
BTC : Save Success!
================================
ETH : Response Success!
ETH : Save Success!
================================
btc_krw : Response Success!
btc_krw : Save Success!
================================
eth_krw : Response Success!
eth_krw : Save Success!
================================
Save data finished!
         
[[git run]]
2019-06-11 15:00:16
[master 8426e02] auto git push
 8 files changed, 115 insertions(+), 10 deletions(-)
 create mode 100644 S3/RAW_DATA/bithumb/2019/06/11/BTC_1560232814361.json
 create mode 100644 S3/RAW_DATA/bithumb/2019/06/11/ETH_1560232814685.json
 create mode 100644 S3/RAW_DATA/coinone/2019/06/11/btc_1560232813.json
 create mode 100644 S3/RAW_DATA/coinone/2019/06/11/eth_1560232814.json
 create mode 100644 log/collect_2019061115.log
To github.com:zeuslabs/dees2projectteam2.git
   959de02..8426e02  master -> master
         
[[end task]]
2019-06-11 15:00:23
         
#########################################################
[[start task]]
2019-06-11 15:01:22
btc : Response Success!
btc : Save Success!
================================
eth : Response Success!
eth : Save Success!
================================
BTC : Response Success!
BTC : Save Success!
================================
ETH : Response Success!
ETH : Save Success!
================================
btc_krw : Response Success!
btc_krw : Save Success!
================================
eth_krw : Response Success!
eth_krw : Save Success!
================================
Save data finished!
         
[[git run]]
2019-06-11 15:01:24
[master 41f7f91] auto git push
 7 files changed, 116 insertions(+), 10 deletions(-)
 create mode 100644 S3/RAW_DATA/bithumb/2019/06/11/BTC_1560232882141.json
 create mode 100644 S3/RAW_DATA/bithumb/2019/06/11/ETH_1560232882330.json
 create mode 100644 S3/RAW_DATA/coinone/2019/06/11/btc_1560232882.json
 create mode 100644 S3/RAW_DATA/coinone/2019/06/11/eth_1560232882.json
To github.com:zeuslabs/dees2projectteam2.git
   8426e02..41f7f91  master -> master
         
[[end task]]
2019-06-11 15:01:29
         
#########################################################
[[start task]]
2019-06-11 15:02:31
btc : Response Success!
btc : Save Success!
================================
eth : Response Success!
eth : Save Success!
================================
BTC : Response Success!
BTC : Save Success!
================================
ETH : Response Success!
ETH : Save Success!
================================
btc_krw : Response Success!
btc_krw : Save Success!
================================
eth_krw : Response Success!
eth_krw : Save Success!
================================
Save data finished!
         
[[git run]]
2019-06-11 15:02:33
