btc : Response Success!
btc : Save Success!
================================
eth : Response Success!
eth : Save Success!
================================
BTC : Response Success!
BTC : Save Success!
================================
ETH : Response Success!
ETH : Save Success!
================================
btc_krw : Response Success!
btc_krw : Save Success!
================================
eth_krw : Response Success!
eth_krw : Save Success!
================================
Save data finished!
2019-06-09 23:01:36
[master 3038650] update
 8 files changed, 124 insertions(+)
 create mode 100644 S3/RAW_DATA/bithumb/2019/06/09/BTC_1560088887727.json
 create mode 100644 S3/RAW_DATA/bithumb/2019/06/09/ETH_1560088887593.json
 create mode 100644 S3/RAW_DATA/coinone/2019/06/09/btc_1560088887.json
 create mode 100644 S3/RAW_DATA/coinone/2019/06/09/eth_1560088887.json
 create mode 100644 S3/RAW_DATA/korbit/2019/06/09/btc_krw_1560088886416.json
 create mode 100644 S3/RAW_DATA/korbit/2019/06/09/eth_krw_1560088885419.json
 create mode 100644 log/collect_20190609230133.log
To github.com:zeuslabs/dees2projectteam2.git
   e44b49b..3038650  master -> master
2019-06-09 23:01:42
