         
#########################################################
[[start task]]
2019-06-10 15:49:21
btc : Response Success!
btc : Save Success!
================================
eth : Response Success!
eth : Save Success!
================================
BTC : Response Success!
BTC : Save Success!
================================
ETH : Response Success!
ETH : Save Success!
================================
btc_krw : Response Success!
btc_krw : Save Success!
================================
eth_krw : Response Success!
eth_krw : Save Success!
================================
Save data finished!
         
[[git run]]
2019-06-10 15:49:23
[master b7f386c] auto git push
 8 files changed, 131 insertions(+)
 create mode 100644 S3/RAW_DATA/bithumb/2019/06/10/BTC_1560149362411.json
 create mode 100644 S3/RAW_DATA/bithumb/2019/06/10/ETH_1560149362505.json
 create mode 100644 S3/RAW_DATA/coinone/2019/06/10/btc_1560149362.json
 create mode 100644 S3/RAW_DATA/coinone/2019/06/10/eth_1560149362.json
 create mode 100644 S3/RAW_DATA/korbit/2019/06/10/btc_krw_1560149126416.json
 create mode 100644 S3/RAW_DATA/korbit/2019/06/10/eth_krw_1560149126416.json
 create mode 100644 log/collect_2019061015.log
To github.com:zeuslabs/dees2projectteam2.git
   4ebf144..b7f386c  master -> master
         
[[end task]]
2019-06-10 15:49:29
         
#########################################################
[[start task]]
2019-06-10 15:50:29
btc : Response Success!
btc : Save Success!
================================
eth : Response Success!
eth : Save Success!
================================
BTC : Response Success!
BTC : Save Success!
================================
ETH : Response Success!
ETH : Save Success!
================================
btc_krw : Response Success!
btc_krw : Save Success!
================================
eth_krw : Response Success!
eth_krw : Save Success!
================================
Save data finished!
         
[[git run]]
2019-06-10 15:50:31
[master 7b4f04f] auto git push
 7 files changed, 116 insertions(+), 8 deletions(-)
 create mode 100644 S3/RAW_DATA/bithumb/2019/06/10/BTC_1560149431030.json
 create mode 100644 S3/RAW_DATA/bithumb/2019/06/10/ETH_1560149431140.json
 create mode 100644 S3/RAW_DATA/coinone/2019/06/10/btc_1560149430.json
 create mode 100644 S3/RAW_DATA/coinone/2019/06/10/eth_1560149431.json
To github.com:zeuslabs/dees2projectteam2.git
   b7f386c..7b4f04f  master -> master
         
[[end task]]
2019-06-10 15:50:36
         
#########################################################
[[start task]]
2019-06-10 15:50:42
btc : Response Success!
btc : Save Success!
================================
eth : Response Success!
eth : Save Success!
================================
BTC : Response Success!
BTC : Save Success!
================================
ETH : Response Success!
ETH : Save Success!
================================
btc_krw : Response Success!
btc_krw : Save Success!
================================
eth_krw : Response Success!
eth_krw : Save Success!
================================
Save data finished!
         
[[git run]]
2019-06-10 15:50:44
